<?xml version="1.0" encoding="UTF-8"?>
<coverage generated="1775429623654" clover="3.2.0">
  <project timestamp="1775429623654" name="All files">
    <metrics statements="293" coveredstatements="248" conditionals="173" coveredconditionals="134" methods="96" coveredmethods="85" elements="562" coveredelements="467" complexity="0" loc="293" ncloc="293" packages="6" files="8" classes="8"/>
    <package name="src">
      <metrics statements="12" coveredstatements="1" conditionals="4" coveredconditionals="0" methods="3" coveredmethods="1"/>
      <file name="App.tsx" path="/Users/jesusramirezguerrero/dev/projects/personal/AI4Devs-lab-ides-2603-Sr_II/frontend/src/App.tsx">
        <metrics statements="1" coveredstatements="1" conditionals="0" coveredconditionals="0" methods="1" coveredmethods="1"/>
        <line num="9" count="1" type="stmt"/>
      </file>
      <file name="index.tsx" path="/Users/jesusramirezguerrero/dev/projects/personal/AI4Devs-lab-ides-2603-Sr_II/frontend/src/index.tsx">
        <metrics statements="3" coveredstatements="0" conditionals="0" coveredconditionals="0" methods="0" coveredmethods="0"/>
        <line num="7" count="0" type="stmt"/>
        <line num="10" count="0" type="stmt"/>
        <line num="19" count="0" type="stmt"/>
      </file>
      <file name="reportWebVitals.ts" path="/Users/jesusramirezguerrero/dev/projects/personal/AI4Devs-lab-ides-2603-Sr_II/frontend/src/reportWebVitals.ts">
        <metrics statements="8" coveredstatements="0" conditionals="4" coveredconditionals="0" methods="2" coveredmethods="0"/>
        <line num="3" count="0" type="stmt"/>
        <line num="4" count="0" type="cond" truecount="0" falsecount="4"/>
        <line num="5" count="0" type="stmt"/>
        <line num="6" count="0" type="stmt"/>
        <line num="7" count="0" type="stmt"/>
        <line num="8" count="0" type="stmt"/>
        <line num="9" count="0" type="stmt"/>
        <line num="10" count="0" type="stmt"/>
      </file>
    </package>
    <package name="src.components.AddCandidate">
      <metrics statements="181" coveredstatements="150" conditionals="115" coveredconditionals="85" methods="81" coveredmethods="72"/>
      <file name="AddCandidate.tsx" path="/Users/jesusramirezguerrero/dev/projects/personal/AI4Devs-lab-ides-2603-Sr_II/frontend/src/components/AddCandidate/AddCandidate.tsx">
        <metrics statements="181" coveredstatements="150" conditionals="115" coveredconditionals="85" methods="81" coveredmethods="72"/>
        <line num="21" count="2" type="stmt"/>
        <line num="22" count="2" type="stmt"/>
        <line num="23" count="2" type="stmt"/>
        <line num="24" count="2" type="stmt"/>
        <line num="40" count="192" type="stmt"/>
        <line num="48" count="193" type="stmt"/>
        <line num="55" count="193" type="stmt"/>
        <line num="63" count="193" type="stmt"/>
        <line num="69" count="192" type="stmt"/>
        <line num="76" count="192" type="stmt"/>
        <line num="78" count="192" type="stmt"/>
        <line num="79" count="192" type="stmt"/>
        <line num="82" count="2" type="stmt"/>
        <line num="83" count="9" type="stmt"/>
        <line num="85" count="2" type="stmt"/>
        <line num="86" count="3" type="stmt"/>
        <line num="87" count="3" type="stmt"/>
        <line num="88" count="3" type="stmt"/>
        <line num="89" count="3" type="stmt"/>
        <line num="92" count="3" type="cond" truecount="4" falsecount="0"/>
        <line num="95" count="2" type="stmt"/>
        <line num="98" count="2" type="stmt"/>
        <line num="104" count="2" type="stmt"/>
        <line num="110" count="2" type="stmt"/>
        <line num="120" count="2" type="stmt"/>
        <line num="121" count="2883" type="stmt"/>
        <line num="123" count="2883" type="cond" truecount="2" falsecount="0"/>
        <line num="126" count="2" type="stmt"/>
        <line num="127" count="1924" type="stmt"/>
        <line num="135" count="2" type="stmt"/>
        <line num="136" count="1" type="cond" truecount="1" falsecount="1"/>
        <line num="137" count="1" type="stmt"/>
        <line num="138" count="1" type="stmt"/>
        <line num="142" count="1" type="cond" truecount="1" falsecount="5"/>
        <line num="144" count="0" type="cond" truecount="0" falsecount="2"/>
        <line num="146" count="1" type="stmt"/>
        <line num="148" count="0" type="stmt"/>
        <line num="150" count="0" type="stmt"/>
        <line num="152" count="0" type="stmt"/>
        <line num="154" count="0" type="stmt"/>
        <line num="162" count="0" type="cond" truecount="0" falsecount="2"/>
        <line num="163" count="0" type="stmt"/>
        <line num="166" count="0" type="stmt"/>
        <line num="169" count="2" type="stmt"/>
        <line num="170" count="191" type="stmt"/>
        <line num="171" count="191" type="stmt"/>
        <line num="173" count="191" type="stmt"/>
        <line num="174" count="191" type="stmt"/>
        <line num="175" count="191" type="stmt"/>
        <line num="176" count="191" type="stmt"/>
        <line num="177" count="191" type="stmt"/>
        <line num="178" count="191" type="stmt"/>
        <line num="179" count="191" type="stmt"/>
        <line num="181" count="191" type="stmt"/>
        <line num="183" count="3" type="stmt"/>
        <line num="185" count="3" type="stmt"/>
        <line num="190" count="191" type="stmt"/>
        <line num="191" count="52" type="stmt"/>
        <line num="199" count="52" type="stmt"/>
        <line num="208" count="191" type="stmt"/>
        <line num="209" count="1" type="stmt"/>
        <line num="210" count="1" type="cond" truecount="1" falsecount="1"/>
        <line num="211" count="0" type="stmt"/>
        <line num="214" count="1" type="stmt"/>
        <line num="220" count="1" type="stmt"/>
        <line num="225" count="1" type="stmt"/>
        <line num="228" count="191" type="stmt"/>
        <line num="229" count="1" type="stmt"/>
        <line num="230" count="1" type="cond" truecount="1" falsecount="1"/>
        <line num="231" count="0" type="stmt"/>
        <line num="234" count="1" type="stmt"/>
        <line num="236" count="2" type="stmt"/>
        <line num="240" count="1" type="stmt"/>
        <line num="243" count="2" type="stmt"/>
        <line num="247" count="1" type="stmt"/>
        <line num="250" count="191" type="stmt"/>
        <line num="251" count="36" type="stmt"/>
        <line num="254" count="36" type="cond" truecount="1" falsecount="1"/>
        <line num="255" count="0" type="stmt"/>
        <line num="258" count="36" type="stmt"/>
        <line num="265" count="36" type="stmt"/>
        <line num="268" count="36" type="cond" truecount="1" falsecount="1"/>
        <line num="269" count="0" type="stmt"/>
        <line num="272" count="36" type="stmt"/>
        <line num="280" count="191" type="stmt"/>
        <line num="281" count="1" type="stmt"/>
        <line num="282" count="1" type="cond" truecount="1" falsecount="1"/>
        <line num="283" count="0" type="stmt"/>
        <line num="286" count="1" type="stmt"/>
        <line num="292" count="1" type="stmt"/>
        <line num="297" count="1" type="stmt"/>
        <line num="300" count="191" type="stmt"/>
        <line num="301" count="1" type="stmt"/>
        <line num="302" count="1" type="cond" truecount="1" falsecount="1"/>
        <line num="303" count="0" type="stmt"/>
        <line num="306" count="1" type="stmt"/>
        <line num="309" count="2" type="stmt"/>
        <line num="314" count="1" type="stmt"/>
        <line num="317" count="2" type="stmt"/>
        <line num="321" count="1" type="stmt"/>
        <line num="324" count="191" type="stmt"/>
        <line num="329" count="86" type="stmt"/>
        <line num="332" count="86" type="cond" truecount="1" falsecount="1"/>
        <line num="333" count="0" type="stmt"/>
        <line num="336" count="86" type="stmt"/>
        <line num="343" count="86" type="stmt"/>
        <line num="346" count="86" type="cond" truecount="1" falsecount="1"/>
        <line num="347" count="0" type="stmt"/>
        <line num="350" count="86" type="stmt"/>
        <line num="358" count="191" type="stmt"/>
        <line num="359" count="0" type="stmt"/>
        <line num="360" count="0" type="stmt"/>
        <line num="365" count="0" type="stmt"/>
        <line num="371" count="191" type="stmt"/>
        <line num="372" count="2" type="cond" truecount="1" falsecount="1"/>
        <line num="374" count="2" type="cond" truecount="1" falsecount="1"/>
        <line num="375" count="0" type="stmt"/>
        <line num="376" count="0" type="stmt"/>
        <line num="379" count="2" type="cond" truecount="2" falsecount="0"/>
        <line num="380" count="1" type="stmt"/>
        <line num="381" count="1" type="stmt"/>
        <line num="382" count="1" type="stmt"/>
        <line num="386" count="1" type="stmt"/>
        <line num="387" count="1" type="stmt"/>
        <line num="391" count="1" type="stmt"/>
        <line num="394" count="1" type="cond" truecount="1" falsecount="1"/>
        <line num="395" count="0" type="stmt"/>
        <line num="396" count="0" type="stmt"/>
        <line num="397" count="0" type="stmt"/>
        <line num="401" count="0" type="stmt"/>
        <line num="402" count="0" type="stmt"/>
        <line num="406" count="0" type="stmt"/>
        <line num="409" count="1" type="stmt"/>
        <line num="410" count="1" type="stmt"/>
        <line num="415" count="1" type="stmt"/>
        <line num="425" count="191" type="stmt"/>
        <line num="426" count="3" type="stmt"/>
        <line num="428" count="3" type="stmt"/>
        <line num="429" count="3" type="stmt"/>
        <line num="431" count="3" type="stmt"/>
        <line num="432" count="3" type="stmt"/>
        <line num="434" count="3" type="cond" truecount="2" falsecount="0"/>
        <line num="435" count="1" type="stmt"/>
        <line num="436" count="1" type="stmt"/>
        <line num="439" count="2" type="stmt"/>
        <line num="441" count="2" type="stmt"/>
        <line num="444" count="2" type="cond" truecount="2" falsecount="0"/>
        <line num="445" count="1" type="stmt"/>
        <line num="446" count="1" type="stmt"/>
        <line num="449" count="2" type="stmt"/>
        <line num="450" count="2" type="stmt"/>
        <line num="452" count="1" type="stmt"/>
        <line num="453" count="1" type="stmt"/>
        <line num="455" count="1" type="stmt"/>
        <line num="456" count="1" type="stmt"/>
        <line num="457" count="1" type="stmt"/>
        <line num="458" count="1" type="stmt"/>
        <line num="459" count="1" type="stmt"/>
        <line num="460" count="1" type="stmt"/>
        <line num="462" count="1" type="stmt"/>
        <line num="464" count="2" type="stmt"/>
        <line num="468" count="191" type="stmt"/>
        <line num="470" count="191" type="stmt"/>
        <line num="509" count="6" type="stmt"/>
        <line num="529" count="16" type="stmt"/>
        <line num="549" count="30" type="stmt"/>
        <line num="569" count="0" type="stmt"/>
        <line num="588" count="0" type="stmt"/>
        <line num="605" count="193" type="stmt"/>
        <line num="615" count="12" type="stmt"/>
        <line num="641" count="22" type="stmt"/>
        <line num="663" count="2" type="stmt"/>
        <line num="689" count="0" type="stmt"/>
        <line num="711" count="1" type="stmt"/>
        <line num="734" count="193" type="stmt"/>
        <line num="742" count="36" type="stmt"/>
        <line num="762" count="16" type="stmt"/>
        <line num="785" count="32" type="stmt"/>
        <line num="811" count="2" type="stmt"/>
        <line num="833" count="0" type="stmt"/>
        <line num="849" count="1" type="stmt"/>
      </file>
    </package>
    <package name="src.components.Dashboard">
      <metrics statements="4" coveredstatements="4" conditionals="2" coveredconditionals="1" methods="1" coveredmethods="1"/>
      <file name="DashboardHome.tsx" path="/Users/jesusramirezguerrero/dev/projects/personal/AI4Devs-lab-ides-2603-Sr_II/frontend/src/components/Dashboard/DashboardHome.tsx">
        <metrics statements="4" coveredstatements="4" conditionals="2" coveredconditionals="1" methods="1" coveredmethods="1"/>
        <line num="9" count="1" type="stmt"/>
        <line num="10" count="1" type="stmt"/>
        <line num="11" count="1" type="stmt"/>
        <line num="13" count="1" type="stmt"/>
      </file>
    </package>
    <package name="src.services">
      <metrics statements="9" coveredstatements="9" conditionals="2" coveredconditionals="1" methods="2" coveredmethods="2"/>
      <file name="candidateService.ts" path="/Users/jesusramirezguerrero/dev/projects/personal/AI4Devs-lab-ides-2603-Sr_II/frontend/src/services/candidateService.ts">
        <metrics statements="9" coveredstatements="9" conditionals="2" coveredconditionals="1" methods="2" coveredmethods="2"/>
        <line num="5" count="4" type="stmt"/>
        <line num="10" count="4" type="stmt"/>
        <line num="11" count="1" type="stmt"/>
        <line num="12" count="1" type="stmt"/>
        <line num="14" count="1" type="stmt"/>
        <line num="20" count="1" type="stmt"/>
        <line num="23" count="4" type="stmt"/>
        <line num="24" count="1" type="stmt"/>
        <line num="25" count="1" type="stmt"/>
      </file>
    </package>
    <package name="src.types">
      <metrics statements="0" coveredstatements="0" conditionals="0" coveredconditionals="0" methods="0" coveredmethods="0"/>
      <file name="candidate.types.ts" path="/Users/jesusramirezguerrero/dev/projects/personal/AI4Devs-lab-ides-2603-Sr_II/frontend/src/types/candidate.types.ts">
        <metrics statements="0" coveredstatements="0" conditionals="0" coveredconditionals="0" methods="0" coveredmethods="0"/>
      </file>
    </package>
    <package name="src.utils">
      <metrics statements="87" coveredstatements="84" conditionals="50" coveredconditionals="47" methods="9" coveredmethods="9"/>
      <file name="validationUtils.ts" path="/Users/jesusramirezguerrero/dev/projects/personal/AI4Devs-lab-ides-2603-Sr_II/frontend/src/utils/validationUtils.ts">
        <metrics statements="87" coveredstatements="84" conditionals="50" coveredconditionals="47" methods="9" coveredmethods="9"/>
        <line num="8" count="3" type="stmt"/>
        <line num="9" count="3" type="stmt"/>
        <line num="11" count="3" type="stmt"/>
        <line num="16" count="37" type="stmt"/>
        <line num="18" count="37" type="cond" truecount="2" falsecount="0"/>
        <line num="19" count="16" type="stmt"/>
        <line num="25" count="21" type="cond" truecount="1" falsecount="1"/>
        <line num="26" count="0" type="stmt"/>
        <line num="32" count="21" type="stmt"/>
        <line num="35" count="3" type="stmt"/>
        <line num="36" count="5" type="stmt"/>
        <line num="38" count="3" type="stmt"/>
        <line num="39" count="5" type="stmt"/>
        <line num="41" count="3" type="stmt"/>
        <line num="42" count="7" type="stmt"/>
        <line num="44" count="7" type="cond" truecount="2" falsecount="0"/>
        <line num="45" count="2" type="stmt"/>
        <line num="48" count="5" type="cond" truecount="2" falsecount="0"/>
        <line num="49" count="1" type="stmt"/>
        <line num="55" count="4" type="stmt"/>
        <line num="58" count="3" type="stmt"/>
        <line num="59" count="7" type="stmt"/>
        <line num="61" count="7" type="cond" truecount="2" falsecount="0"/>
        <line num="62" count="4" type="stmt"/>
        <line num="65" count="3" type="cond" truecount="2" falsecount="0"/>
        <line num="66" count="1" type="stmt"/>
        <line num="72" count="2" type="stmt"/>
        <line num="75" count="3" type="stmt"/>
        <line num="79" count="11" type="cond" truecount="2" falsecount="0"/>
        <line num="80" count="4" type="stmt"/>
        <line num="86" count="7" type="cond" truecount="2" falsecount="0"/>
        <line num="87" count="4" type="stmt"/>
        <line num="90" count="3" type="stmt"/>
        <line num="91" count="3" type="stmt"/>
        <line num="93" count="3" type="cond" truecount="3" falsecount="1"/>
        <line num="94" count="0" type="stmt"/>
        <line num="100" count="3" type="cond" truecount="2" falsecount="0"/>
        <line num="101" count="2" type="stmt"/>
        <line num="107" count="1" type="stmt"/>
        <line num="110" count="3" type="stmt"/>
        <line num="113" count="5" type="stmt"/>
        <line num="115" count="5" type="stmt"/>
        <line num="116" count="5" type="cond" truecount="2" falsecount="0"/>
        <line num="117" count="2" type="stmt"/>
        <line num="120" count="5" type="stmt"/>
        <line num="121" count="5" type="cond" truecount="2" falsecount="0"/>
        <line num="122" count="2" type="stmt"/>
        <line num="125" count="5" type="stmt"/>
        <line num="126" count="5" type="cond" truecount="2" falsecount="0"/>
        <line num="127" count="2" type="stmt"/>
        <line num="130" count="5" type="stmt"/>
        <line num="131" count="5" type="cond" truecount="2" falsecount="0"/>
        <line num="132" count="1" type="stmt"/>
        <line num="135" count="5" type="cond" truecount="2" falsecount="0"/>
        <line num="136" count="1" type="stmt"/>
        <line num="139" count="5" type="stmt"/>
        <line num="142" count="3" type="stmt"/>
        <line num="145" count="4" type="stmt"/>
        <line num="147" count="4" type="stmt"/>
        <line num="148" count="4" type="cond" truecount="2" falsecount="0"/>
        <line num="149" count="2" type="stmt"/>
        <line num="152" count="4" type="stmt"/>
        <line num="153" count="4" type="cond" truecount="2" falsecount="0"/>
        <line num="154" count="2" type="stmt"/>
        <line num="157" count="4" type="stmt"/>
        <line num="158" count="4" type="cond" truecount="2" falsecount="0"/>
        <line num="159" count="2" type="cond" truecount="1" falsecount="1"/>
        <line num="160" count="2" type="stmt"/>
        <line num="162" count="0" type="stmt"/>
        <line num="166" count="4" type="stmt"/>
        <line num="169" count="3" type="stmt"/>
        <line num="172" count="4" type="stmt"/>
        <line num="174" count="4" type="stmt"/>
        <line num="175" count="4" type="cond" truecount="2" falsecount="0"/>
        <line num="176" count="2" type="stmt"/>
        <line num="179" count="4" type="stmt"/>
        <line num="180" count="4" type="cond" truecount="2" falsecount="0"/>
        <line num="181" count="2" type="stmt"/>
        <line num="184" count="4" type="stmt"/>
        <line num="189" count="4" type="cond" truecount="2" falsecount="0"/>
        <line num="190" count="2" type="stmt"/>
        <line num="193" count="4" type="stmt"/>
        <line num="194" count="4" type="cond" truecount="2" falsecount="0"/>
        <line num="195" count="2" type="cond" truecount="2" falsecount="0"/>
        <line num="196" count="1" type="stmt"/>
        <line num="198" count="1" type="stmt"/>
        <line num="202" count="4" type="stmt"/>
      </file>
    </package>
  </project>
</coverage>
