{"/Users/jesusramirezguerrero/dev/projects/personal/AI4Devs-lab-ides-2603-Sr_II/frontend/src/App.tsx": {"path":"/Users/jesusramirezguerrero/dev/projects/personal/AI4Devs-lab-ides-2603-Sr_II/frontend/src/App.tsx","statementMap":{"0":{"start":{"line":9,"column":2},"end":{"line":19,"column":4}}},"fnMap":{"0":{"name":"App","decl":{"start":{"line":8,"column":9},"end":{"line":8,"column":12}},"loc":{"start":{"line":8,"column":15},"end":{"line":20,"column":1}},"line":8}},"branchMap":{},"s":{"0":1},"f":{"0":1},"b":{},"_coverageSchema":"1a1c01bbd47fc00a2c39e90264f33305004495a9","hash":"c8fe6961a71a20c65c67e83be1fddd049bbe743e"}
,"/Users/jesusramirezguerrero/dev/projects/personal/AI4Devs-lab-ides-2603-Sr_II/frontend/src/index.tsx": {"path":"/Users/jesusramirezguerrero/dev/projects/personal/AI4Devs-lab-ides-2603-Sr_II/frontend/src/index.tsx","statementMap":{"0":{"start":{"line":7,"column":13},"end":{"line":9,"column":1}},"1":{"start":{"line":10,"column":0},"end":{"line":14,"column":2}},"2":{"start":{"line":19,"column":0},"end":{"line":19,"column":18}}},"fnMap":{},"branchMap":{},"s":{"0":0,"1":0,"2":0},"f":{},"b":{}}
,"/Users/jesusramirezguerrero/dev/projects/personal/AI4Devs-lab-ides-2603-Sr_II/frontend/src/reportWebVitals.ts": {"path":"/Users/jesusramirezguerrero/dev/projects/personal/AI4Devs-lab-ides-2603-Sr_II/frontend/src/reportWebVitals.ts","statementMap":{"0":{"start":{"line":3,"column":24},"end":{"line":13,"column":1}},"1":{"start":{"line":4,"column":2},"end":{"line":12,"column":3}},"2":{"start":{"line":5,"column":4},"end":{"line":11,"column":7}},"3":{"start":{"line":6,"column":6},"end":{"line":6,"column":26}},"4":{"start":{"line":7,"column":6},"end":{"line":7,"column":26}},"5":{"start":{"line":8,"column":6},"end":{"line":8,"column":26}},"6":{"start":{"line":9,"column":6},"end":{"line":9,"column":26}},"7":{"start":{"line":10,"column":6},"end":{"line":10,"column":27}}},"fnMap":{"0":{"name":"(anonymous_0)","decl":{"start":{"line":3,"column":24},"end":{"line":3,"column":25}},"loc":{"start":{"line":3,"column":57},"end":{"line":13,"column":1}},"line":3},"1":{"name":"(anonymous_1)","decl":{"start":{"line":5,"column":30},"end":{"line":5,"column":31}},"loc":{"start":{"line":5,"column":79},"end":{"line":11,"column":5}},"line":5}},"branchMap":{"0":{"loc":{"start":{"line":4,"column":2},"end":{"line":12,"column":3}},"type":"if","locations":[{"start":{"line":4,"column":2},"end":{"line":12,"column":3}},{"start":{},"end":{}}],"line":4},"1":{"loc":{"start":{"line":4,"column":6},"end":{"line":4,"column":52}},"type":"binary-expr","locations":[{"start":{"line":4,"column":6},"end":{"line":4,"column":17}},{"start":{"line":4,"column":21},"end":{"line":4,"column":52}}],"line":4}},"s":{"0":0,"1":0,"2":0,"3":0,"4":0,"5":0,"6":0,"7":0},"f":{"0":0,"1":0},"b":{"0":[0,0],"1":[0,0]}}
,"/Users/jesusramirezguerrero/dev/projects/personal/AI4Devs-lab-ides-2603-Sr_II/frontend/src/components/AddCandidate/AddCandidate.tsx": {"path":"/Users/jesusramirezguerrero/dev/projects/personal/AI4Devs-lab-ides-2603-Sr_II/frontend/src/components/AddCandidate/AddCandidate.tsx","statementMap":{"0":{"start":{"line":21,"column":17},"end":{"line":21,"column":19}},"1":{"start":{"line":22,"column":25},"end":{"line":22,"column":27}},"2":{"start":{"line":23,"column":28},"end":{"line":23,"column":58}},"3":{"start":{"line":24,"column":27},"end":{"line":27,"column":1}},"4":{"start":{"line":40,"column":32},"end":{"line":46,"column":2}},"5":{"start":{"line":40,"column":53},"end":{"line":46,"column":1}},"6":{"start":{"line":48,"column":29},"end":{"line":53,"column":2}},"7":{"start":{"line":48,"column":47},"end":{"line":53,"column":1}},"8":{"start":{"line":55,"column":34},"end":{"line":61,"column":2}},"9":{"start":{"line":55,"column":57},"end":{"line":61,"column":1}},"10":{"start":{"line":63,"column":26},"end":{"line":67,"column":2}},"11":{"start":{"line":63,"column":41},"end":{"line":67,"column":1}},"12":{"start":{"line":69,"column":30},"end":{"line":74,"column":2}},"13":{"start":{"line":69,"column":56},"end":{"line":74,"column":1}},"14":{"start":{"line":76,"column":28},"end":{"line":80,"column":2}},"15":{"start":{"line":76,"column":83},"end":{"line":80,"column":1}},"16":{"start":{"line":78,"column":45},"end":{"line":78,"column":47}},"17":{"start":{"line":79,"column":55},"end":{"line":79,"column":57}},"18":{"start":{"line":82,"column":25},"end":{"line":83,"column":42}},"19":{"start":{"line":83,"column":2},"end":{"line":83,"column":42}},"20":{"start":{"line":85,"column":22},"end":{"line":93,"column":1}},"21":{"start":{"line":86,"column":32},"end":{"line":86,"column":69}},"22":{"start":{"line":87,"column":29},"end":{"line":87,"column":99}},"23":{"start":{"line":87,"column":69},"end":{"line":87,"column":98}},"24":{"start":{"line":88,"column":34},"end":{"line":90,"column":3}},"25":{"start":{"line":89,"column":4},"end":{"line":89,"column":33}},"26":{"start":{"line":92,"column":2},"end":{"line":92,"column":106}},"27":{"start":{"line":95,"column":30},"end":{"line":118,"column":2}},"28":{"start":{"line":98,"column":30},"end":{"line":118,"column":1}},"29":{"start":{"line":104,"column":54},"end":{"line":109,"column":3}},"30":{"start":{"line":110,"column":69},"end":{"line":116,"column":3}},"31":{"start":{"line":120,"column":23},"end":{"line":124,"column":1}},"32":{"start":{"line":121,"column":19},"end":{"line":121,"column":38}},"33":{"start":{"line":123,"column":2},"end":{"line":123,"column":62}},"34":{"start":{"line":126,"column":28},"end":{"line":133,"column":1}},"35":{"start":{"line":127,"column":2},"end":{"line":132,"column":5}},"36":{"start":{"line":135,"column":27},"end":{"line":167,"column":1}},"37":{"start":{"line":136,"column":2},"end":{"line":160,"column":3}},"38":{"start":{"line":137,"column":23},"end":{"line":137,"column":45}},"39":{"start":{"line":138,"column":25},"end":{"line":140,"column":17}},"40":{"start":{"line":142,"column":4},"end":{"line":159,"column":5}},"41":{"start":{"line":144,"column":8},"end":{"line":144,"column":101}},"42":{"start":{"line":146,"column":8},"end":{"line":146,"column":61}},"43":{"start":{"line":148,"column":8},"end":{"line":148,"column":77}},"44":{"start":{"line":150,"column":8},"end":{"line":150,"column":61}},"45":{"start":{"line":152,"column":8},"end":{"line":152,"column":84}},"46":{"start":{"line":154,"column":8},"end":{"line":158,"column":10}},"47":{"start":{"line":162,"column":2},"end":{"line":164,"column":3}},"48":{"start":{"line":163,"column":4},"end":{"line":163,"column":25}},"49":{"start":{"line":166,"column":2},"end":{"line":166,"column":70}},"50":{"start":{"line":169,"column":31},"end":{"line":916,"column":1}},"51":{"start":{"line":170,"column":19},"end":{"line":170,"column":32}},"52":{"start":{"line":171,"column":26},"end":{"line":171,"column":49}},"53":{"start":{"line":173,"column":34},"end":{"line":173,"column":78}},"54":{"start":{"line":174,"column":38},"end":{"line":174,"column":105}},"55":{"start":{"line":175,"column":36},"end":{"line":175,"column":56}},"56":{"start":{"line":176,"column":48},"end":{"line":176,"column":68}},"57":{"start":{"line":177,"column":52},"end":{"line":177,"column":72}},"58":{"start":{"line":178,"column":42},"end":{"line":178,"column":66}},"59":{"start":{"line":179,"column":50},"end":{"line":179,"column":70}},"60":{"start":{"line":181,"column":23},"end":{"line":188,"column":4}},"61":{"start":{"line":181,"column":85},"end":{"line":188,"column":3}},"62":{"start":{"line":183,"column":62},"end":{"line":183,"column":93}},"63":{"start":{"line":185,"column":6},"end":{"line":185,"column":47}},"64":{"start":{"line":190,"column":29},"end":{"line":206,"column":3}},"65":{"start":{"line":191,"column":4},"end":{"line":197,"column":8}},"66":{"start":{"line":191,"column":31},"end":{"line":197,"column":5}},"67":{"start":{"line":199,"column":4},"end":{"line":205,"column":8}},"68":{"start":{"line":199,"column":33},"end":{"line":205,"column":5}},"69":{"start":{"line":208,"column":23},"end":{"line":226,"column":3}},"70":{"start":{"line":209,"column":4},"end":{"line":218,"column":7}},"71":{"start":{"line":210,"column":6},"end":{"line":212,"column":7}},"72":{"start":{"line":211,"column":8},"end":{"line":211,"column":24}},"73":{"start":{"line":214,"column":6},"end":{"line":217,"column":8}},"74":{"start":{"line":220,"column":4},"end":{"line":223,"column":8}},"75":{"start":{"line":220,"column":33},"end":{"line":223,"column":5}},"76":{"start":{"line":225,"column":4},"end":{"line":225,"column":48}},"77":{"start":{"line":228,"column":26},"end":{"line":248,"column":3}},"78":{"start":{"line":229,"column":4},"end":{"line":238,"column":7}},"79":{"start":{"line":230,"column":6},"end":{"line":232,"column":7}},"80":{"start":{"line":231,"column":8},"end":{"line":231,"column":24}},"81":{"start":{"line":234,"column":6},"end":{"line":237,"column":8}},"82":{"start":{"line":236,"column":68},"end":{"line":236,"column":90}},"83":{"start":{"line":240,"column":4},"end":{"line":245,"column":8}},"84":{"start":{"line":240,"column":33},"end":{"line":245,"column":5}},"85":{"start":{"line":243,"column":58},"end":{"line":243,"column":80}},"86":{"start":{"line":247,"column":4},"end":{"line":247,"column":63}},"87":{"start":{"line":250,"column":26},"end":{"line":278,"column":3}},"88":{"start":{"line":251,"column":4},"end":{"line":263,"column":8}},"89":{"start":{"line":251,"column":31},"end":{"line":263,"column":5}},"90":{"start":{"line":254,"column":8},"end":{"line":256,"column":9}},"91":{"start":{"line":255,"column":10},"end":{"line":255,"column":27}},"92":{"start":{"line":258,"column":8},"end":{"line":261,"column":10}},"93":{"start":{"line":265,"column":4},"end":{"line":277,"column":8}},"94":{"start":{"line":265,"column":33},"end":{"line":277,"column":5}},"95":{"start":{"line":268,"column":8},"end":{"line":270,"column":9}},"96":{"start":{"line":269,"column":10},"end":{"line":269,"column":32}},"97":{"start":{"line":272,"column":8},"end":{"line":275,"column":10}},"98":{"start":{"line":280,"column":24},"end":{"line":298,"column":3}},"99":{"start":{"line":281,"column":4},"end":{"line":290,"column":7}},"100":{"start":{"line":282,"column":6},"end":{"line":284,"column":7}},"101":{"start":{"line":283,"column":8},"end":{"line":283,"column":24}},"102":{"start":{"line":286,"column":6},"end":{"line":289,"column":8}},"103":{"start":{"line":292,"column":4},"end":{"line":295,"column":8}},"104":{"start":{"line":292,"column":33},"end":{"line":295,"column":5}},"105":{"start":{"line":297,"column":4},"end":{"line":297,"column":54}},"106":{"start":{"line":300,"column":27},"end":{"line":322,"column":3}},"107":{"start":{"line":301,"column":4},"end":{"line":312,"column":7}},"108":{"start":{"line":302,"column":6},"end":{"line":304,"column":7}},"109":{"start":{"line":303,"column":8},"end":{"line":303,"column":24}},"110":{"start":{"line":306,"column":6},"end":{"line":311,"column":8}},"111":{"start":{"line":309,"column":31},"end":{"line":309,"column":53}},"112":{"start":{"line":314,"column":4},"end":{"line":319,"column":8}},"113":{"start":{"line":314,"column":33},"end":{"line":319,"column":5}},"114":{"start":{"line":317,"column":63},"end":{"line":317,"column":85}},"115":{"start":{"line":321,"column":4},"end":{"line":321,"column":69}},"116":{"start":{"line":324,"column":27},"end":{"line":356,"column":3}},"117":{"start":{"line":329,"column":4},"end":{"line":341,"column":8}},"118":{"start":{"line":329,"column":31},"end":{"line":341,"column":5}},"119":{"start":{"line":332,"column":8},"end":{"line":334,"column":9}},"120":{"start":{"line":333,"column":10},"end":{"line":333,"column":32}},"121":{"start":{"line":336,"column":8},"end":{"line":339,"column":10}},"122":{"start":{"line":343,"column":4},"end":{"line":355,"column":8}},"123":{"start":{"line":343,"column":33},"end":{"line":355,"column":5}},"124":{"start":{"line":346,"column":8},"end":{"line":348,"column":9}},"125":{"start":{"line":347,"column":10},"end":{"line":347,"column":37}},"126":{"start":{"line":350,"column":8},"end":{"line":353,"column":10}},"127":{"start":{"line":358,"column":20},"end":{"line":369,"column":3}},"128":{"start":{"line":359,"column":4},"end":{"line":359,"column":21}},"129":{"start":{"line":360,"column":4},"end":{"line":363,"column":8}},"130":{"start":{"line":360,"column":33},"end":{"line":363,"column":5}},"131":{"start":{"line":365,"column":4},"end":{"line":368,"column":8}},"132":{"start":{"line":365,"column":31},"end":{"line":368,"column":5}},"133":{"start":{"line":371,"column":27},"end":{"line":423,"column":3}},"134":{"start":{"line":372,"column":25},"end":{"line":372,"column":56}},"135":{"start":{"line":374,"column":4},"end":{"line":377,"column":5}},"136":{"start":{"line":375,"column":6},"end":{"line":375,"column":18}},"137":{"start":{"line":376,"column":6},"end":{"line":376,"column":13}},"138":{"start":{"line":379,"column":4},"end":{"line":392,"column":5}},"139":{"start":{"line":380,"column":28},"end":{"line":380,"column":86}},"140":{"start":{"line":381,"column":6},"end":{"line":381,"column":34}},"141":{"start":{"line":382,"column":6},"end":{"line":385,"column":10}},"142":{"start":{"line":382,"column":35},"end":{"line":385,"column":7}},"143":{"start":{"line":386,"column":6},"end":{"line":386,"column":30}},"144":{"start":{"line":387,"column":6},"end":{"line":390,"column":10}},"145":{"start":{"line":387,"column":33},"end":{"line":390,"column":7}},"146":{"start":{"line":391,"column":6},"end":{"line":391,"column":13}},"147":{"start":{"line":394,"column":4},"end":{"line":407,"column":5}},"148":{"start":{"line":395,"column":28},"end":{"line":395,"column":96}},"149":{"start":{"line":396,"column":6},"end":{"line":396,"column":34}},"150":{"start":{"line":397,"column":6},"end":{"line":400,"column":10}},"151":{"start":{"line":397,"column":35},"end":{"line":400,"column":7}},"152":{"start":{"line":401,"column":6},"end":{"line":401,"column":30}},"153":{"start":{"line":402,"column":6},"end":{"line":405,"column":10}},"154":{"start":{"line":402,"column":33},"end":{"line":405,"column":7}},"155":{"start":{"line":406,"column":6},"end":{"line":406,"column":13}},"156":{"start":{"line":409,"column":4},"end":{"line":409,"column":21}},"157":{"start":{"line":410,"column":4},"end":{"line":413,"column":8}},"158":{"start":{"line":410,"column":33},"end":{"line":413,"column":5}},"159":{"start":{"line":415,"column":4},"end":{"line":422,"column":8}},"160":{"start":{"line":415,"column":31},"end":{"line":422,"column":5}},"161":{"start":{"line":425,"column":23},"end":{"line":466,"column":3}},"162":{"start":{"line":426,"column":4},"end":{"line":426,"column":27}},"163":{"start":{"line":428,"column":4},"end":{"line":428,"column":27}},"164":{"start":{"line":429,"column":4},"end":{"line":429,"column":29}},"165":{"start":{"line":431,"column":29},"end":{"line":431,"column":51}},"166":{"start":{"line":432,"column":4},"end":{"line":432,"column":36}},"167":{"start":{"line":434,"column":4},"end":{"line":437,"column":5}},"168":{"start":{"line":435,"column":6},"end":{"line":435,"column":85}},"169":{"start":{"line":436,"column":6},"end":{"line":436,"column":13}},"170":{"start":{"line":439,"column":4},"end":{"line":439,"column":26}},"171":{"start":{"line":441,"column":4},"end":{"line":465,"column":5}},"172":{"start":{"line":444,"column":6},"end":{"line":447,"column":7}},"173":{"start":{"line":445,"column":31},"end":{"line":445,"column":67}},"174":{"start":{"line":446,"column":8},"end":{"line":446,"column":53}},"175":{"start":{"line":449,"column":22},"end":{"line":449,"column":73}},"176":{"start":{"line":450,"column":6},"end":{"line":450,"column":37}},"177":{"start":{"line":452,"column":29},"end":{"line":452,"column":64}},"178":{"start":{"line":453,"column":30},"end":{"line":453,"column":53}},"179":{"start":{"line":455,"column":6},"end":{"line":455,"column":35}},"180":{"start":{"line":456,"column":6},"end":{"line":456,"column":58}},"181":{"start":{"line":457,"column":6},"end":{"line":457,"column":23}},"182":{"start":{"line":458,"column":6},"end":{"line":458,"column":43}},"183":{"start":{"line":459,"column":6},"end":{"line":459,"column":89}},"184":{"start":{"line":460,"column":6},"end":{"line":460,"column":51}},"185":{"start":{"line":462,"column":6},"end":{"line":462,"column":52}},"186":{"start":{"line":464,"column":6},"end":{"line":464,"column":29}},"187":{"start":{"line":468,"column":26},"end":{"line":468,"column":95}},"188":{"start":{"line":468,"column":53},"end":{"line":468,"column":95}},"189":{"start":{"line":470,"column":2},"end":{"line":915,"column":4}},"190":{"start":{"line":509,"column":39},"end":{"line":509,"column":90}},"191":{"start":{"line":529,"column":39},"end":{"line":529,"column":89}},"192":{"start":{"line":549,"column":39},"end":{"line":549,"column":86}},"193":{"start":{"line":569,"column":39},"end":{"line":569,"column":86}},"194":{"start":{"line":588,"column":39},"end":{"line":588,"column":88}},"195":{"start":{"line":605,"column":12},"end":{"line":717,"column":18}},"196":{"start":{"line":615,"column":41},"end":{"line":615,"column":98}},"197":{"start":{"line":641,"column":41},"end":{"line":641,"column":92}},"198":{"start":{"line":663,"column":41},"end":{"line":663,"column":96}},"199":{"start":{"line":689,"column":41},"end":{"line":689,"column":94}},"200":{"start":{"line":711,"column":33},"end":{"line":711,"column":55}},"201":{"start":{"line":734,"column":12},"end":{"line":855,"column":18}},"202":{"start":{"line":742,"column":41},"end":{"line":742,"column":95}},"203":{"start":{"line":762,"column":41},"end":{"line":762,"column":96}},"204":{"start":{"line":785,"column":41},"end":{"line":785,"column":99}},"205":{"start":{"line":811,"column":41},"end":{"line":811,"column":97}},"206":{"start":{"line":833,"column":41},"end":{"line":833,"column":95}},"207":{"start":{"line":849,"column":33},"end":{"line":849,"column":56}}},"fnMap":{"0":{"name":"(anonymous_0)","decl":{"start":{"line":40,"column":32},"end":{"line":40,"column":33}},"loc":{"start":{"line":40,"column":53},"end":{"line":46,"column":1}},"line":40},"1":{"name":"(anonymous_1)","decl":{"start":{"line":48,"column":29},"end":{"line":48,"column":30}},"loc":{"start":{"line":48,"column":47},"end":{"line":53,"column":1}},"line":48},"2":{"name":"(anonymous_2)","decl":{"start":{"line":55,"column":34},"end":{"line":55,"column":35}},"loc":{"start":{"line":55,"column":57},"end":{"line":61,"column":1}},"line":55},"3":{"name":"(anonymous_3)","decl":{"start":{"line":63,"column":26},"end":{"line":63,"column":27}},"loc":{"start":{"line":63,"column":41},"end":{"line":67,"column":1}},"line":63},"4":{"name":"(anonymous_4)","decl":{"start":{"line":69,"column":30},"end":{"line":69,"column":31}},"loc":{"start":{"line":69,"column":56},"end":{"line":74,"column":1}},"line":69},"5":{"name":"(anonymous_5)","decl":{"start":{"line":76,"column":28},"end":{"line":76,"column":29}},"loc":{"start":{"line":76,"column":83},"end":{"line":80,"column":1}},"line":76},"6":{"name":"(anonymous_6)","decl":{"start":{"line":78,"column":38},"end":{"line":78,"column":39}},"loc":{"start":{"line":78,"column":45},"end":{"line":78,"column":47}},"line":78},"7":{"name":"(anonymous_7)","decl":{"start":{"line":79,"column":48},"end":{"line":79,"column":49}},"loc":{"start":{"line":79,"column":55},"end":{"line":79,"column":57}},"line":79},"8":{"name":"(anonymous_8)","decl":{"start":{"line":82,"column":25},"end":{"line":82,"column":26}},"loc":{"start":{"line":83,"column":2},"end":{"line":83,"column":42}},"line":83},"9":{"name":"(anonymous_9)","decl":{"start":{"line":85,"column":22},"end":{"line":85,"column":23}},"loc":{"start":{"line":85,"column":64},"end":{"line":93,"column":1}},"line":85},"10":{"name":"(anonymous_10)","decl":{"start":{"line":87,"column":52},"end":{"line":87,"column":53}},"loc":{"start":{"line":87,"column":69},"end":{"line":87,"column":98}},"line":87},"11":{"name":"(anonymous_11)","decl":{"start":{"line":88,"column":62},"end":{"line":88,"column":63}},"loc":{"start":{"line":89,"column":4},"end":{"line":89,"column":33}},"line":89},"12":{"name":"(anonymous_12)","decl":{"start":{"line":95,"column":30},"end":{"line":95,"column":31}},"loc":{"start":{"line":98,"column":30},"end":{"line":118,"column":1}},"line":98},"13":{"name":"(anonymous_13)","decl":{"start":{"line":104,"column":38},"end":{"line":104,"column":39}},"loc":{"start":{"line":104,"column":54},"end":{"line":109,"column":3}},"line":104},"14":{"name":"(anonymous_14)","decl":{"start":{"line":110,"column":48},"end":{"line":110,"column":49}},"loc":{"start":{"line":110,"column":69},"end":{"line":116,"column":3}},"line":110},"15":{"name":"(anonymous_15)","decl":{"start":{"line":120,"column":23},"end":{"line":120,"column":24}},"loc":{"start":{"line":120,"column":82},"end":{"line":124,"column":1}},"line":120},"16":{"name":"(anonymous_16)","decl":{"start":{"line":126,"column":28},"end":{"line":126,"column":29}},"loc":{"start":{"line":127,"column":2},"end":{"line":132,"column":5}},"line":127},"17":{"name":"(anonymous_17)","decl":{"start":{"line":135,"column":27},"end":{"line":135,"column":28}},"loc":{"start":{"line":135,"column":55},"end":{"line":167,"column":1}},"line":135},"18":{"name":"(anonymous_18)","decl":{"start":{"line":169,"column":31},"end":{"line":169,"column":32}},"loc":{"start":{"line":169,"column":37},"end":{"line":916,"column":1}},"line":169},"19":{"name":"(anonymous_19)","decl":{"start":{"line":181,"column":23},"end":{"line":181,"column":24}},"loc":{"start":{"line":181,"column":85},"end":{"line":188,"column":3}},"line":181},"20":{"name":"(anonymous_20)","decl":{"start":{"line":183,"column":47},"end":{"line":183,"column":48}},"loc":{"start":{"line":183,"column":62},"end":{"line":183,"column":93}},"line":183},"21":{"name":"(anonymous_21)","decl":{"start":{"line":184,"column":57},"end":{"line":184,"column":58}},"loc":{"start":{"line":185,"column":6},"end":{"line":185,"column":47}},"line":185},"22":{"name":"(anonymous_22)","decl":{"start":{"line":190,"column":29},"end":{"line":190,"column":30}},"loc":{"start":{"line":190,"column":81},"end":{"line":206,"column":3}},"line":190},"23":{"name":"(anonymous_23)","decl":{"start":{"line":191,"column":16},"end":{"line":191,"column":17}},"loc":{"start":{"line":191,"column":31},"end":{"line":197,"column":5}},"line":191},"24":{"name":"(anonymous_24)","decl":{"start":{"line":199,"column":18},"end":{"line":199,"column":19}},"loc":{"start":{"line":199,"column":33},"end":{"line":205,"column":5}},"line":199},"25":{"name":"(anonymous_25)","decl":{"start":{"line":208,"column":23},"end":{"line":208,"column":24}},"loc":{"start":{"line":208,"column":35},"end":{"line":226,"column":3}},"line":208},"26":{"name":"(anonymous_26)","decl":{"start":{"line":209,"column":16},"end":{"line":209,"column":17}},"loc":{"start":{"line":209,"column":30},"end":{"line":218,"column":5}},"line":209},"27":{"name":"(anonymous_27)","decl":{"start":{"line":220,"column":18},"end":{"line":220,"column":19}},"loc":{"start":{"line":220,"column":33},"end":{"line":223,"column":5}},"line":220},"28":{"name":"(anonymous_28)","decl":{"start":{"line":228,"column":26},"end":{"line":228,"column":27}},"loc":{"start":{"line":228,"column":51},"end":{"line":248,"column":3}},"line":228},"29":{"name":"(anonymous_29)","decl":{"start":{"line":229,"column":16},"end":{"line":229,"column":17}},"loc":{"start":{"line":229,"column":30},"end":{"line":238,"column":5}},"line":229},"30":{"name":"(anonymous_30)","decl":{"start":{"line":236,"column":47},"end":{"line":236,"column":48}},"loc":{"start":{"line":236,"column":68},"end":{"line":236,"column":90}},"line":236},"31":{"name":"(anonymous_31)","decl":{"start":{"line":240,"column":18},"end":{"line":240,"column":19}},"loc":{"start":{"line":240,"column":33},"end":{"line":245,"column":5}},"line":240},"32":{"name":"(anonymous_32)","decl":{"start":{"line":243,"column":37},"end":{"line":243,"column":38}},"loc":{"start":{"line":243,"column":58},"end":{"line":243,"column":80}},"line":243},"33":{"name":"(anonymous_33)","decl":{"start":{"line":250,"column":26},"end":{"line":250,"column":27}},"loc":{"start":{"line":250,"column":90},"end":{"line":278,"column":3}},"line":250},"34":{"name":"(anonymous_34)","decl":{"start":{"line":251,"column":16},"end":{"line":251,"column":17}},"loc":{"start":{"line":251,"column":31},"end":{"line":263,"column":5}},"line":251},"35":{"name":"(anonymous_35)","decl":{"start":{"line":253,"column":42},"end":{"line":253,"column":43}},"loc":{"start":{"line":253,"column":71},"end":{"line":262,"column":7}},"line":253},"36":{"name":"(anonymous_36)","decl":{"start":{"line":265,"column":18},"end":{"line":265,"column":19}},"loc":{"start":{"line":265,"column":33},"end":{"line":277,"column":5}},"line":265},"37":{"name":"(anonymous_37)","decl":{"start":{"line":267,"column":42},"end":{"line":267,"column":43}},"loc":{"start":{"line":267,"column":76},"end":{"line":276,"column":7}},"line":267},"38":{"name":"(anonymous_38)","decl":{"start":{"line":280,"column":24},"end":{"line":280,"column":25}},"loc":{"start":{"line":280,"column":36},"end":{"line":298,"column":3}},"line":280},"39":{"name":"(anonymous_39)","decl":{"start":{"line":281,"column":16},"end":{"line":281,"column":17}},"loc":{"start":{"line":281,"column":30},"end":{"line":290,"column":5}},"line":281},"40":{"name":"(anonymous_40)","decl":{"start":{"line":292,"column":18},"end":{"line":292,"column":19}},"loc":{"start":{"line":292,"column":33},"end":{"line":295,"column":5}},"line":292},"41":{"name":"(anonymous_41)","decl":{"start":{"line":300,"column":27},"end":{"line":300,"column":28}},"loc":{"start":{"line":300,"column":52},"end":{"line":322,"column":3}},"line":300},"42":{"name":"(anonymous_42)","decl":{"start":{"line":301,"column":16},"end":{"line":301,"column":17}},"loc":{"start":{"line":301,"column":30},"end":{"line":312,"column":5}},"line":301},"43":{"name":"(anonymous_43)","decl":{"start":{"line":309,"column":10},"end":{"line":309,"column":11}},"loc":{"start":{"line":309,"column":31},"end":{"line":309,"column":53}},"line":309},"44":{"name":"(anonymous_44)","decl":{"start":{"line":314,"column":18},"end":{"line":314,"column":19}},"loc":{"start":{"line":314,"column":33},"end":{"line":319,"column":5}},"line":314},"45":{"name":"(anonymous_45)","decl":{"start":{"line":317,"column":42},"end":{"line":317,"column":43}},"loc":{"start":{"line":317,"column":63},"end":{"line":317,"column":85}},"line":317},"46":{"name":"(anonymous_46)","decl":{"start":{"line":324,"column":27},"end":{"line":324,"column":28}},"loc":{"start":{"line":328,"column":13},"end":{"line":356,"column":3}},"line":328},"47":{"name":"(anonymous_47)","decl":{"start":{"line":329,"column":16},"end":{"line":329,"column":17}},"loc":{"start":{"line":329,"column":31},"end":{"line":341,"column":5}},"line":329},"48":{"name":"(anonymous_48)","decl":{"start":{"line":331,"column":52},"end":{"line":331,"column":53}},"loc":{"start":{"line":331,"column":86},"end":{"line":340,"column":7}},"line":331},"49":{"name":"(anonymous_49)","decl":{"start":{"line":343,"column":18},"end":{"line":343,"column":19}},"loc":{"start":{"line":343,"column":33},"end":{"line":355,"column":5}},"line":343},"50":{"name":"(anonymous_50)","decl":{"start":{"line":345,"column":52},"end":{"line":345,"column":53}},"loc":{"start":{"line":345,"column":91},"end":{"line":354,"column":7}},"line":345},"51":{"name":"(anonymous_51)","decl":{"start":{"line":358,"column":20},"end":{"line":358,"column":21}},"loc":{"start":{"line":358,"column":32},"end":{"line":369,"column":3}},"line":358},"52":{"name":"(anonymous_52)","decl":{"start":{"line":360,"column":18},"end":{"line":360,"column":19}},"loc":{"start":{"line":360,"column":33},"end":{"line":363,"column":5}},"line":360},"53":{"name":"(anonymous_53)","decl":{"start":{"line":365,"column":16},"end":{"line":365,"column":17}},"loc":{"start":{"line":365,"column":31},"end":{"line":368,"column":5}},"line":365},"54":{"name":"(anonymous_54)","decl":{"start":{"line":371,"column":27},"end":{"line":371,"column":28}},"loc":{"start":{"line":371,"column":81},"end":{"line":423,"column":3}},"line":371},"55":{"name":"(anonymous_55)","decl":{"start":{"line":382,"column":20},"end":{"line":382,"column":21}},"loc":{"start":{"line":382,"column":35},"end":{"line":385,"column":7}},"line":382},"56":{"name":"(anonymous_56)","decl":{"start":{"line":387,"column":18},"end":{"line":387,"column":19}},"loc":{"start":{"line":387,"column":33},"end":{"line":390,"column":7}},"line":387},"57":{"name":"(anonymous_57)","decl":{"start":{"line":397,"column":20},"end":{"line":397,"column":21}},"loc":{"start":{"line":397,"column":35},"end":{"line":400,"column":7}},"line":397},"58":{"name":"(anonymous_58)","decl":{"start":{"line":402,"column":18},"end":{"line":402,"column":19}},"loc":{"start":{"line":402,"column":33},"end":{"line":405,"column":7}},"line":402},"59":{"name":"(anonymous_59)","decl":{"start":{"line":410,"column":18},"end":{"line":410,"column":19}},"loc":{"start":{"line":410,"column":33},"end":{"line":413,"column":5}},"line":410},"60":{"name":"(anonymous_60)","decl":{"start":{"line":415,"column":16},"end":{"line":415,"column":17}},"loc":{"start":{"line":415,"column":31},"end":{"line":422,"column":5}},"line":415},"61":{"name":"(anonymous_61)","decl":{"start":{"line":425,"column":23},"end":{"line":425,"column":24}},"loc":{"start":{"line":425,"column":89},"end":{"line":466,"column":3}},"line":425},"62":{"name":"(anonymous_62)","decl":{"start":{"line":468,"column":26},"end":{"line":468,"column":27}},"loc":{"start":{"line":468,"column":53},"end":{"line":468,"column":95}},"line":468},"63":{"name":"(anonymous_63)","decl":{"start":{"line":509,"column":28},"end":{"line":509,"column":29}},"loc":{"start":{"line":509,"column":39},"end":{"line":509,"column":90}},"line":509},"64":{"name":"(anonymous_64)","decl":{"start":{"line":529,"column":28},"end":{"line":529,"column":29}},"loc":{"start":{"line":529,"column":39},"end":{"line":529,"column":89}},"line":529},"65":{"name":"(anonymous_65)","decl":{"start":{"line":549,"column":28},"end":{"line":549,"column":29}},"loc":{"start":{"line":549,"column":39},"end":{"line":549,"column":86}},"line":549},"66":{"name":"(anonymous_66)","decl":{"start":{"line":569,"column":28},"end":{"line":569,"column":29}},"loc":{"start":{"line":569,"column":39},"end":{"line":569,"column":86}},"line":569},"67":{"name":"(anonymous_67)","decl":{"start":{"line":588,"column":28},"end":{"line":588,"column":29}},"loc":{"start":{"line":588,"column":39},"end":{"line":588,"column":88}},"line":588},"68":{"name":"(anonymous_68)","decl":{"start":{"line":604,"column":35},"end":{"line":604,"column":36}},"loc":{"start":{"line":605,"column":12},"end":{"line":717,"column":18}},"line":605},"69":{"name":"(anonymous_69)","decl":{"start":{"line":615,"column":30},"end":{"line":615,"column":31}},"loc":{"start":{"line":615,"column":41},"end":{"line":615,"column":98}},"line":615},"70":{"name":"(anonymous_70)","decl":{"start":{"line":641,"column":30},"end":{"line":641,"column":31}},"loc":{"start":{"line":641,"column":41},"end":{"line":641,"column":92}},"line":641},"71":{"name":"(anonymous_71)","decl":{"start":{"line":663,"column":30},"end":{"line":663,"column":31}},"loc":{"start":{"line":663,"column":41},"end":{"line":663,"column":96}},"line":663},"72":{"name":"(anonymous_72)","decl":{"start":{"line":689,"column":30},"end":{"line":689,"column":31}},"loc":{"start":{"line":689,"column":41},"end":{"line":689,"column":94}},"line":689},"73":{"name":"(anonymous_73)","decl":{"start":{"line":711,"column":27},"end":{"line":711,"column":28}},"loc":{"start":{"line":711,"column":33},"end":{"line":711,"column":55}},"line":711},"74":{"name":"(anonymous_74)","decl":{"start":{"line":733,"column":40},"end":{"line":733,"column":41}},"loc":{"start":{"line":734,"column":12},"end":{"line":855,"column":18}},"line":734},"75":{"name":"(anonymous_75)","decl":{"start":{"line":742,"column":30},"end":{"line":742,"column":31}},"loc":{"start":{"line":742,"column":41},"end":{"line":742,"column":95}},"line":742},"76":{"name":"(anonymous_76)","decl":{"start":{"line":762,"column":30},"end":{"line":762,"column":31}},"loc":{"start":{"line":762,"column":41},"end":{"line":762,"column":96}},"line":762},"77":{"name":"(anonymous_77)","decl":{"start":{"line":785,"column":30},"end":{"line":785,"column":31}},"loc":{"start":{"line":785,"column":41},"end":{"line":785,"column":99}},"line":785},"78":{"name":"(anonymous_78)","decl":{"start":{"line":811,"column":30},"end":{"line":811,"column":31}},"loc":{"start":{"line":811,"column":41},"end":{"line":811,"column":97}},"line":811},"79":{"name":"(anonymous_79)","decl":{"start":{"line":833,"column":30},"end":{"line":833,"column":31}},"loc":{"start":{"line":833,"column":41},"end":{"line":833,"column":95}},"line":833},"80":{"name":"(anonymous_80)","decl":{"start":{"line":849,"column":27},"end":{"line":849,"column":28}},"loc":{"start":{"line":849,"column":33},"end":{"line":849,"column":56}},"line":849}},"branchMap":{"0":{"loc":{"start":{"line":92,"column":9},"end":{"line":92,"column":105}},"type":"binary-expr","locations":[{"start":{"line":92,"column":9},"end":{"line":92,"column":30}},{"start":{"line":92,"column":34},"end":{"line":92,"column":52}},{"start":{"line":92,"column":56},"end":{"line":92,"column":79}},{"start":{"line":92,"column":83},"end":{"line":92,"column":105}}],"line":92},"1":{"loc":{"start":{"line":102,"column":9},"end":{"line":102,"column":56}},"type":"binary-expr","locations":[{"start":{"line":102,"column":9},"end":{"line":102,"column":43}},{"start":{"line":102,"column":47},"end":{"line":102,"column":56}}],"line":102},"2":{"loc":{"start":{"line":103,"column":11},"end":{"line":103,"column":60}},"type":"binary-expr","locations":[{"start":{"line":103,"column":11},"end":{"line":103,"column":47}},{"start":{"line":103,"column":51},"end":{"line":103,"column":60}}],"line":103},"3":{"loc":{"start":{"line":108,"column":13},"end":{"line":108,"column":43}},"type":"binary-expr","locations":[{"start":{"line":108,"column":13},"end":{"line":108,"column":30}},{"start":{"line":108,"column":34},"end":{"line":108,"column":43}}],"line":108},"4":{"loc":{"start":{"line":115,"column":13},"end":{"line":115,"column":48}},"type":"binary-expr","locations":[{"start":{"line":115,"column":13},"end":{"line":115,"column":35}},{"start":{"line":115,"column":39},"end":{"line":115,"column":48}}],"line":115},"5":{"loc":{"start":{"line":123,"column":9},"end":{"line":123,"column":61}},"type":"cond-expr","locations":[{"start":{"line":123,"column":31},"end":{"line":123,"column":49}},{"start":{"line":123,"column":52},"end":{"line":123,"column":61}}],"line":123},"6":{"loc":{"start":{"line":136,"column":2},"end":{"line":160,"column":3}},"type":"if","locations":[{"start":{"line":136,"column":2},"end":{"line":160,"column":3}},{"start":{},"end":{}}],"line":136},"7":{"loc":{"start":{"line":142,"column":4},"end":{"line":159,"column":5}},"type":"switch","locations":[{"start":{"line":143,"column":6},"end":{"line":144,"column":101}},{"start":{"line":145,"column":6},"end":{"line":146,"column":61}},{"start":{"line":147,"column":6},"end":{"line":148,"column":77}},{"start":{"line":149,"column":6},"end":{"line":150,"column":61}},{"start":{"line":151,"column":6},"end":{"line":152,"column":84}},{"start":{"line":153,"column":6},"end":{"line":158,"column":10}}],"line":142},"8":{"loc":{"start":{"line":144,"column":15},"end":{"line":144,"column":100}},"type":"binary-expr","locations":[{"start":{"line":144,"column":15},"end":{"line":144,"column":43}},{"start":{"line":144,"column":47},"end":{"line":144,"column":100}}],"line":144},"9":{"loc":{"start":{"line":155,"column":10},"end":{"line":157,"column":70}},"type":"binary-expr","locations":[{"start":{"line":155,"column":10},"end":{"line":155,"column":38}},{"start":{"line":156,"column":10},"end":{"line":156,"column":31}},{"start":{"line":157,"column":10},"end":{"line":157,"column":70}}],"line":155},"10":{"loc":{"start":{"line":162,"column":2},"end":{"line":164,"column":3}},"type":"if","locations":[{"start":{"line":162,"column":2},"end":{"line":164,"column":3}},{"start":{},"end":{}}],"line":162},"11":{"loc":{"start":{"line":187,"column":12},"end":{"line":187,"column":34}},"type":"binary-expr","locations":[{"start":{"line":187,"column":12},"end":{"line":187,"column":21}},{"start":{"line":187,"column":25},"end":{"line":187,"column":34}}],"line":187},"12":{"loc":{"start":{"line":210,"column":6},"end":{"line":212,"column":7}},"type":"if","locations":[{"start":{"line":210,"column":6},"end":{"line":212,"column":7}},{"start":{},"end":{}}],"line":210},"13":{"loc":{"start":{"line":230,"column":6},"end":{"line":232,"column":7}},"type":"if","locations":[{"start":{"line":230,"column":6},"end":{"line":232,"column":7}},{"start":{},"end":{}}],"line":230},"14":{"loc":{"start":{"line":242,"column":18},"end":{"line":244,"column":29}},"type":"cond-expr","locations":[{"start":{"line":243,"column":10},"end":{"line":243,"column":81}},{"start":{"line":244,"column":10},"end":{"line":244,"column":29}}],"line":242},"15":{"loc":{"start":{"line":254,"column":8},"end":{"line":256,"column":9}},"type":"if","locations":[{"start":{"line":254,"column":8},"end":{"line":256,"column":9}},{"start":{},"end":{}}],"line":254},"16":{"loc":{"start":{"line":268,"column":8},"end":{"line":270,"column":9}},"type":"if","locations":[{"start":{"line":268,"column":8},"end":{"line":270,"column":9}},{"start":{},"end":{}}],"line":268},"17":{"loc":{"start":{"line":282,"column":6},"end":{"line":284,"column":7}},"type":"if","locations":[{"start":{"line":282,"column":6},"end":{"line":284,"column":7}},{"start":{},"end":{}}],"line":282},"18":{"loc":{"start":{"line":302,"column":6},"end":{"line":304,"column":7}},"type":"if","locations":[{"start":{"line":302,"column":6},"end":{"line":304,"column":7}},{"start":{},"end":{}}],"line":302},"19":{"loc":{"start":{"line":316,"column":23},"end":{"line":318,"column":34}},"type":"cond-expr","locations":[{"start":{"line":317,"column":10},"end":{"line":317,"column":86}},{"start":{"line":318,"column":10},"end":{"line":318,"column":34}}],"line":316},"20":{"loc":{"start":{"line":332,"column":8},"end":{"line":334,"column":9}},"type":"if","locations":[{"start":{"line":332,"column":8},"end":{"line":334,"column":9}},{"start":{},"end":{}}],"line":332},"21":{"loc":{"start":{"line":346,"column":8},"end":{"line":348,"column":9}},"type":"if","locations":[{"start":{"line":346,"column":8},"end":{"line":348,"column":9}},{"start":{},"end":{}}],"line":346},"22":{"loc":{"start":{"line":372,"column":25},"end":{"line":372,"column":56}},"type":"binary-expr","locations":[{"start":{"line":372,"column":25},"end":{"line":372,"column":48}},{"start":{"line":372,"column":52},"end":{"line":372,"column":56}}],"line":372},"23":{"loc":{"start":{"line":374,"column":4},"end":{"line":377,"column":5}},"type":"if","locations":[{"start":{"line":374,"column":4},"end":{"line":377,"column":5}},{"start":{},"end":{}}],"line":374},"24":{"loc":{"start":{"line":379,"column":4},"end":{"line":392,"column":5}},"type":"if","locations":[{"start":{"line":379,"column":4},"end":{"line":392,"column":5}},{"start":{},"end":{}}],"line":379},"25":{"loc":{"start":{"line":394,"column":4},"end":{"line":407,"column":5}},"type":"if","locations":[{"start":{"line":394,"column":4},"end":{"line":407,"column":5}},{"start":{},"end":{}}],"line":394},"26":{"loc":{"start":{"line":434,"column":4},"end":{"line":437,"column":5}},"type":"if","locations":[{"start":{"line":434,"column":4},"end":{"line":437,"column":5}},{"start":{},"end":{}}],"line":434},"27":{"loc":{"start":{"line":444,"column":6},"end":{"line":447,"column":7}},"type":"if","locations":[{"start":{"line":444,"column":6},"end":{"line":447,"column":7}},{"start":{},"end":{}}],"line":444},"28":{"loc":{"start":{"line":486,"column":7},"end":{"line":490,"column":14}},"type":"cond-expr","locations":[{"start":{"line":487,"column":8},"end":{"line":489,"column":16}},{"start":{"line":490,"column":10},"end":{"line":490,"column":14}}],"line":486},"29":{"loc":{"start":{"line":492,"column":7},"end":{"line":496,"column":14}},"type":"cond-expr","locations":[{"start":{"line":493,"column":8},"end":{"line":495,"column":16}},{"start":{"line":496,"column":10},"end":{"line":496,"column":14}}],"line":492},"30":{"loc":{"start":{"line":514,"column":20},"end":{"line":514,"column":85}},"type":"cond-expr","locations":[{"start":{"line":514,"column":56},"end":{"line":514,"column":73}},{"start":{"line":514,"column":76},"end":{"line":514,"column":85}}],"line":514},"31":{"loc":{"start":{"line":534,"column":20},"end":{"line":534,"column":83}},"type":"cond-expr","locations":[{"start":{"line":534,"column":55},"end":{"line":534,"column":71}},{"start":{"line":534,"column":74},"end":{"line":534,"column":83}}],"line":534},"32":{"loc":{"start":{"line":554,"column":20},"end":{"line":554,"column":77}},"type":"cond-expr","locations":[{"start":{"line":554,"column":52},"end":{"line":554,"column":65}},{"start":{"line":554,"column":68},"end":{"line":554,"column":77}}],"line":554},"33":{"loc":{"start":{"line":572,"column":20},"end":{"line":572,"column":77}},"type":"cond-expr","locations":[{"start":{"line":572,"column":52},"end":{"line":572,"column":65}},{"start":{"line":572,"column":68},"end":{"line":572,"column":77}}],"line":572},"34":{"loc":{"start":{"line":591,"column":20},"end":{"line":591,"column":81}},"type":"cond-expr","locations":[{"start":{"line":591,"column":54},"end":{"line":591,"column":69}},{"start":{"line":591,"column":72},"end":{"line":591,"column":81}}],"line":591},"35":{"loc":{"start":{"line":620,"column":22},"end":{"line":622,"column":35}},"type":"cond-expr","locations":[{"start":{"line":621,"column":26},"end":{"line":621,"column":64}},{"start":{"line":622,"column":26},"end":{"line":622,"column":35}}],"line":620},"36":{"loc":{"start":{"line":646,"column":22},"end":{"line":646,"column":104}},"type":"cond-expr","locations":[{"start":{"line":646,"column":60},"end":{"line":646,"column":92}},{"start":{"line":646,"column":95},"end":{"line":646,"column":104}}],"line":646},"37":{"loc":{"start":{"line":668,"column":22},"end":{"line":670,"column":35}},"type":"cond-expr","locations":[{"start":{"line":669,"column":26},"end":{"line":669,"column":62}},{"start":{"line":670,"column":26},"end":{"line":670,"column":35}}],"line":668},"38":{"loc":{"start":{"line":692,"column":22},"end":{"line":694,"column":35}},"type":"cond-expr","locations":[{"start":{"line":693,"column":26},"end":{"line":693,"column":60}},{"start":{"line":694,"column":26},"end":{"line":694,"column":35}}],"line":692},"39":{"loc":{"start":{"line":712,"column":28},"end":{"line":712,"column":75}},"type":"binary-expr","locations":[{"start":{"line":712,"column":28},"end":{"line":712,"column":59}},{"start":{"line":712,"column":63},"end":{"line":712,"column":75}}],"line":712},"40":{"loc":{"start":{"line":724,"column":24},"end":{"line":724,"column":78}},"type":"binary-expr","locations":[{"start":{"line":724,"column":24},"end":{"line":724,"column":62}},{"start":{"line":724,"column":66},"end":{"line":724,"column":78}}],"line":724},"41":{"loc":{"start":{"line":747,"column":22},"end":{"line":747,"column":108}},"type":"cond-expr","locations":[{"start":{"line":747,"column":67},"end":{"line":747,"column":96}},{"start":{"line":747,"column":99},"end":{"line":747,"column":108}}],"line":747},"42":{"loc":{"start":{"line":767,"column":22},"end":{"line":767,"column":110}},"type":"cond-expr","locations":[{"start":{"line":767,"column":68},"end":{"line":767,"column":98}},{"start":{"line":767,"column":101},"end":{"line":767,"column":110}}],"line":767},"43":{"loc":{"start":{"line":790,"column":22},"end":{"line":792,"column":35}},"type":"cond-expr","locations":[{"start":{"line":791,"column":26},"end":{"line":791,"column":59}},{"start":{"line":792,"column":26},"end":{"line":792,"column":35}}],"line":790},"44":{"loc":{"start":{"line":816,"column":22},"end":{"line":818,"column":35}},"type":"cond-expr","locations":[{"start":{"line":817,"column":26},"end":{"line":817,"column":57}},{"start":{"line":818,"column":26},"end":{"line":818,"column":35}}],"line":816},"45":{"loc":{"start":{"line":836,"column":22},"end":{"line":836,"column":108}},"type":"cond-expr","locations":[{"start":{"line":836,"column":67},"end":{"line":836,"column":96}},{"start":{"line":836,"column":99},"end":{"line":836,"column":108}}],"line":836},"46":{"loc":{"start":{"line":850,"column":28},"end":{"line":850,"column":80}},"type":"binary-expr","locations":[{"start":{"line":850,"column":28},"end":{"line":850,"column":64}},{"start":{"line":850,"column":68},"end":{"line":850,"column":80}}],"line":850},"47":{"loc":{"start":{"line":862,"column":24},"end":{"line":862,"column":83}},"type":"binary-expr","locations":[{"start":{"line":862,"column":24},"end":{"line":862,"column":67}},{"start":{"line":862,"column":71},"end":{"line":862,"column":83}}],"line":862},"48":{"loc":{"start":{"line":878,"column":33},"end":{"line":878,"column":63}},"type":"binary-expr","locations":[{"start":{"line":878,"column":33},"end":{"line":878,"column":42}},{"start":{"line":878,"column":46},"end":{"line":878,"column":63}}],"line":878},"49":{"loc":{"start":{"line":881,"column":16},"end":{"line":881,"column":75}},"type":"cond-expr","locations":[{"start":{"line":881,"column":49},"end":{"line":881,"column":63}},{"start":{"line":881,"column":66},"end":{"line":881,"column":75}}],"line":881},"50":{"loc":{"start":{"line":881,"column":16},"end":{"line":881,"column":46}},"type":"binary-expr","locations":[{"start":{"line":881,"column":16},"end":{"line":881,"column":25}},{"start":{"line":881,"column":29},"end":{"line":881,"column":46}}],"line":881},"51":{"loc":{"start":{"line":888,"column":15},"end":{"line":888,"column":45}},"type":"binary-expr","locations":[{"start":{"line":888,"column":15},"end":{"line":888,"column":24}},{"start":{"line":888,"column":28},"end":{"line":888,"column":45}}],"line":888},"52":{"loc":{"start":{"line":892,"column":11},"end":{"line":907,"column":18}},"type":"cond-expr","locations":[{"start":{"line":893,"column":12},"end":{"line":906,"column":18}},{"start":{"line":907,"column":14},"end":{"line":907,"column":18}}],"line":892},"53":{"loc":{"start":{"line":911,"column":11},"end":{"line":911,"column":62}},"type":"cond-expr","locations":[{"start":{"line":911,"column":26},"end":{"line":911,"column":41}},{"start":{"line":911,"column":44},"end":{"line":911,"column":62}}],"line":911}},"s":{"0":2,"1":2,"2":2,"3":2,"4":2,"5":192,"6":2,"7":193,"8":2,"9":193,"10":2,"11":193,"12":2,"13":192,"14":2,"15":192,"16":192,"17":192,"18":2,"19":9,"20":2,"21":3,"22":3,"23":3,"24":3,"25":3,"26":3,"27":2,"28":2,"29":2,"30":2,"31":2,"32":2883,"33":2883,"34":2,"35":1924,"36":2,"37":1,"38":1,"39":1,"40":1,"41":0,"42":1,"43":0,"44":0,"45":0,"46":0,"47":0,"48":0,"49":0,"50":2,"51":191,"52":191,"53":191,"54":191,"55":191,"56":191,"57":191,"58":191,"59":191,"60":191,"61":3,"62":3,"63":3,"64":191,"65":52,"66":52,"67":52,"68":52,"69":191,"70":1,"71":1,"72":0,"73":1,"74":1,"75":1,"76":1,"77":191,"78":1,"79":1,"80":0,"81":1,"82":2,"83":1,"84":1,"85":2,"86":1,"87":191,"88":36,"89":36,"90":36,"91":0,"92":36,"93":36,"94":36,"95":36,"96":0,"97":36,"98":191,"99":1,"100":1,"101":0,"102":1,"103":1,"104":1,"105":1,"106":191,"107":1,"108":1,"109":0,"110":1,"111":2,"112":1,"113":1,"114":2,"115":1,"116":191,"117":86,"118":86,"119":86,"120":0,"121":86,"122":86,"123":86,"124":86,"125":0,"126":86,"127":191,"128":0,"129":0,"130":0,"131":0,"132":0,"133":191,"134":2,"135":2,"136":0,"137":0,"138":2,"139":1,"140":1,"141":1,"142":1,"143":1,"144":1,"145":1,"146":1,"147":1,"148":0,"149":0,"150":0,"151":0,"152":0,"153":0,"154":0,"155":0,"156":1,"157":1,"158":1,"159":1,"160":1,"161":191,"162":3,"163":3,"164":3,"165":3,"166":3,"167":3,"168":1,"169":1,"170":2,"171":2,"172":2,"173":1,"174":1,"175":2,"176":2,"177":1,"178":1,"179":1,"180":1,"181":1,"182":1,"183":1,"184":1,"185":1,"186":2,"187":191,"188":2,"189":191,"190":6,"191":16,"192":30,"193":0,"194":0,"195":193,"196":12,"197":22,"198":2,"199":0,"200":1,"201":193,"202":36,"203":16,"204":32,"205":2,"206":0,"207":1},"f":{"0":192,"1":193,"2":193,"3":193,"4":192,"5":192,"6":192,"7":192,"8":9,"9":3,"10":3,"11":3,"12":2,"13":2,"14":2,"15":2883,"16":1924,"17":1,"18":191,"19":3,"20":3,"21":3,"22":52,"23":52,"24":52,"25":1,"26":1,"27":1,"28":1,"29":1,"30":2,"31":1,"32":2,"33":36,"34":36,"35":36,"36":36,"37":36,"38":1,"39":1,"40":1,"41":1,"42":1,"43":2,"44":1,"45":2,"46":86,"47":86,"48":86,"49":86,"50":86,"51":0,"52":0,"53":0,"54":2,"55":1,"56":1,"57":0,"58":0,"59":1,"60":1,"61":3,"62":2,"63":6,"64":16,"65":30,"66":0,"67":0,"68":193,"69":12,"70":22,"71":2,"72":0,"73":1,"74":193,"75":36,"76":16,"77":32,"78":2,"79":0,"80":1},"b":{"0":[3,2,2,2],"1":[2,2],"2":[2,2],"3":[2,2],"4":[2,2],"5":[201,2682],"6":[1,0],"7":[0,1,0,0,0,0],"8":[0,0],"9":[0,0,0],"10":[0,0],"11":[3,3],"12":[0,1],"13":[0,1],"14":[1,0],"15":[0,36],"16":[0,36],"17":[0,1],"18":[0,1],"19":[1,0],"20":[0,86],"21":[0,86],"22":[2,0],"23":[0,2],"24":[1,1],"25":[0,1],"26":[1,2],"27":[1,1],"28":[2,189],"29":[1,190],"30":[1,190],"31":[1,190],"32":[1,190],"33":[0,191],"34":[0,191],"35":[1,192],"36":[1,192],"37":[1,192],"38":[0,193],"39":[193,4],"40":[191,191],"41":[1,192],"42":[1,192],"43":[1,192],"44":[1,192],"45":[0,193],"46":[193,4],"47":[191,191],"48":[191,190],"49":[1,190],"50":[191,190],"51":[191,190],"52":[2,189],"53":[2,189]},"_coverageSchema":"1a1c01bbd47fc00a2c39e90264f33305004495a9","hash":"8d64169f8db7b346d11de46db90dc0af766963f1"}
,"/Users/jesusramirezguerrero/dev/projects/personal/AI4Devs-lab-ides-2603-Sr_II/frontend/src/components/Dashboard/DashboardHome.tsx": {"path":"/Users/jesusramirezguerrero/dev/projects/personal/AI4Devs-lab-ides-2603-Sr_II/frontend/src/components/Dashboard/DashboardHome.tsx","statementMap":{"0":{"start":{"line":9,"column":32},"end":{"line":42,"column":1}},"1":{"start":{"line":10,"column":19},"end":{"line":10,"column":32}},"2":{"start":{"line":11,"column":24},"end":{"line":11,"column":71}},"3":{"start":{"line":13,"column":2},"end":{"line":41,"column":4}}},"fnMap":{"0":{"name":"(anonymous_0)","decl":{"start":{"line":9,"column":32},"end":{"line":9,"column":33}},"loc":{"start":{"line":9,"column":38},"end":{"line":42,"column":1}},"line":9}},"branchMap":{"0":{"loc":{"start":{"line":23,"column":7},"end":{"line":27,"column":14}},"type":"cond-expr","locations":[{"start":{"line":24,"column":8},"end":{"line":26,"column":16}},{"start":{"line":27,"column":10},"end":{"line":27,"column":14}}],"line":23}},"s":{"0":1,"1":1,"2":1,"3":1},"f":{"0":1},"b":{"0":[0,1]},"_coverageSchema":"1a1c01bbd47fc00a2c39e90264f33305004495a9","hash":"1b128f2b3ee164a7b76bc17eb741f322241d1c99"}
,"/Users/jesusramirezguerrero/dev/projects/personal/AI4Devs-lab-ides-2603-Sr_II/frontend/src/services/candidateService.ts": {"path":"/Users/jesusramirezguerrero/dev/projects/personal/AI4Devs-lab-ides-2603-Sr_II/frontend/src/services/candidateService.ts","statementMap":{"0":{"start":{"line":5,"column":33},"end":{"line":8,"column":2}},"1":{"start":{"line":10,"column":24},"end":{"line":21,"column":1}},"2":{"start":{"line":11,"column":19},"end":{"line":11,"column":33}},"3":{"start":{"line":12,"column":2},"end":{"line":12,"column":32}},"4":{"start":{"line":14,"column":19},"end":{"line":18,"column":4}},"5":{"start":{"line":20,"column":2},"end":{"line":20,"column":28}},"6":{"start":{"line":23,"column":31},"end":{"line":26,"column":1}},"7":{"start":{"line":24,"column":19},"end":{"line":24,"column":63}},"8":{"start":{"line":25,"column":2},"end":{"line":25,"column":23}}},"fnMap":{"0":{"name":"(anonymous_0)","decl":{"start":{"line":10,"column":24},"end":{"line":10,"column":25}},"loc":{"start":{"line":10,"column":81},"end":{"line":21,"column":1}},"line":10},"1":{"name":"(anonymous_1)","decl":{"start":{"line":23,"column":31},"end":{"line":23,"column":32}},"loc":{"start":{"line":23,"column":92},"end":{"line":26,"column":1}},"line":23}},"branchMap":{"0":{"loc":{"start":{"line":6,"column":11},"end":{"line":6,"column":67}},"type":"binary-expr","locations":[{"start":{"line":6,"column":11},"end":{"line":6,"column":40}},{"start":{"line":6,"column":44},"end":{"line":6,"column":67}}],"line":6}},"s":{"0":4,"1":4,"2":1,"3":1,"4":1,"5":1,"6":4,"7":1,"8":1},"f":{"0":1,"1":1},"b":{"0":[4,0]},"_coverageSchema":"1a1c01bbd47fc00a2c39e90264f33305004495a9","hash":"71b76612e50deadb92fc72cc99e7eb367ac00e25"}
,"/Users/jesusramirezguerrero/dev/projects/personal/AI4Devs-lab-ides-2603-Sr_II/frontend/src/types/candidate.types.ts": {"path":"/Users/jesusramirezguerrero/dev/projects/personal/AI4Devs-lab-ides-2603-Sr_II/frontend/src/types/candidate.types.ts","statementMap":{},"fnMap":{},"branchMap":{},"s":{},"f":{},"b":{}}
,"/Users/jesusramirezguerrero/dev/projects/personal/AI4Devs-lab-ides-2603-Sr_II/frontend/src/utils/validationUtils.ts": {"path":"/Users/jesusramirezguerrero/dev/projects/personal/AI4Devs-lab-ides-2603-Sr_II/frontend/src/utils/validationUtils.ts","statementMap":{"0":{"start":{"line":8,"column":27},"end":{"line":8,"column":55}},"1":{"start":{"line":9,"column":27},"end":{"line":9,"column":48}},"2":{"start":{"line":11,"column":29},"end":{"line":33,"column":1}},"3":{"start":{"line":16,"column":18},"end":{"line":16,"column":30}},"4":{"start":{"line":18,"column":2},"end":{"line":23,"column":3}},"5":{"start":{"line":19,"column":4},"end":{"line":22,"column":6}},"6":{"start":{"line":25,"column":2},"end":{"line":30,"column":3}},"7":{"start":{"line":26,"column":4},"end":{"line":29,"column":6}},"8":{"start":{"line":32,"column":2},"end":{"line":32,"column":27}},"9":{"start":{"line":35,"column":33},"end":{"line":36,"column":48}},"10":{"start":{"line":36,"column":2},"end":{"line":36,"column":48}},"11":{"start":{"line":38,"column":32},"end":{"line":39,"column":47}},"12":{"start":{"line":39,"column":2},"end":{"line":39,"column":47}},"13":{"start":{"line":41,"column":29},"end":{"line":56,"column":1}},"14":{"start":{"line":42,"column":25},"end":{"line":42,"column":66}},"15":{"start":{"line":44,"column":2},"end":{"line":46,"column":3}},"16":{"start":{"line":45,"column":4},"end":{"line":45,"column":26}},"17":{"start":{"line":48,"column":2},"end":{"line":53,"column":3}},"18":{"start":{"line":49,"column":4},"end":{"line":52,"column":6}},"19":{"start":{"line":55,"column":2},"end":{"line":55,"column":27}},"20":{"start":{"line":58,"column":29},"end":{"line":73,"column":1}},"21":{"start":{"line":59,"column":18},"end":{"line":59,"column":30}},"22":{"start":{"line":61,"column":2},"end":{"line":63,"column":3}},"23":{"start":{"line":62,"column":4},"end":{"line":62,"column":29}},"24":{"start":{"line":65,"column":2},"end":{"line":70,"column":3}},"25":{"start":{"line":66,"column":4},"end":{"line":69,"column":6}},"26":{"start":{"line":72,"column":2},"end":{"line":72,"column":27}},"27":{"start":{"line":75,"column":33},"end":{"line":108,"column":1}},"28":{"start":{"line":79,"column":2},"end":{"line":84,"column":3}},"29":{"start":{"line":80,"column":4},"end":{"line":83,"column":6}},"30":{"start":{"line":86,"column":2},"end":{"line":88,"column":3}},"31":{"start":{"line":87,"column":4},"end":{"line":87,"column":29}},"32":{"start":{"line":90,"column":25},"end":{"line":90,"column":44}},"33":{"start":{"line":91,"column":23},"end":{"line":91,"column":40}},"34":{"start":{"line":93,"column":2},"end":{"line":98,"column":3}},"35":{"start":{"line":94,"column":4},"end":{"line":97,"column":6}},"36":{"start":{"line":100,"column":2},"end":{"line":105,"column":3}},"37":{"start":{"line":101,"column":4},"end":{"line":104,"column":6}},"38":{"start":{"line":107,"column":2},"end":{"line":107,"column":27}},"39":{"start":{"line":110,"column":36},"end":{"line":140,"column":1}},"40":{"start":{"line":113,"column":62},"end":{"line":113,"column":64}},"41":{"start":{"line":115,"column":30},"end":{"line":115,"column":71}},"42":{"start":{"line":116,"column":2},"end":{"line":118,"column":3}},"43":{"start":{"line":117,"column":4},"end":{"line":117,"column":49}},"44":{"start":{"line":120,"column":29},"end":{"line":120,"column":68}},"45":{"start":{"line":121,"column":2},"end":{"line":123,"column":3}},"46":{"start":{"line":122,"column":4},"end":{"line":122,"column":47}},"47":{"start":{"line":125,"column":26},"end":{"line":125,"column":59}},"48":{"start":{"line":126,"column":2},"end":{"line":128,"column":3}},"49":{"start":{"line":127,"column":4},"end":{"line":127,"column":41}},"50":{"start":{"line":130,"column":26},"end":{"line":130,"column":59}},"51":{"start":{"line":131,"column":2},"end":{"line":133,"column":3}},"52":{"start":{"line":132,"column":4},"end":{"line":132,"column":41}},"53":{"start":{"line":135,"column":2},"end":{"line":137,"column":3}},"54":{"start":{"line":136,"column":4},"end":{"line":136,"column":63}},"55":{"start":{"line":139,"column":2},"end":{"line":139,"column":16}},"56":{"start":{"line":142,"column":36},"end":{"line":167,"column":1}},"57":{"start":{"line":145,"column":59},"end":{"line":145,"column":61}},"58":{"start":{"line":147,"column":32},"end":{"line":147,"column":95}},"59":{"start":{"line":148,"column":2},"end":{"line":150,"column":3}},"60":{"start":{"line":149,"column":4},"end":{"line":149,"column":53}},"61":{"start":{"line":152,"column":26},"end":{"line":152,"column":77}},"62":{"start":{"line":153,"column":2},"end":{"line":155,"column":3}},"63":{"start":{"line":154,"column":4},"end":{"line":154,"column":41}},"64":{"start":{"line":157,"column":25},"end":{"line":157,"column":82}},"65":{"start":{"line":158,"column":2},"end":{"line":164,"column":3}},"66":{"start":{"line":159,"column":4},"end":{"line":163,"column":5}},"67":{"start":{"line":160,"column":6},"end":{"line":160,"column":46}},"68":{"start":{"line":162,"column":6},"end":{"line":162,"column":44}},"69":{"start":{"line":166,"column":2},"end":{"line":166,"column":16}},"70":{"start":{"line":169,"column":41},"end":{"line":203,"column":1}},"71":{"start":{"line":172,"column":64},"end":{"line":172,"column":66}},"72":{"start":{"line":174,"column":28},"end":{"line":174,"column":88}},"73":{"start":{"line":175,"column":2},"end":{"line":177,"column":3}},"74":{"start":{"line":176,"column":4},"end":{"line":176,"column":45}},"75":{"start":{"line":179,"column":29},"end":{"line":179,"column":91}},"76":{"start":{"line":180,"column":2},"end":{"line":182,"column":3}},"77":{"start":{"line":181,"column":4},"end":{"line":181,"column":47}},"78":{"start":{"line":184,"column":32},"end":{"line":188,"column":3}},"79":{"start":{"line":189,"column":2},"end":{"line":191,"column":3}},"80":{"start":{"line":190,"column":4},"end":{"line":190,"column":53}},"81":{"start":{"line":193,"column":25},"end":{"line":193,"column":92}},"82":{"start":{"line":194,"column":2},"end":{"line":200,"column":3}},"83":{"start":{"line":195,"column":4},"end":{"line":199,"column":5}},"84":{"start":{"line":196,"column":6},"end":{"line":196,"column":46}},"85":{"start":{"line":198,"column":6},"end":{"line":198,"column":44}},"86":{"start":{"line":202,"column":2},"end":{"line":202,"column":16}}},"fnMap":{"0":{"name":"(anonymous_0)","decl":{"start":{"line":11,"column":29},"end":{"line":11,"column":30}},"loc":{"start":{"line":15,"column":23},"end":{"line":33,"column":1}},"line":15},"1":{"name":"(anonymous_1)","decl":{"start":{"line":35,"column":33},"end":{"line":35,"column":34}},"loc":{"start":{"line":36,"column":2},"end":{"line":36,"column":48}},"line":36},"2":{"name":"(anonymous_2)","decl":{"start":{"line":38,"column":32},"end":{"line":38,"column":33}},"loc":{"start":{"line":39,"column":2},"end":{"line":39,"column":47}},"line":39},"3":{"name":"(anonymous_3)","decl":{"start":{"line":41,"column":29},"end":{"line":41,"column":30}},"loc":{"start":{"line":41,"column":66},"end":{"line":56,"column":1}},"line":41},"4":{"name":"(anonymous_4)","decl":{"start":{"line":58,"column":29},"end":{"line":58,"column":30}},"loc":{"start":{"line":58,"column":66},"end":{"line":73,"column":1}},"line":58},"5":{"name":"(anonymous_5)","decl":{"start":{"line":75,"column":33},"end":{"line":75,"column":34}},"loc":{"start":{"line":78,"column":23},"end":{"line":108,"column":1}},"line":78},"6":{"name":"(anonymous_6)","decl":{"start":{"line":110,"column":36},"end":{"line":110,"column":37}},"loc":{"start":{"line":112,"column":50},"end":{"line":140,"column":1}},"line":112},"7":{"name":"(anonymous_7)","decl":{"start":{"line":142,"column":36},"end":{"line":142,"column":37}},"loc":{"start":{"line":144,"column":47},"end":{"line":167,"column":1}},"line":144},"8":{"name":"(anonymous_8)","decl":{"start":{"line":169,"column":41},"end":{"line":169,"column":42}},"loc":{"start":{"line":171,"column":52},"end":{"line":203,"column":1}},"line":171}},"branchMap":{"0":{"loc":{"start":{"line":18,"column":2},"end":{"line":23,"column":3}},"type":"if","locations":[{"start":{"line":18,"column":2},"end":{"line":23,"column":3}},{"start":{},"end":{}}],"line":18},"1":{"loc":{"start":{"line":25,"column":2},"end":{"line":30,"column":3}},"type":"if","locations":[{"start":{"line":25,"column":2},"end":{"line":30,"column":3}},{"start":{},"end":{}}],"line":25},"2":{"loc":{"start":{"line":44,"column":2},"end":{"line":46,"column":3}},"type":"if","locations":[{"start":{"line":44,"column":2},"end":{"line":46,"column":3}},{"start":{},"end":{}}],"line":44},"3":{"loc":{"start":{"line":48,"column":2},"end":{"line":53,"column":3}},"type":"if","locations":[{"start":{"line":48,"column":2},"end":{"line":53,"column":3}},{"start":{},"end":{}}],"line":48},"4":{"loc":{"start":{"line":61,"column":2},"end":{"line":63,"column":3}},"type":"if","locations":[{"start":{"line":61,"column":2},"end":{"line":63,"column":3}},{"start":{},"end":{}}],"line":61},"5":{"loc":{"start":{"line":65,"column":2},"end":{"line":70,"column":3}},"type":"if","locations":[{"start":{"line":65,"column":2},"end":{"line":70,"column":3}},{"start":{},"end":{}}],"line":65},"6":{"loc":{"start":{"line":79,"column":2},"end":{"line":84,"column":3}},"type":"if","locations":[{"start":{"line":79,"column":2},"end":{"line":84,"column":3}},{"start":{},"end":{}}],"line":79},"7":{"loc":{"start":{"line":86,"column":2},"end":{"line":88,"column":3}},"type":"if","locations":[{"start":{"line":86,"column":2},"end":{"line":88,"column":3}},{"start":{},"end":{}}],"line":86},"8":{"loc":{"start":{"line":93,"column":2},"end":{"line":98,"column":3}},"type":"if","locations":[{"start":{"line":93,"column":2},"end":{"line":98,"column":3}},{"start":{},"end":{}}],"line":93},"9":{"loc":{"start":{"line":93,"column":6},"end":{"line":93,"column":84}},"type":"binary-expr","locations":[{"start":{"line":93,"column":6},"end":{"line":93,"column":44}},{"start":{"line":93,"column":48},"end":{"line":93,"column":84}}],"line":93},"10":{"loc":{"start":{"line":100,"column":2},"end":{"line":105,"column":3}},"type":"if","locations":[{"start":{"line":100,"column":2},"end":{"line":105,"column":3}},{"start":{},"end":{}}],"line":100},"11":{"loc":{"start":{"line":116,"column":2},"end":{"line":118,"column":3}},"type":"if","locations":[{"start":{"line":116,"column":2},"end":{"line":118,"column":3}},{"start":{},"end":{}}],"line":116},"12":{"loc":{"start":{"line":121,"column":2},"end":{"line":123,"column":3}},"type":"if","locations":[{"start":{"line":121,"column":2},"end":{"line":123,"column":3}},{"start":{},"end":{}}],"line":121},"13":{"loc":{"start":{"line":126,"column":2},"end":{"line":128,"column":3}},"type":"if","locations":[{"start":{"line":126,"column":2},"end":{"line":128,"column":3}},{"start":{},"end":{}}],"line":126},"14":{"loc":{"start":{"line":131,"column":2},"end":{"line":133,"column":3}},"type":"if","locations":[{"start":{"line":131,"column":2},"end":{"line":133,"column":3}},{"start":{},"end":{}}],"line":131},"15":{"loc":{"start":{"line":135,"column":2},"end":{"line":137,"column":3}},"type":"if","locations":[{"start":{"line":135,"column":2},"end":{"line":137,"column":3}},{"start":{},"end":{}}],"line":135},"16":{"loc":{"start":{"line":148,"column":2},"end":{"line":150,"column":3}},"type":"if","locations":[{"start":{"line":148,"column":2},"end":{"line":150,"column":3}},{"start":{},"end":{}}],"line":148},"17":{"loc":{"start":{"line":153,"column":2},"end":{"line":155,"column":3}},"type":"if","locations":[{"start":{"line":153,"column":2},"end":{"line":155,"column":3}},{"start":{},"end":{}}],"line":153},"18":{"loc":{"start":{"line":158,"column":2},"end":{"line":164,"column":3}},"type":"if","locations":[{"start":{"line":158,"column":2},"end":{"line":164,"column":3}},{"start":{},"end":{}}],"line":158},"19":{"loc":{"start":{"line":159,"column":4},"end":{"line":163,"column":5}},"type":"if","locations":[{"start":{"line":159,"column":4},"end":{"line":163,"column":5}},{"start":{"line":161,"column":11},"end":{"line":163,"column":5}}],"line":159},"20":{"loc":{"start":{"line":175,"column":2},"end":{"line":177,"column":3}},"type":"if","locations":[{"start":{"line":175,"column":2},"end":{"line":177,"column":3}},{"start":{},"end":{}}],"line":175},"21":{"loc":{"start":{"line":180,"column":2},"end":{"line":182,"column":3}},"type":"if","locations":[{"start":{"line":180,"column":2},"end":{"line":182,"column":3}},{"start":{},"end":{}}],"line":180},"22":{"loc":{"start":{"line":189,"column":2},"end":{"line":191,"column":3}},"type":"if","locations":[{"start":{"line":189,"column":2},"end":{"line":191,"column":3}},{"start":{},"end":{}}],"line":189},"23":{"loc":{"start":{"line":194,"column":2},"end":{"line":200,"column":3}},"type":"if","locations":[{"start":{"line":194,"column":2},"end":{"line":200,"column":3}},{"start":{},"end":{}}],"line":194},"24":{"loc":{"start":{"line":195,"column":4},"end":{"line":199,"column":5}},"type":"if","locations":[{"start":{"line":195,"column":4},"end":{"line":199,"column":5}},{"start":{"line":197,"column":11},"end":{"line":199,"column":5}}],"line":195}},"s":{"0":3,"1":3,"2":3,"3":37,"4":37,"5":16,"6":21,"7":0,"8":21,"9":3,"10":5,"11":3,"12":5,"13":3,"14":7,"15":7,"16":2,"17":5,"18":1,"19":4,"20":3,"21":7,"22":7,"23":4,"24":3,"25":1,"26":2,"27":3,"28":11,"29":4,"30":7,"31":4,"32":3,"33":3,"34":3,"35":0,"36":3,"37":2,"38":1,"39":3,"40":5,"41":5,"42":5,"43":2,"44":5,"45":5,"46":2,"47":5,"48":5,"49":2,"50":5,"51":5,"52":1,"53":5,"54":1,"55":5,"56":3,"57":4,"58":4,"59":4,"60":2,"61":4,"62":4,"63":2,"64":4,"65":4,"66":2,"67":2,"68":0,"69":4,"70":3,"71":4,"72":4,"73":4,"74":2,"75":4,"76":4,"77":2,"78":4,"79":4,"80":2,"81":4,"82":4,"83":2,"84":1,"85":1,"86":4},"f":{"0":37,"1":5,"2":5,"3":7,"4":7,"5":11,"6":5,"7":4,"8":4},"b":{"0":[16,21],"1":[0,21],"2":[2,5],"3":[1,4],"4":[4,3],"5":[1,2],"6":[4,7],"7":[4,3],"8":[0,3],"9":[3,3],"10":[2,1],"11":[2,3],"12":[2,3],"13":[2,3],"14":[1,4],"15":[1,4],"16":[2,2],"17":[2,2],"18":[2,2],"19":[2,0],"20":[2,2],"21":[2,2],"22":[2,2],"23":[2,2],"24":[1,1]},"_coverageSchema":"1a1c01bbd47fc00a2c39e90264f33305004495a9","hash":"2701f83120668104ac292ecbf49aa9e72b3944af"}
}
