TN:
SF:src/App.tsx
FN:8,App
FNF:1
FNH:1
FNDA:1,App
DA:9,1
LF:1
LH:1
BRF:0
BRH:0
end_of_record
TN:
SF:src/index.tsx
FNF:0
FNH:0
DA:7,0
DA:10,0
DA:19,0
LF:3
LH:0
BRF:0
BRH:0
end_of_record
TN:
SF:src/reportWebVitals.ts
FN:3,(anonymous_0)
FN:5,(anonymous_1)
FNF:2
FNH:0
FNDA:0,(anonymous_0)
FNDA:0,(anonymous_1)
DA:3,0
DA:4,0
DA:5,0
DA:6,0
DA:7,0
DA:8,0
DA:9,0
DA:10,0
LF:8
LH:0
BRDA:4,0,0,0
BRDA:4,0,1,0
BRDA:4,1,0,0
BRDA:4,1,1,0
BRF:4
BRH:0
end_of_record
TN:
SF:src/components/AddCandidate/AddCandidate.tsx
FN:40,(anonymous_0)
FN:48,(anonymous_1)
FN:55,(anonymous_2)
FN:63,(anonymous_3)
FN:69,(anonymous_4)
FN:76,(anonymous_5)
FN:78,(anonymous_6)
FN:79,(anonymous_7)
FN:82,(anonymous_8)
FN:85,(anonymous_9)
FN:87,(anonymous_10)
FN:88,(anonymous_11)
FN:95,(anonymous_12)
FN:104,(anonymous_13)
FN:110,(anonymous_14)
FN:120,(anonymous_15)
FN:126,(anonymous_16)
FN:135,(anonymous_17)
FN:169,(anonymous_18)
FN:181,(anonymous_19)
FN:183,(anonymous_20)
FN:184,(anonymous_21)
FN:190,(anonymous_22)
FN:191,(anonymous_23)
FN:199,(anonymous_24)
FN:208,(anonymous_25)
FN:209,(anonymous_26)
FN:220,(anonymous_27)
FN:228,(anonymous_28)
FN:229,(anonymous_29)
FN:236,(anonymous_30)
FN:240,(anonymous_31)
FN:243,(anonymous_32)
FN:250,(anonymous_33)
FN:251,(anonymous_34)
FN:253,(anonymous_35)
FN:265,(anonymous_36)
FN:267,(anonymous_37)
FN:280,(anonymous_38)
FN:281,(anonymous_39)
FN:292,(anonymous_40)
FN:300,(anonymous_41)
FN:301,(anonymous_42)
FN:309,(anonymous_43)
FN:314,(anonymous_44)
FN:317,(anonymous_45)
FN:324,(anonymous_46)
FN:329,(anonymous_47)
FN:331,(anonymous_48)
FN:343,(anonymous_49)
FN:345,(anonymous_50)
FN:358,(anonymous_51)
FN:360,(anonymous_52)
FN:365,(anonymous_53)
FN:371,(anonymous_54)
FN:382,(anonymous_55)
FN:387,(anonymous_56)
FN:397,(anonymous_57)
FN:402,(anonymous_58)
FN:410,(anonymous_59)
FN:415,(anonymous_60)
FN:425,(anonymous_61)
FN:468,(anonymous_62)
FN:509,(anonymous_63)
FN:529,(anonymous_64)
FN:549,(anonymous_65)
FN:569,(anonymous_66)
FN:588,(anonymous_67)
FN:604,(anonymous_68)
FN:615,(anonymous_69)
FN:641,(anonymous_70)
FN:663,(anonymous_71)
FN:689,(anonymous_72)
FN:711,(anonymous_73)
FN:733,(anonymous_74)
FN:742,(anonymous_75)
FN:762,(anonymous_76)
FN:785,(anonymous_77)
FN:811,(anonymous_78)
FN:833,(anonymous_79)
FN:849,(anonymous_80)
FNF:81
FNH:72
FNDA:192,(anonymous_0)
FNDA:193,(anonymous_1)
FNDA:193,(anonymous_2)
FNDA:193,(anonymous_3)
FNDA:192,(anonymous_4)
FNDA:192,(anonymous_5)
FNDA:192,(anonymous_6)
FNDA:192,(anonymous_7)
FNDA:9,(anonymous_8)
FNDA:3,(anonymous_9)
FNDA:3,(anonymous_10)
FNDA:3,(anonymous_11)
FNDA:2,(anonymous_12)
FNDA:2,(anonymous_13)
FNDA:2,(anonymous_14)
FNDA:2883,(anonymous_15)
FNDA:1924,(anonymous_16)
FNDA:1,(anonymous_17)
FNDA:191,(anonymous_18)
FNDA:3,(anonymous_19)
FNDA:3,(anonymous_20)
FNDA:3,(anonymous_21)
FNDA:52,(anonymous_22)
FNDA:52,(anonymous_23)
FNDA:52,(anonymous_24)
FNDA:1,(anonymous_25)
FNDA:1,(anonymous_26)
FNDA:1,(anonymous_27)
FNDA:1,(anonymous_28)
FNDA:1,(anonymous_29)
FNDA:2,(anonymous_30)
FNDA:1,(anonymous_31)
FNDA:2,(anonymous_32)
FNDA:36,(anonymous_33)
FNDA:36,(anonymous_34)
FNDA:36,(anonymous_35)
FNDA:36,(anonymous_36)
FNDA:36,(anonymous_37)
FNDA:1,(anonymous_38)
FNDA:1,(anonymous_39)
FNDA:1,(anonymous_40)
FNDA:1,(anonymous_41)
FNDA:1,(anonymous_42)
FNDA:2,(anonymous_43)
FNDA:1,(anonymous_44)
FNDA:2,(anonymous_45)
FNDA:86,(anonymous_46)
FNDA:86,(anonymous_47)
FNDA:86,(anonymous_48)
FNDA:86,(anonymous_49)
FNDA:86,(anonymous_50)
FNDA:0,(anonymous_51)
FNDA:0,(anonymous_52)
FNDA:0,(anonymous_53)
FNDA:2,(anonymous_54)
FNDA:1,(anonymous_55)
FNDA:1,(anonymous_56)
FNDA:0,(anonymous_57)
FNDA:0,(anonymous_58)
FNDA:1,(anonymous_59)
FNDA:1,(anonymous_60)
FNDA:3,(anonymous_61)
FNDA:2,(anonymous_62)
FNDA:6,(anonymous_63)
FNDA:16,(anonymous_64)
FNDA:30,(anonymous_65)
FNDA:0,(anonymous_66)
FNDA:0,(anonymous_67)
FNDA:193,(anonymous_68)
FNDA:12,(anonymous_69)
FNDA:22,(anonymous_70)
FNDA:2,(anonymous_71)
FNDA:0,(anonymous_72)
FNDA:1,(anonymous_73)
FNDA:193,(anonymous_74)
FNDA:36,(anonymous_75)
FNDA:16,(anonymous_76)
FNDA:32,(anonymous_77)
FNDA:2,(anonymous_78)
FNDA:0,(anonymous_79)
FNDA:1,(anonymous_80)
DA:21,2
DA:22,2
DA:23,2
DA:24,2
DA:40,192
DA:48,193
DA:55,193
DA:63,193
DA:69,192
DA:76,192
DA:78,192
DA:79,192
DA:82,2
DA:83,9
DA:85,2
DA:86,3
DA:87,3
DA:88,3
DA:89,3
DA:92,3
DA:95,2
DA:98,2
DA:104,2
DA:110,2
DA:120,2
DA:121,2883
DA:123,2883
DA:126,2
DA:127,1924
DA:135,2
DA:136,1
DA:137,1
DA:138,1
DA:142,1
DA:144,0
DA:146,1
DA:148,0
DA:150,0
DA:152,0
DA:154,0
DA:162,0
DA:163,0
DA:166,0
DA:169,2
DA:170,191
DA:171,191
DA:173,191
DA:174,191
DA:175,191
DA:176,191
DA:177,191
DA:178,191
DA:179,191
DA:181,191
DA:183,3
DA:185,3
DA:190,191
DA:191,52
DA:199,52
DA:208,191
DA:209,1
DA:210,1
DA:211,0
DA:214,1
DA:220,1
DA:225,1
DA:228,191
DA:229,1
DA:230,1
DA:231,0
DA:234,1
DA:236,2
DA:240,1
DA:243,2
DA:247,1
DA:250,191
DA:251,36
DA:254,36
DA:255,0
DA:258,36
DA:265,36
DA:268,36
DA:269,0
DA:272,36
DA:280,191
DA:281,1
DA:282,1
DA:283,0
DA:286,1
DA:292,1
DA:297,1
DA:300,191
DA:301,1
DA:302,1
DA:303,0
DA:306,1
DA:309,2
DA:314,1
DA:317,2
DA:321,1
DA:324,191
DA:329,86
DA:332,86
DA:333,0
DA:336,86
DA:343,86
DA:346,86
DA:347,0
DA:350,86
DA:358,191
DA:359,0
DA:360,0
DA:365,0
DA:371,191
DA:372,2
DA:374,2
DA:375,0
DA:376,0
DA:379,2
DA:380,1
DA:381,1
DA:382,1
DA:386,1
DA:387,1
DA:391,1
DA:394,1
DA:395,0
DA:396,0
DA:397,0
DA:401,0
DA:402,0
DA:406,0
DA:409,1
DA:410,1
DA:415,1
DA:425,191
DA:426,3
DA:428,3
DA:429,3
DA:431,3
DA:432,3
DA:434,3
DA:435,1
DA:436,1
DA:439,2
DA:441,2
DA:444,2
DA:445,1
DA:446,1
DA:449,2
DA:450,2
DA:452,1
DA:453,1
DA:455,1
DA:456,1
DA:457,1
DA:458,1
DA:459,1
DA:460,1
DA:462,1
DA:464,2
DA:468,191
DA:470,191
DA:509,6
DA:529,16
DA:549,30
DA:569,0
DA:588,0
DA:605,193
DA:615,12
DA:641,22
DA:663,2
DA:689,0
DA:711,1
DA:734,193
DA:742,36
DA:762,16
DA:785,32
DA:811,2
DA:833,0
DA:849,1
LF:181
LH:150
BRDA:92,0,0,3
BRDA:92,0,1,2
BRDA:92,0,2,2
BRDA:92,0,3,2
BRDA:102,1,0,2
BRDA:102,1,1,2
BRDA:103,2,0,2
BRDA:103,2,1,2
BRDA:108,3,0,2
BRDA:108,3,1,2
BRDA:115,4,0,2
BRDA:115,4,1,2
BRDA:123,5,0,201
BRDA:123,5,1,2682
BRDA:136,6,0,1
BRDA:136,6,1,0
BRDA:142,7,0,0
BRDA:142,7,1,1
BRDA:142,7,2,0
BRDA:142,7,3,0
BRDA:142,7,4,0
BRDA:142,7,5,0
BRDA:144,8,0,0
BRDA:144,8,1,0
BRDA:155,9,0,0
BRDA:155,9,1,0
BRDA:155,9,2,0
BRDA:162,10,0,0
BRDA:162,10,1,0
BRDA:187,11,0,3
BRDA:187,11,1,3
BRDA:210,12,0,0
BRDA:210,12,1,1
BRDA:230,13,0,0
BRDA:230,13,1,1
BRDA:242,14,0,1
BRDA:242,14,1,0
BRDA:254,15,0,0
BRDA:254,15,1,36
BRDA:268,16,0,0
BRDA:268,16,1,36
BRDA:282,17,0,0
BRDA:282,17,1,1
BRDA:302,18,0,0
BRDA:302,18,1,1
BRDA:316,19,0,1
BRDA:316,19,1,0
BRDA:332,20,0,0
BRDA:332,20,1,86
BRDA:346,21,0,0
BRDA:346,21,1,86
BRDA:372,22,0,2
BRDA:372,22,1,0
BRDA:374,23,0,0
BRDA:374,23,1,2
BRDA:379,24,0,1
BRDA:379,24,1,1
BRDA:394,25,0,0
BRDA:394,25,1,1
BRDA:434,26,0,1
BRDA:434,26,1,2
BRDA:444,27,0,1
BRDA:444,27,1,1
BRDA:486,28,0,2
BRDA:486,28,1,189
BRDA:492,29,0,1
BRDA:492,29,1,190
BRDA:514,30,0,1
BRDA:514,30,1,190
BRDA:534,31,0,1
BRDA:534,31,1,190
BRDA:554,32,0,1
BRDA:554,32,1,190
BRDA:572,33,0,0
BRDA:572,33,1,191
BRDA:591,34,0,0
BRDA:591,34,1,191
BRDA:620,35,0,1
BRDA:620,35,1,192
BRDA:646,36,0,1
BRDA:646,36,1,192
BRDA:668,37,0,1
BRDA:668,37,1,192
BRDA:692,38,0,0
BRDA:692,38,1,193
BRDA:712,39,0,193
BRDA:712,39,1,4
BRDA:724,40,0,191
BRDA:724,40,1,191
BRDA:747,41,0,1
BRDA:747,41,1,192
BRDA:767,42,0,1
BRDA:767,42,1,192
BRDA:790,43,0,1
BRDA:790,43,1,192
BRDA:816,44,0,1
BRDA:816,44,1,192
BRDA:836,45,0,0
BRDA:836,45,1,193
BRDA:850,46,0,193
BRDA:850,46,1,4
BRDA:862,47,0,191
BRDA:862,47,1,191
BRDA:878,48,0,191
BRDA:878,48,1,190
BRDA:881,49,0,1
BRDA:881,49,1,190
BRDA:881,50,0,191
BRDA:881,50,1,190
BRDA:888,51,0,191
BRDA:888,51,1,190
BRDA:892,52,0,2
BRDA:892,52,1,189
BRDA:911,53,0,2
BRDA:911,53,1,189
BRF:115
BRH:85
end_of_record
TN:
SF:src/components/Dashboard/DashboardHome.tsx
FN:9,(anonymous_0)
FNF:1
FNH:1
FNDA:1,(anonymous_0)
DA:9,1
DA:10,1
DA:11,1
DA:13,1
LF:4
LH:4
BRDA:23,0,0,0
BRDA:23,0,1,1
BRF:2
BRH:1
end_of_record
TN:
SF:src/services/candidateService.ts
FN:10,(anonymous_0)
FN:23,(anonymous_1)
FNF:2
FNH:2
FNDA:1,(anonymous_0)
FNDA:1,(anonymous_1)
DA:5,4
DA:10,4
DA:11,1
DA:12,1
DA:14,1
DA:20,1
DA:23,4
DA:24,1
DA:25,1
LF:9
LH:9
BRDA:6,0,0,4
BRDA:6,0,1,0
BRF:2
BRH:1
end_of_record
TN:
SF:src/types/candidate.types.ts
FNF:0
FNH:0
LF:0
LH:0
BRF:0
BRH:0
end_of_record
TN:
SF:src/utils/validationUtils.ts
FN:11,(anonymous_0)
FN:35,(anonymous_1)
FN:38,(anonymous_2)
FN:41,(anonymous_3)
FN:58,(anonymous_4)
FN:75,(anonymous_5)
FN:110,(anonymous_6)
FN:142,(anonymous_7)
FN:169,(anonymous_8)
FNF:9
FNH:9
FNDA:37,(anonymous_0)
FNDA:5,(anonymous_1)
FNDA:5,(anonymous_2)
FNDA:7,(anonymous_3)
FNDA:7,(anonymous_4)
FNDA:11,(anonymous_5)
FNDA:5,(anonymous_6)
FNDA:4,(anonymous_7)
FNDA:4,(anonymous_8)
DA:8,3
DA:9,3
DA:11,3
DA:16,37
DA:18,37
DA:19,16
DA:25,21
DA:26,0
DA:32,21
DA:35,3
DA:36,5
DA:38,3
DA:39,5
DA:41,3
DA:42,7
DA:44,7
DA:45,2
DA:48,5
DA:49,1
DA:55,4
DA:58,3
DA:59,7
DA:61,7
DA:62,4
DA:65,3
DA:66,1
DA:72,2
DA:75,3
DA:79,11
DA:80,4
DA:86,7
DA:87,4
DA:90,3
DA:91,3
DA:93,3
DA:94,0
DA:100,3
DA:101,2
DA:107,1
DA:110,3
DA:113,5
DA:115,5
DA:116,5
DA:117,2
DA:120,5
DA:121,5
DA:122,2
DA:125,5
DA:126,5
DA:127,2
DA:130,5
DA:131,5
DA:132,1
DA:135,5
DA:136,1
DA:139,5
DA:142,3
DA:145,4
DA:147,4
DA:148,4
DA:149,2
DA:152,4
DA:153,4
DA:154,2
DA:157,4
DA:158,4
DA:159,2
DA:160,2
DA:162,0
DA:166,4
DA:169,3
DA:172,4
DA:174,4
DA:175,4
DA:176,2
DA:179,4
DA:180,4
DA:181,2
DA:184,4
DA:189,4
DA:190,2
DA:193,4
DA:194,4
DA:195,2
DA:196,1
DA:198,1
DA:202,4
LF:87
LH:84
BRDA:18,0,0,16
BRDA:18,0,1,21
BRDA:25,1,0,0
BRDA:25,1,1,21
BRDA:44,2,0,2
BRDA:44,2,1,5
BRDA:48,3,0,1
BRDA:48,3,1,4
BRDA:61,4,0,4
BRDA:61,4,1,3
BRDA:65,5,0,1
BRDA:65,5,1,2
BRDA:79,6,0,4
BRDA:79,6,1,7
BRDA:86,7,0,4
BRDA:86,7,1,3
BRDA:93,8,0,0
BRDA:93,8,1,3
BRDA:93,9,0,3
BRDA:93,9,1,3
BRDA:100,10,0,2
BRDA:100,10,1,1
BRDA:116,11,0,2
BRDA:116,11,1,3
BRDA:121,12,0,2
BRDA:121,12,1,3
BRDA:126,13,0,2
BRDA:126,13,1,3
BRDA:131,14,0,1
BRDA:131,14,1,4
BRDA:135,15,0,1
BRDA:135,15,1,4
BRDA:148,16,0,2
BRDA:148,16,1,2
BRDA:153,17,0,2
BRDA:153,17,1,2
BRDA:158,18,0,2
BRDA:158,18,1,2
BRDA:159,19,0,2
BRDA:159,19,1,0
BRDA:175,20,0,2
BRDA:175,20,1,2
BRDA:180,21,0,2
BRDA:180,21,1,2
BRDA:189,22,0,2
BRDA:189,22,1,2
BRDA:194,23,0,2
BRDA:194,23,1,2
BRDA:195,24,0,1
BRDA:195,24,1,1
BRF:50
BRH:47
end_of_record
