{"/Users/jesusramirezguerrero/dev/projects/personal/AI4Devs-lab-ides-2603-Sr_II/backend/src/index.ts": {"path":"/Users/jesusramirezguerrero/dev/projects/personal/AI4Devs-lab-ides-2603-Sr_II/backend/src/index.ts","statementMap":{"0":{"start":{"line":1,"column":0},"end":{"line":1,"column":30}},"1":{"start":{"line":2,"column":0},"end":{"line":2,"column":46}},"2":{"start":{"line":3,"column":0},"end":{"line":3,"column":28}},"3":{"start":{"line":5,"column":0},"end":{"line":5,"column":49}},"4":{"start":{"line":6,"column":0},"end":{"line":6,"column":65}},"5":{"start":{"line":7,"column":0},"end":{"line":7,"column":63}},"6":{"start":{"line":8,"column":0},"end":{"line":8,"column":57}},"7":{"start":{"line":10,"column":0},"end":{"line":10,"column":16}},"8":{"start":{"line":11,"column":15},"end":{"line":11,"column":33}},"9":{"start":{"line":13,"column":13},"end":{"line":13,"column":29}},"10":{"start":{"line":14,"column":0},"end":{"line":14,"column":22}},"11":{"start":{"line":16,"column":13},"end":{"line":16,"column":17}},"12":{"start":{"line":19,"column":0},"end":{"line":19,"column":25}},"13":{"start":{"line":22,"column":0},"end":{"line":22,"column":24}},"14":{"start":{"line":24,"column":0},"end":{"line":26,"column":3}},"15":{"start":{"line":25,"column":2},"end":{"line":25,"column":24}},"16":{"start":{"line":29,"column":0},"end":{"line":29,"column":22}},"17":{"start":{"line":30,"column":0},"end":{"line":30,"column":39}},"18":{"start":{"line":33,"column":0},"end":{"line":33,"column":22}},"19":{"start":{"line":43,"column":9},"end":{"line":43,"column":15}},"20":{"start":{"line":37,"column":0},"end":{"line":41,"column":null}},"21":{"start":{"line":38,"column":2},"end":{"line":40,"column":5}},"22":{"start":{"line":39,"column":4},"end":{"line":39,"column":65}}},"fnMap":{"0":{"name":"(anonymous_1)","decl":{"start":{"line":24,"column":13},"end":{"line":24,"column":14}},"loc":{"start":{"line":24,"column":22},"end":{"line":26,"column":1}}},"1":{"name":"(anonymous_2)","decl":{"start":{"line":38,"column":28},"end":{"line":38,"column":null}},"loc":{"start":{"line":38,"column":28},"end":{"line":40,"column":3}}}},"branchMap":{"0":{"loc":{"start":{"line":37,"column":0},"end":{"line":41,"column":null}},"type":"if","locations":[{"start":{"line":37,"column":0},"end":{"line":41,"column":null}}]}},"s":{"0":2,"1":2,"2":2,"3":2,"4":2,"5":2,"6":2,"7":2,"8":2,"9":2,"10":2,"11":2,"12":2,"13":2,"14":2,"15":1,"16":2,"17":2,"18":2,"19":2,"20":2,"21":0,"22":0},"f":{"0":1,"1":0},"b":{"0":[0]}}
,"/Users/jesusramirezguerrero/dev/projects/personal/AI4Devs-lab-ides-2603-Sr_II/backend/src/application/services/candidateService.ts": {"path":"/Users/jesusramirezguerrero/dev/projects/personal/AI4Devs-lab-ides-2603-Sr_II/backend/src/application/services/candidateService.ts","statementMap":{"0":{"start":{"line":2,"column":0},"end":{"line":2,"column":70}},"1":{"start":{"line":7,"column":0},"end":{"line":7,"column":null}},"2":{"start":{"line":11,"column":0},"end":{"line":11,"column":77}},"3":{"start":{"line":13,"column":0},"end":{"line":13,"column":13}},"4":{"start":{"line":18,"column":4},"end":{"line":18,"column":25}},"5":{"start":{"line":19,"column":4},"end":{"line":19,"column":46}},"6":{"start":{"line":27,"column":8},"end":{"line":175,"column":null}},"7":{"start":{"line":31,"column":10},"end":{"line":52,"column":6}},"8":{"start":{"line":41,"column":51},"end":{"line":45,"column":9}},"9":{"start":{"line":46,"column":61},"end":{"line":51,"column":9}},"10":{"start":{"line":55,"column":10},"end":{"line":61,"column":7}},"11":{"start":{"line":64,"column":10},"end":{"line":64,"column":74}},"12":{"start":{"line":65,"column":4},"end":{"line":75,"column":null}},"13":{"start":{"line":66,"column":6},"end":{"line":74,"column":9}},"14":{"start":{"line":67,"column":23},"end":{"line":67,"column":60}},"15":{"start":{"line":68,"column":8},"end":{"line":73,"column":11}},"16":{"start":{"line":69,"column":10},"end":{"line":72,"column":13}},"17":{"start":{"line":78,"column":10},"end":{"line":78,"column":79}},"18":{"start":{"line":79,"column":4},"end":{"line":89,"column":null}},"19":{"start":{"line":80,"column":6},"end":{"line":88,"column":9}},"20":{"start":{"line":81,"column":23},"end":{"line":81,"column":65}},"21":{"start":{"line":82,"column":8},"end":{"line":87,"column":11}},"22":{"start":{"line":83,"column":10},"end":{"line":86,"column":13}},"23":{"start":{"line":91,"column":10},"end":{"line":95,"column":6}},"24":{"start":{"line":96,"column":4},"end":{"line":98,"column":null}},"25":{"start":{"line":97,"column":6},"end":{"line":97,"column":70}},"26":{"start":{"line":101,"column":19},"end":{"line":162,"column":null}},"27":{"start":{"line":101,"column":59},"end":{"line":162,"column":6}},"28":{"start":{"line":103,"column":32},"end":{"line":105,"column":null}},"29":{"start":{"line":103,"column":12},"end":{"line":105,"column":null}},"30":{"start":{"line":107,"column":6},"end":{"line":109,"column":null}},"31":{"start":{"line":108,"column":8},"end":{"line":108,"column":55}},"32":{"start":{"line":112,"column":24},"end":{"line":120,"column":null}},"33":{"start":{"line":112,"column":12},"end":{"line":120,"column":null}},"34":{"start":{"line":123,"column":10},"end":{"line":123,"column":19}},"35":{"start":{"line":124,"column":8},"end":{"line":132,"column":11}},"36":{"start":{"line":125,"column":50},"end":{"line":131,"column":13}},"37":{"start":{"line":136,"column":10},"end":{"line":136,"column":19}},"38":{"start":{"line":137,"column":8},"end":{"line":146,"column":11}},"39":{"start":{"line":138,"column":55},"end":{"line":145,"column":13}},"40":{"start":{"line":150,"column":10},"end":{"line":150,"column":19}},"41":{"start":{"line":151,"column":8},"end":{"line":158,"column":11}},"42":{"start":{"line":161,"column":6},"end":{"line":161,"column":23}},"43":{"start":{"line":101,"column":10},"end":{"line":162,"column":null}},"44":{"start":{"line":165,"column":4},"end":{"line":174,"column":6}},"45":{"start":{"line":180,"column":8},"end":{"line":197,"column":null}},"46":{"start":{"line":181,"column":22},"end":{"line":183,"column":null}},"47":{"start":{"line":181,"column":10},"end":{"line":183,"column":null}},"48":{"start":{"line":185,"column":4},"end":{"line":185,"column":32}},"49":{"start":{"line":185,"column":20},"end":{"line":185,"column":32}},"50":{"start":{"line":187,"column":4},"end":{"line":196,"column":6}},"51":{"start":{"line":198,"column":0},"end":{"line":198,"column":null}},"52":{"start":{"line":13,"column":13},"end":{"line":13,"column":29}}},"fnMap":{"0":{"name":"(anonymous_16)","decl":{"start":{"line":13,"column":0},"end":{"line":13,"column":13}},"loc":{"start":{"line":13,"column":0},"end":{"line":198,"column":null}}},"1":{"name":"CandidateService","decl":{"start":{"line":17,"column":2},"end":{"line":17,"column":14}},"loc":{"start":{"line":17,"column":34},"end":{"line":20,"column":3}}},"2":{"name":"(anonymous_18)","decl":{"start":{"line":27,"column":2},"end":{"line":27,"column":8}},"loc":{"start":{"line":28,"column":35},"end":{"line":175,"column":null}}},"3":{"name":"(anonymous_21)","decl":{"start":{"line":41,"column":42},"end":{"line":41,"column":43}},"loc":{"start":{"line":41,"column":46},"end":{"line":41,"column":null}}},"4":{"name":"(anonymous_22)","decl":{"start":{"line":46,"column":52},"end":{"line":46,"column":53}},"loc":{"start":{"line":46,"column":56},"end":{"line":46,"column":null}}},"5":{"name":"(anonymous_23)","decl":{"start":{"line":66,"column":35},"end":{"line":66,"column":36}},"loc":{"start":{"line":66,"column":46},"end":{"line":74,"column":7}}},"6":{"name":"(anonymous_24)","decl":{"start":{"line":68,"column":23},"end":{"line":68,"column":24}},"loc":{"start":{"line":68,"column":27},"end":{"line":73,"column":9}}},"7":{"name":"(anonymous_25)","decl":{"start":{"line":80,"column":40},"end":{"line":80,"column":41}},"loc":{"start":{"line":80,"column":51},"end":{"line":88,"column":7}}},"8":{"name":"(anonymous_26)","decl":{"start":{"line":82,"column":23},"end":{"line":82,"column":24}},"loc":{"start":{"line":82,"column":27},"end":{"line":87,"column":9}}},"9":{"name":"(anonymous_27)","decl":{"start":{"line":101,"column":50},"end":{"line":101,"column":57}},"loc":{"start":{"line":101,"column":59},"end":{"line":162,"column":6}}},"10":{"name":"(anonymous_28)","decl":{"start":{"line":101,"column":59},"end":{"line":101,"column":null}},"loc":{"start":{"line":101,"column":59},"end":{"line":162,"column":6}}},"11":{"name":"(anonymous_30)","decl":{"start":{"line":125,"column":41},"end":{"line":125,"column":42}},"loc":{"start":{"line":125,"column":45},"end":{"line":125,"column":51}}},"12":{"name":"(anonymous_31)","decl":{"start":{"line":138,"column":46},"end":{"line":138,"column":47}},"loc":{"start":{"line":138,"column":50},"end":{"line":138,"column":56}}},"13":{"name":"(anonymous_32)","decl":{"start":{"line":180,"column":2},"end":{"line":180,"column":8}},"loc":{"start":{"line":180,"column":35},"end":{"line":197,"column":null}}}},"branchMap":{"0":{"loc":{"start":{"line":36,"column":13},"end":{"line":36,"column":70}},"type":"cond-expr","locations":[{"start":{"line":36,"column":29},"end":{"line":36,"column":58}},{"start":{"line":36,"column":61},"end":{"line":36,"column":70}}]},"1":{"loc":{"start":{"line":37,"column":15},"end":{"line":37,"column":76}},"type":"cond-expr","locations":[{"start":{"line":37,"column":33},"end":{"line":37,"column":64}},{"start":{"line":37,"column":67},"end":{"line":37,"column":76}}]},"2":{"loc":{"start":{"line":38,"column":18},"end":{"line":40,"column":19}},"type":"cond-expr","locations":[{"start":{"line":39,"column":10},"end":{"line":39,"column":42}},{"start":{"line":40,"column":10},"end":{"line":40,"column":19}}]},"3":{"loc":{"start":{"line":41,"column":18},"end":{"line":45,"column":9}},"type":"cond-expr","locations":[{"start":{"line":41,"column":36},"end":{"line":41,"column":38}},{"start":{"line":41,"column":36},"end":{"line":45,"column":9}}]},"4":{"loc":{"start":{"line":41,"column":18},"end":{"line":41,"column":38}},"type":"binary-expr","locations":[{"start":{"line":41,"column":18},"end":{"line":41,"column":38}},{"start":{"line":41,"column":36},"end":{"line":41,"column":38}}]},"5":{"loc":{"start":{"line":46,"column":23},"end":{"line":51,"column":9}},"type":"cond-expr","locations":[{"start":{"line":46,"column":46},"end":{"line":46,"column":48}},{"start":{"line":46,"column":46},"end":{"line":51,"column":9}}]},"6":{"loc":{"start":{"line":46,"column":23},"end":{"line":46,"column":48}},"type":"binary-expr","locations":[{"start":{"line":46,"column":23},"end":{"line":46,"column":48}},{"start":{"line":46,"column":46},"end":{"line":46,"column":48}}]},"7":{"loc":{"start":{"line":65,"column":4},"end":{"line":75,"column":null}},"type":"if","locations":[{"start":{"line":65,"column":4},"end":{"line":75,"column":null}}]},"8":{"loc":{"start":{"line":65,"column":8},"end":{"line":65,"column":63}},"type":"binary-expr","locations":[{"start":{"line":65,"column":8},"end":{"line":65,"column":28}},{"start":{"line":65,"column":32},"end":{"line":65,"column":63}}]},"9":{"loc":{"start":{"line":79,"column":4},"end":{"line":89,"column":null}},"type":"if","locations":[{"start":{"line":79,"column":4},"end":{"line":89,"column":null}}]},"10":{"loc":{"start":{"line":79,"column":8},"end":{"line":79,"column":73}},"type":"binary-expr","locations":[{"start":{"line":79,"column":8},"end":{"line":79,"column":33}},{"start":{"line":79,"column":37},"end":{"line":79,"column":73}}]},"11":{"loc":{"start":{"line":96,"column":4},"end":{"line":98,"column":null}},"type":"if","locations":[{"start":{"line":96,"column":4},"end":{"line":98,"column":null}}]},"12":{"loc":{"start":{"line":103,"column":32},"end":{"line":105,"column":null}},"type":"switch","locations":[{"start":{"line":103,"column":32},"end":{"line":105,"column":null}},{"start":{"line":161,"column":6},"end":{"line":161,"column":23}}]},"13":{"loc":{"start":{"line":107,"column":6},"end":{"line":109,"column":null}},"type":"if","locations":[{"start":{"line":107,"column":6},"end":{"line":109,"column":null}}]},"14":{"loc":{"start":{"line":117,"column":17},"end":{"line":117,"column":40}},"type":"binary-expr","locations":[{"start":{"line":117,"column":17},"end":{"line":117,"column":32}},{"start":{"line":117,"column":36},"end":{"line":117,"column":40}}]},"15":{"loc":{"start":{"line":118,"column":19},"end":{"line":118,"column":44}},"type":"binary-expr","locations":[{"start":{"line":118,"column":19},"end":{"line":118,"column":36}},{"start":{"line":118,"column":40},"end":{"line":118,"column":44}}]},"16":{"loc":{"start":{"line":123,"column":10},"end":{"line":123,"column":19}},"type":"if","locations":[{"start":{"line":123,"column":10},"end":{"line":123,"column":19}}]},"17":{"loc":{"start":{"line":123,"column":10},"end":{"line":123,"column":65}},"type":"binary-expr","locations":[{"start":{"line":123,"column":10},"end":{"line":123,"column":30}},{"start":{"line":123,"column":34},"end":{"line":123,"column":65}}]},"18":{"loc":{"start":{"line":129,"column":21},"end":{"line":129,"column":63}},"type":"cond-expr","locations":[{"start":{"line":129,"column":35},"end":{"line":129,"column":56}},{"start":{"line":129,"column":59},"end":{"line":129,"column":63}}]},"19":{"loc":{"start":{"line":136,"column":10},"end":{"line":136,"column":19}},"type":"if","locations":[{"start":{"line":136,"column":10},"end":{"line":136,"column":19}}]},"20":{"loc":{"start":{"line":136,"column":10},"end":{"line":136,"column":75}},"type":"binary-expr","locations":[{"start":{"line":136,"column":10},"end":{"line":136,"column":35}},{"start":{"line":136,"column":39},"end":{"line":136,"column":75}}]},"21":{"loc":{"start":{"line":143,"column":21},"end":{"line":143,"column":63}},"type":"cond-expr","locations":[{"start":{"line":143,"column":35},"end":{"line":143,"column":56}},{"start":{"line":143,"column":59},"end":{"line":143,"column":63}}]},"22":{"loc":{"start":{"line":150,"column":10},"end":{"line":150,"column":19}},"type":"if","locations":[{"start":{"line":150,"column":10},"end":{"line":150,"column":19}}]},"23":{"loc":{"start":{"line":154,"column":22},"end":{"line":154,"column":61}},"type":"binary-expr","locations":[{"start":{"line":154,"column":22},"end":{"line":154,"column":40}},{"start":{"line":154,"column":44},"end":{"line":154,"column":61}}]},"24":{"loc":{"start":{"line":155,"column":22},"end":{"line":155,"column":45}},"type":"binary-expr","locations":[{"start":{"line":155,"column":22},"end":{"line":155,"column":40}},{"start":{"line":155,"column":44},"end":{"line":155,"column":45}}]},"25":{"loc":{"start":{"line":170,"column":13},"end":{"line":170,"column":38}},"type":"binary-expr","locations":[{"start":{"line":170,"column":13},"end":{"line":170,"column":25}},{"start":{"line":170,"column":29},"end":{"line":170,"column":38}}]},"26":{"loc":{"start":{"line":171,"column":15},"end":{"line":171,"column":42}},"type":"binary-expr","locations":[{"start":{"line":171,"column":15},"end":{"line":171,"column":29}},{"start":{"line":171,"column":33},"end":{"line":171,"column":42}}]},"27":{"loc":{"start":{"line":181,"column":22},"end":{"line":183,"column":null}},"type":"switch","locations":[{"start":{"line":181,"column":22},"end":{"line":183,"column":null}}]},"28":{"loc":{"start":{"line":185,"column":4},"end":{"line":185,"column":32}},"type":"if","locations":[{"start":{"line":185,"column":4},"end":{"line":185,"column":32}}]},"29":{"loc":{"start":{"line":192,"column":13},"end":{"line":192,"column":41}},"type":"binary-expr","locations":[{"start":{"line":192,"column":13},"end":{"line":192,"column":28}},{"start":{"line":192,"column":32},"end":{"line":192,"column":41}}]},"30":{"loc":{"start":{"line":193,"column":15},"end":{"line":193,"column":45}},"type":"binary-expr","locations":[{"start":{"line":193,"column":15},"end":{"line":193,"column":32}},{"start":{"line":193,"column":36},"end":{"line":193,"column":45}}]}},"s":{"0":3,"1":3,"2":3,"3":3,"4":6,"5":6,"6":3,"7":8,"8":6,"9":6,"10":8,"11":8,"12":8,"13":6,"14":6,"15":6,"16":0,"17":8,"18":8,"19":6,"20":6,"21":6,"22":0,"23":8,"24":8,"25":2,"26":6,"27":6,"28":6,"29":6,"30":6,"31":2,"32":4,"33":4,"34":4,"35":8,"36":4,"37":4,"38":8,"39":4,"40":5,"41":2,"42":3,"43":6,"44":3,"45":3,"46":0,"47":0,"48":0,"49":0,"50":0,"51":3,"52":3},"f":{"0":3,"1":6,"2":8,"3":6,"4":6,"5":6,"6":0,"7":6,"8":0,"9":6,"10":6,"11":4,"12":4,"13":0},"b":{"0":[6,2],"1":[6,2],"2":[3,5],"3":[2,6],"4":[8,8],"5":[2,6],"6":[8,8],"7":[6],"8":[8,6],"9":[6],"10":[8,6],"11":[2],"12":[6,3],"13":[2],"14":[4,0],"15":[4,0],"16":[0],"17":[4,4],"18":[4,0],"19":[0],"20":[4,4],"21":[4,0],"22":[2],"23":[1,0],"24":[1,0],"25":[3,0],"26":[3,0],"27":[0],"28":[0],"29":[0,0],"30":[0,0]}}
,"/Users/jesusramirezguerrero/dev/projects/personal/AI4Devs-lab-ides-2603-Sr_II/backend/src/application/validators/candidateValidator.ts": {"path":"/Users/jesusramirezguerrero/dev/projects/personal/AI4Devs-lab-ides-2603-Sr_II/backend/src/application/validators/candidateValidator.ts","statementMap":{"0":{"start":{"line":6,"column":0},"end":{"line":6,"column":13}},"1":{"start":{"line":10,"column":17},"end":{"line":13,"column":null}},"2":{"start":{"line":11,"column":23},"end":{"line":11,"column":51}},"3":{"start":{"line":12,"column":4},"end":{"line":12,"column":34}},"4":{"start":{"line":18,"column":17},"end":{"line":22,"column":null}},"5":{"start":{"line":20,"column":23},"end":{"line":20,"column":44}},"6":{"start":{"line":21,"column":4},"end":{"line":21,"column":34}},"7":{"start":{"line":27,"column":17},"end":{"line":33,"column":null}},"8":{"start":{"line":31,"column":4},"end":{"line":31,"column":30}},"9":{"start":{"line":31,"column":18},"end":{"line":31,"column":30}},"10":{"start":{"line":32,"column":4},"end":{"line":32,"column":32}},"11":{"start":{"line":38,"column":17},"end":{"line":45,"column":null}},"12":{"start":{"line":43,"column":19},"end":{"line":43,"column":37}},"13":{"start":{"line":44,"column":4},"end":{"line":44,"column":54}},"14":{"start":{"line":50,"column":17},"end":{"line":52,"column":null}},"15":{"start":{"line":51,"column":4},"end":{"line":51,"column":83}},"16":{"start":{"line":57,"column":2},"end":{"line":128,"column":null}},"17":{"start":{"line":64,"column":38},"end":{"line":64,"column":40}},"18":{"start":{"line":67,"column":4},"end":{"line":77,"column":null}},"19":{"start":{"line":68,"column":6},"end":{"line":71,"column":9}},"20":{"start":{"line":72,"column":11},"end":{"line":77,"column":null}},"21":{"start":{"line":73,"column":6},"end":{"line":76,"column":9}},"22":{"start":{"line":80,"column":4},"end":{"line":90,"column":null}},"23":{"start":{"line":81,"column":6},"end":{"line":84,"column":9}},"24":{"start":{"line":85,"column":11},"end":{"line":90,"column":null}},"25":{"start":{"line":86,"column":6},"end":{"line":89,"column":9}},"26":{"start":{"line":93,"column":4},"end":{"line":103,"column":null}},"27":{"start":{"line":94,"column":6},"end":{"line":97,"column":9}},"28":{"start":{"line":98,"column":11},"end":{"line":103,"column":null}},"29":{"start":{"line":99,"column":6},"end":{"line":102,"column":9}},"30":{"start":{"line":106,"column":4},"end":{"line":114,"column":null}},"31":{"start":{"line":110,"column":6},"end":{"line":113,"column":9}},"32":{"start":{"line":117,"column":4},"end":{"line":125,"column":null}},"33":{"start":{"line":121,"column":6},"end":{"line":124,"column":9}},"34":{"start":{"line":127,"column":4},"end":{"line":127,"column":18}},"35":{"start":{"line":133,"column":2},"end":{"line":194,"column":null}},"36":{"start":{"line":139,"column":38},"end":{"line":139,"column":40}},"37":{"start":{"line":142,"column":4},"end":{"line":152,"column":null}},"38":{"start":{"line":143,"column":6},"end":{"line":146,"column":9}},"39":{"start":{"line":147,"column":11},"end":{"line":152,"column":null}},"40":{"start":{"line":148,"column":6},"end":{"line":151,"column":9}},"41":{"start":{"line":155,"column":4},"end":{"line":165,"column":null}},"42":{"start":{"line":156,"column":6},"end":{"line":159,"column":9}},"43":{"start":{"line":160,"column":11},"end":{"line":165,"column":null}},"44":{"start":{"line":161,"column":6},"end":{"line":164,"column":9}},"45":{"start":{"line":168,"column":4},"end":{"line":191,"column":null}},"46":{"start":{"line":169,"column":24},"end":{"line":169,"column":54}},"47":{"start":{"line":170,"column":22},"end":{"line":170,"column":71}},"48":{"start":{"line":172,"column":6},"end":{"line":185,"column":null}},"49":{"start":{"line":173,"column":8},"end":{"line":176,"column":11}},"50":{"start":{"line":177,"column":13},"end":{"line":185,"column":null}},"51":{"start":{"line":181,"column":8},"end":{"line":184,"column":11}},"52":{"start":{"line":187,"column":6},"end":{"line":190,"column":9}},"53":{"start":{"line":193,"column":4},"end":{"line":193,"column":18}},"54":{"start":{"line":199,"column":2},"end":{"line":274,"column":null}},"55":{"start":{"line":206,"column":38},"end":{"line":206,"column":40}},"56":{"start":{"line":209,"column":4},"end":{"line":219,"column":null}},"57":{"start":{"line":210,"column":6},"end":{"line":213,"column":9}},"58":{"start":{"line":214,"column":11},"end":{"line":219,"column":null}},"59":{"start":{"line":215,"column":6},"end":{"line":218,"column":9}},"60":{"start":{"line":222,"column":4},"end":{"line":232,"column":null}},"61":{"start":{"line":223,"column":6},"end":{"line":226,"column":9}},"62":{"start":{"line":227,"column":11},"end":{"line":232,"column":null}},"63":{"start":{"line":228,"column":6},"end":{"line":231,"column":9}},"64":{"start":{"line":235,"column":4},"end":{"line":245,"column":null}},"65":{"start":{"line":236,"column":6},"end":{"line":239,"column":9}},"66":{"start":{"line":240,"column":11},"end":{"line":245,"column":null}},"67":{"start":{"line":241,"column":6},"end":{"line":244,"column":9}},"68":{"start":{"line":248,"column":4},"end":{"line":271,"column":null}},"69":{"start":{"line":249,"column":24},"end":{"line":249,"column":54}},"70":{"start":{"line":250,"column":22},"end":{"line":250,"column":71}},"71":{"start":{"line":252,"column":6},"end":{"line":265,"column":null}},"72":{"start":{"line":253,"column":8},"end":{"line":256,"column":11}},"73":{"start":{"line":257,"column":13},"end":{"line":265,"column":null}},"74":{"start":{"line":261,"column":8},"end":{"line":264,"column":11}},"75":{"start":{"line":267,"column":6},"end":{"line":270,"column":9}},"76":{"start":{"line":273,"column":4},"end":{"line":273,"column":18}},"77":{"start":{"line":275,"column":0},"end":{"line":275,"column":null}},"78":{"start":{"line":6,"column":13},"end":{"line":6,"column":31}}},"fnMap":{"0":{"name":"(anonymous_0)","decl":{"start":{"line":6,"column":0},"end":{"line":6,"column":13}},"loc":{"start":{"line":6,"column":0},"end":{"line":275,"column":null}}},"1":{"name":"(anonymous_2)","decl":{"start":{"line":10,"column":2},"end":{"line":10,"column":17}},"loc":{"start":{"line":10,"column":43},"end":{"line":13,"column":3}}},"2":{"name":"(anonymous_3)","decl":{"start":{"line":18,"column":2},"end":{"line":18,"column":17}},"loc":{"start":{"line":18,"column":43},"end":{"line":22,"column":3}}},"3":{"name":"(anonymous_4)","decl":{"start":{"line":27,"column":2},"end":{"line":27,"column":17}},"loc":{"start":{"line":29,"column":18},"end":{"line":33,"column":3}}},"4":{"name":"(anonymous_5)","decl":{"start":{"line":38,"column":2},"end":{"line":38,"column":17}},"loc":{"start":{"line":41,"column":21},"end":{"line":45,"column":3}}},"5":{"name":"(anonymous_6)","decl":{"start":{"line":50,"column":2},"end":{"line":50,"column":17}},"loc":{"start":{"line":50,"column":43},"end":{"line":52,"column":3}}},"6":{"name":"(anonymous_7)","decl":{"start":{"line":57,"column":2},"end":{"line":57,"column":22}},"loc":{"start":{"line":63,"column":3},"end":{"line":128,"column":3}}},"7":{"name":"(anonymous_8)","decl":{"start":{"line":133,"column":2},"end":{"line":133,"column":19}},"loc":{"start":{"line":138,"column":3},"end":{"line":194,"column":3}}},"8":{"name":"(anonymous_9)","decl":{"start":{"line":199,"column":2},"end":{"line":199,"column":24}},"loc":{"start":{"line":205,"column":3},"end":{"line":274,"column":3}}}},"branchMap":{"0":{"loc":{"start":{"line":31,"column":4},"end":{"line":31,"column":30}},"type":"if","locations":[{"start":{"line":31,"column":4},"end":{"line":31,"column":30}}]},"1":{"loc":{"start":{"line":44,"column":11},"end":{"line":44,"column":53}},"type":"binary-expr","locations":[{"start":{"line":44,"column":11},"end":{"line":44,"column":30}},{"start":{"line":44,"column":34},"end":{"line":44,"column":53}}]},"2":{"loc":{"start":{"line":51,"column":11},"end":{"line":51,"column":82}},"type":"binary-expr","locations":[{"start":{"line":51,"column":11},"end":{"line":51,"column":30}},{"start":{"line":51,"column":34},"end":{"line":51,"column":48}},{"start":{"line":51,"column":52},"end":{"line":51,"column":82}}]},"3":{"loc":{"start":{"line":67,"column":4},"end":{"line":77,"column":null}},"type":"if","locations":[{"start":{"line":67,"column":4},"end":{"line":77,"column":null}},{"start":{"line":72,"column":11},"end":{"line":77,"column":null}}]},"4":{"loc":{"start":{"line":72,"column":11},"end":{"line":77,"column":null}},"type":"if","locations":[{"start":{"line":72,"column":11},"end":{"line":77,"column":null}}]},"5":{"loc":{"start":{"line":72,"column":15},"end":{"line":72,"column":90}},"type":"binary-expr","locations":[{"start":{"line":72,"column":15},"end":{"line":72,"column":29}},{"start":{"line":72,"column":33},"end":{"line":72,"column":90}}]},"6":{"loc":{"start":{"line":80,"column":4},"end":{"line":90,"column":null}},"type":"if","locations":[{"start":{"line":80,"column":4},"end":{"line":90,"column":null}},{"start":{"line":85,"column":11},"end":{"line":90,"column":null}}]},"7":{"loc":{"start":{"line":85,"column":11},"end":{"line":90,"column":null}},"type":"if","locations":[{"start":{"line":85,"column":11},"end":{"line":90,"column":null}}]},"8":{"loc":{"start":{"line":85,"column":15},"end":{"line":85,"column":88}},"type":"binary-expr","locations":[{"start":{"line":85,"column":15},"end":{"line":85,"column":28}},{"start":{"line":85,"column":32},"end":{"line":85,"column":88}}]},"9":{"loc":{"start":{"line":93,"column":4},"end":{"line":103,"column":null}},"type":"if","locations":[{"start":{"line":93,"column":4},"end":{"line":103,"column":null}},{"start":{"line":98,"column":11},"end":{"line":103,"column":null}}]},"10":{"loc":{"start":{"line":98,"column":11},"end":{"line":103,"column":null}},"type":"if","locations":[{"start":{"line":98,"column":11},"end":{"line":103,"column":null}}]},"11":{"loc":{"start":{"line":98,"column":15},"end":{"line":98,"column":73}},"type":"binary-expr","locations":[{"start":{"line":98,"column":15},"end":{"line":98,"column":25}},{"start":{"line":98,"column":29},"end":{"line":98,"column":73}}]},"12":{"loc":{"start":{"line":106,"column":4},"end":{"line":114,"column":null}},"type":"if","locations":[{"start":{"line":106,"column":4},"end":{"line":114,"column":null}}]},"13":{"loc":{"start":{"line":107,"column":6},"end":{"line":108,"column":50}},"type":"binary-expr","locations":[{"start":{"line":107,"column":6},"end":{"line":107,"column":16}},{"start":{"line":108,"column":6},"end":{"line":108,"column":50}}]},"14":{"loc":{"start":{"line":117,"column":4},"end":{"line":125,"column":null}},"type":"if","locations":[{"start":{"line":117,"column":4},"end":{"line":125,"column":null}}]},"15":{"loc":{"start":{"line":118,"column":6},"end":{"line":119,"column":61}},"type":"binary-expr","locations":[{"start":{"line":118,"column":6},"end":{"line":118,"column":18}},{"start":{"line":119,"column":6},"end":{"line":119,"column":61}}]},"16":{"loc":{"start":{"line":142,"column":4},"end":{"line":152,"column":null}},"type":"if","locations":[{"start":{"line":142,"column":4},"end":{"line":152,"column":null}},{"start":{"line":147,"column":11},"end":{"line":152,"column":null}}]},"17":{"loc":{"start":{"line":147,"column":11},"end":{"line":152,"column":null}},"type":"if","locations":[{"start":{"line":147,"column":11},"end":{"line":152,"column":null}}]},"18":{"loc":{"start":{"line":147,"column":15},"end":{"line":147,"column":94}},"type":"binary-expr","locations":[{"start":{"line":147,"column":15},"end":{"line":147,"column":31}},{"start":{"line":147,"column":35},"end":{"line":147,"column":94}}]},"19":{"loc":{"start":{"line":155,"column":4},"end":{"line":165,"column":null}},"type":"if","locations":[{"start":{"line":155,"column":4},"end":{"line":165,"column":null}},{"start":{"line":160,"column":11},"end":{"line":165,"column":null}}]},"20":{"loc":{"start":{"line":160,"column":11},"end":{"line":165,"column":null}},"type":"if","locations":[{"start":{"line":160,"column":11},"end":{"line":165,"column":null}}]},"21":{"loc":{"start":{"line":160,"column":15},"end":{"line":160,"column":82}},"type":"binary-expr","locations":[{"start":{"line":160,"column":15},"end":{"line":160,"column":25}},{"start":{"line":160,"column":29},"end":{"line":160,"column":82}}]},"22":{"loc":{"start":{"line":169,"column":33},"end":{"line":169,"column":53}},"type":"binary-expr","locations":[{"start":{"line":169,"column":33},"end":{"line":169,"column":47}},{"start":{"line":169,"column":51},"end":{"line":169,"column":53}}]},"23":{"loc":{"start":{"line":170,"column":22},"end":{"line":170,"column":71}},"type":"cond-expr","locations":[{"start":{"line":170,"column":37},"end":{"line":170,"column":59}},{"start":{"line":170,"column":62},"end":{"line":170,"column":71}}]},"24":{"loc":{"start":{"line":172,"column":6},"end":{"line":185,"column":null}},"type":"if","locations":[{"start":{"line":172,"column":6},"end":{"line":185,"column":null}},{"start":{"line":177,"column":13},"end":{"line":185,"column":null}}]},"25":{"loc":{"start":{"line":177,"column":13},"end":{"line":185,"column":null}},"type":"if","locations":[{"start":{"line":177,"column":13},"end":{"line":185,"column":null}}]},"26":{"loc":{"start":{"line":178,"column":8},"end":{"line":179,"column":64}},"type":"binary-expr","locations":[{"start":{"line":178,"column":8},"end":{"line":178,"column":15}},{"start":{"line":179,"column":8},"end":{"line":179,"column":64}}]},"27":{"loc":{"start":{"line":209,"column":4},"end":{"line":219,"column":null}},"type":"if","locations":[{"start":{"line":209,"column":4},"end":{"line":219,"column":null}},{"start":{"line":214,"column":11},"end":{"line":219,"column":null}}]},"28":{"loc":{"start":{"line":214,"column":11},"end":{"line":219,"column":null}},"type":"if","locations":[{"start":{"line":214,"column":11},"end":{"line":219,"column":null}}]},"29":{"loc":{"start":{"line":214,"column":15},"end":{"line":214,"column":86}},"type":"binary-expr","locations":[{"start":{"line":214,"column":15},"end":{"line":214,"column":27}},{"start":{"line":214,"column":31},"end":{"line":214,"column":86}}]},"30":{"loc":{"start":{"line":222,"column":4},"end":{"line":232,"column":null}},"type":"if","locations":[{"start":{"line":222,"column":4},"end":{"line":232,"column":null}},{"start":{"line":227,"column":11},"end":{"line":232,"column":null}}]},"31":{"loc":{"start":{"line":227,"column":11},"end":{"line":232,"column":null}},"type":"if","locations":[{"start":{"line":227,"column":11},"end":{"line":232,"column":null}}]},"32":{"loc":{"start":{"line":227,"column":15},"end":{"line":227,"column":88}},"type":"binary-expr","locations":[{"start":{"line":227,"column":15},"end":{"line":227,"column":28}},{"start":{"line":227,"column":32},"end":{"line":227,"column":88}}]},"33":{"loc":{"start":{"line":235,"column":4},"end":{"line":245,"column":null}},"type":"if","locations":[{"start":{"line":235,"column":4},"end":{"line":245,"column":null}},{"start":{"line":240,"column":11},"end":{"line":245,"column":null}}]},"34":{"loc":{"start":{"line":240,"column":11},"end":{"line":245,"column":null}},"type":"if","locations":[{"start":{"line":240,"column":11},"end":{"line":245,"column":null}}]},"35":{"loc":{"start":{"line":240,"column":15},"end":{"line":240,"column":95}},"type":"binary-expr","locations":[{"start":{"line":240,"column":15},"end":{"line":240,"column":31}},{"start":{"line":240,"column":35},"end":{"line":240,"column":95}}]},"36":{"loc":{"start":{"line":249,"column":33},"end":{"line":249,"column":53}},"type":"binary-expr","locations":[{"start":{"line":249,"column":33},"end":{"line":249,"column":47}},{"start":{"line":249,"column":51},"end":{"line":249,"column":53}}]},"37":{"loc":{"start":{"line":250,"column":22},"end":{"line":250,"column":71}},"type":"cond-expr","locations":[{"start":{"line":250,"column":37},"end":{"line":250,"column":59}},{"start":{"line":250,"column":62},"end":{"line":250,"column":71}}]},"38":{"loc":{"start":{"line":252,"column":6},"end":{"line":265,"column":null}},"type":"if","locations":[{"start":{"line":252,"column":6},"end":{"line":265,"column":null}},{"start":{"line":257,"column":13},"end":{"line":265,"column":null}}]},"39":{"loc":{"start":{"line":257,"column":13},"end":{"line":265,"column":null}},"type":"if","locations":[{"start":{"line":257,"column":13},"end":{"line":265,"column":null}}]},"40":{"loc":{"start":{"line":258,"column":8},"end":{"line":259,"column":64}},"type":"binary-expr","locations":[{"start":{"line":258,"column":8},"end":{"line":258,"column":15}},{"start":{"line":259,"column":8},"end":{"line":259,"column":64}}]}},"s":{"0":4,"1":4,"2":10,"3":10,"4":4,"5":8,"6":8,"7":4,"8":15,"9":0,"10":15,"11":4,"12":60,"13":60,"14":4,"15":73,"16":4,"17":11,"18":11,"19":3,"20":8,"21":0,"22":11,"23":3,"24":8,"25":0,"26":11,"27":1,"28":10,"29":3,"30":11,"31":1,"32":11,"33":0,"34":11,"35":4,"36":8,"37":8,"38":0,"39":8,"40":0,"41":8,"42":0,"43":8,"44":0,"45":8,"46":8,"47":8,"48":8,"49":0,"50":8,"51":1,"52":0,"53":8,"54":4,"55":8,"56":8,"57":1,"58":7,"59":0,"60":8,"61":1,"62":7,"63":0,"64":8,"65":1,"66":7,"67":0,"68":8,"69":8,"70":8,"71":8,"72":1,"73":7,"74":0,"75":0,"76":8,"77":4,"78":4},"f":{"0":11,"1":10,"2":8,"3":15,"4":60,"5":73,"6":11,"7":8,"8":8},"b":{"0":[0],"1":[60,60],"2":[73,73,73],"3":[3,8],"4":[0],"5":[8,8],"6":[3,8],"7":[0],"8":[8,8],"9":[1,10],"10":[3],"11":[10,10],"12":[1],"13":[11,8],"14":[0],"15":[11,7],"16":[0,8],"17":[0],"18":[8,8],"19":[0,8],"20":[0],"21":[8,8],"22":[8,0],"23":[8,0],"24":[0,8],"25":[1],"26":[8,8],"27":[1,7],"28":[0],"29":[7,7],"30":[1,7],"31":[0],"32":[7,7],"33":[1,7],"34":[0],"35":[7,7],"36":[8,0],"37":[7,1],"38":[1,7],"39":[0],"40":[7,7]}}
,"/Users/jesusramirezguerrero/dev/projects/personal/AI4Devs-lab-ides-2603-Sr_II/backend/src/domain/errors/index.ts": {"path":"/Users/jesusramirezguerrero/dev/projects/personal/AI4Devs-lab-ides-2603-Sr_II/backend/src/domain/errors/index.ts","statementMap":{"0":{"start":{"line":4,"column":0},"end":{"line":4,"column":null}},"1":{"start":{"line":4,"column":33},"end":{"line":4,"column":38}},"2":{"start":{"line":15,"column":4},"end":{"line":15,"column":null}},"3":{"start":{"line":16,"column":4},"end":{"line":16,"column":38}},"4":{"start":{"line":17,"column":4},"end":{"line":17,"column":21}},"5":{"start":{"line":18,"column":4},"end":{"line":18,"column":33}},"6":{"start":{"line":19,"column":4},"end":{"line":19,"column":27}},"7":{"start":{"line":21,"column":4},"end":{"line":21,"column":54}},"8":{"start":{"line":23,"column":0},"end":{"line":23,"column":null}},"9":{"start":{"line":4,"column":13},"end":{"line":4,"column":24}},"10":{"start":{"line":28,"column":0},"end":{"line":28,"column":null}},"11":{"start":{"line":28,"column":37},"end":{"line":28,"column":48}},"12":{"start":{"line":33,"column":4},"end":{"line":33,"column":null}},"13":{"start":{"line":35,"column":0},"end":{"line":35,"column":null}},"14":{"start":{"line":28,"column":13},"end":{"line":28,"column":28}},"15":{"start":{"line":40,"column":0},"end":{"line":40,"column":null}},"16":{"start":{"line":40,"column":41},"end":{"line":40,"column":52}},"17":{"start":{"line":42,"column":4},"end":{"line":48,"column":null}},"18":{"start":{"line":50,"column":0},"end":{"line":50,"column":null}},"19":{"start":{"line":40,"column":13},"end":{"line":40,"column":32}},"20":{"start":{"line":55,"column":0},"end":{"line":55,"column":null}},"21":{"start":{"line":55,"column":39},"end":{"line":55,"column":50}},"22":{"start":{"line":57,"column":4},"end":{"line":61,"column":null}},"23":{"start":{"line":63,"column":0},"end":{"line":63,"column":null}},"24":{"start":{"line":55,"column":13},"end":{"line":55,"column":30}},"25":{"start":{"line":68,"column":0},"end":{"line":68,"column":null}},"26":{"start":{"line":68,"column":46},"end":{"line":68,"column":57}},"27":{"start":{"line":70,"column":4},"end":{"line":76,"column":null}},"28":{"start":{"line":78,"column":0},"end":{"line":78,"column":null}},"29":{"start":{"line":68,"column":13},"end":{"line":68,"column":37}},"30":{"start":{"line":83,"column":0},"end":{"line":83,"column":null}},"31":{"start":{"line":83,"column":35},"end":{"line":83,"column":46}},"32":{"start":{"line":85,"column":4},"end":{"line":89,"column":null}},"33":{"start":{"line":91,"column":0},"end":{"line":91,"column":null}},"34":{"start":{"line":83,"column":13},"end":{"line":83,"column":26}}},"fnMap":{"0":{"name":"(anonymous_6)","decl":{"start":{"line":4,"column":0},"end":{"line":4,"column":13}},"loc":{"start":{"line":4,"column":0},"end":{"line":23,"column":null}}},"1":{"name":"DomainError","decl":{"start":{"line":9,"column":2},"end":{"line":9,"column":null}},"loc":{"start":{"line":13,"column":21},"end":{"line":22,"column":3}}},"2":{"name":"(anonymous_8)","decl":{"start":{"line":28,"column":0},"end":{"line":28,"column":13}},"loc":{"start":{"line":28,"column":0},"end":{"line":35,"column":null}}},"3":{"name":"ValidationError","decl":{"start":{"line":29,"column":2},"end":{"line":29,"column":null}},"loc":{"start":{"line":31,"column":55},"end":{"line":34,"column":3}}},"4":{"name":"(anonymous_10)","decl":{"start":{"line":40,"column":0},"end":{"line":40,"column":13}},"loc":{"start":{"line":40,"column":0},"end":{"line":50,"column":null}}},"5":{"name":"DuplicateEmailError","decl":{"start":{"line":41,"column":2},"end":{"line":41,"column":14}},"loc":{"start":{"line":41,"column":28},"end":{"line":49,"column":3}}},"6":{"name":"(anonymous_12)","decl":{"start":{"line":55,"column":0},"end":{"line":55,"column":13}},"loc":{"start":{"line":55,"column":0},"end":{"line":63,"column":null}}},"7":{"name":"FileTooLargeError","decl":{"start":{"line":56,"column":2},"end":{"line":56,"column":14}},"loc":{"start":{"line":56,"column":27},"end":{"line":62,"column":3}}},"8":{"name":"(anonymous_14)","decl":{"start":{"line":68,"column":0},"end":{"line":68,"column":13}},"loc":{"start":{"line":68,"column":0},"end":{"line":78,"column":null}}},"9":{"name":"UnsupportedFileTypeError","decl":{"start":{"line":69,"column":2},"end":{"line":69,"column":14}},"loc":{"start":{"line":69,"column":31},"end":{"line":77,"column":3}}},"10":{"name":"(anonymous_16)","decl":{"start":{"line":83,"column":0},"end":{"line":83,"column":13}},"loc":{"start":{"line":83,"column":0},"end":{"line":91,"column":null}}},"11":{"name":"NotFoundError","decl":{"start":{"line":84,"column":2},"end":{"line":84,"column":14}},"loc":{"start":{"line":84,"column":31},"end":{"line":90,"column":3}}}},"branchMap":{"0":{"loc":{"start":{"line":15,"column":4},"end":{"line":15,"column":null}},"type":"binary-expr","locations":[{"start":{"line":15,"column":4},"end":{"line":15,"column":18}},{"start":{"line":15,"column":18},"end":{"line":15,"column":null}}]},"1":{"loc":{"start":{"line":33,"column":4},"end":{"line":33,"column":null}},"type":"binary-expr","locations":[{"start":{"line":33,"column":4},"end":{"line":33,"column":52}},{"start":{"line":33,"column":52},"end":{"line":33,"column":null}}]},"2":{"loc":{"start":{"line":42,"column":4},"end":{"line":48,"column":null}},"type":"binary-expr","locations":[{"start":{"line":42,"column":4},"end":{"line":47,"column":null}},{"start":{"line":48,"column":5},"end":{"line":48,"column":null}}]},"3":{"loc":{"start":{"line":43,"column":6},"end":{"line":45,"column":54}},"type":"cond-expr","locations":[{"start":{"line":44,"column":10},"end":{"line":44,"column":60}},{"start":{"line":45,"column":10},"end":{"line":45,"column":54}}]},"4":{"loc":{"start":{"line":57,"column":4},"end":{"line":61,"column":null}},"type":"binary-expr","locations":[{"start":{"line":57,"column":4},"end":{"line":60,"column":null}},{"start":{"line":61,"column":5},"end":{"line":61,"column":null}}]},"5":{"loc":{"start":{"line":70,"column":4},"end":{"line":76,"column":null}},"type":"binary-expr","locations":[{"start":{"line":70,"column":4},"end":{"line":75,"column":null}},{"start":{"line":76,"column":5},"end":{"line":76,"column":null}}]},"6":{"loc":{"start":{"line":71,"column":6},"end":{"line":73,"column":33}},"type":"cond-expr","locations":[{"start":{"line":72,"column":10},"end":{"line":72,"column":52}},{"start":{"line":73,"column":10},"end":{"line":73,"column":33}}]},"7":{"loc":{"start":{"line":85,"column":4},"end":{"line":89,"column":null}},"type":"binary-expr","locations":[{"start":{"line":85,"column":4},"end":{"line":88,"column":null}},{"start":{"line":89,"column":5},"end":{"line":89,"column":null}}]},"8":{"loc":{"start":{"line":86,"column":6},"end":{"line":86,"column":63}},"type":"cond-expr","locations":[{"start":{"line":86,"column":17},"end":{"line":86,"column":40}},{"start":{"line":86,"column":43},"end":{"line":86,"column":63}}]}},"s":{"0":3,"1":3,"2":6,"3":6,"4":6,"5":6,"6":6,"7":6,"8":3,"9":3,"10":3,"11":3,"12":3,"13":3,"14":3,"15":3,"16":3,"17":2,"18":3,"19":3,"20":3,"21":3,"22":0,"23":3,"24":3,"25":3,"26":3,"27":1,"28":3,"29":3,"30":3,"31":3,"32":0,"33":3,"34":3},"f":{"0":3,"1":6,"2":3,"3":3,"4":3,"5":2,"6":3,"7":0,"8":3,"9":1,"10":3,"11":0},"b":{"0":[6,0],"1":[3,0],"2":[2,0],"3":[2,0],"4":[0,0],"5":[1,0],"6":[1,0],"7":[0,0],"8":[0,0]}}
,"/Users/jesusramirezguerrero/dev/projects/personal/AI4Devs-lab-ides-2603-Sr_II/backend/src/infrastructure/fileStorage.ts": {"path":"/Users/jesusramirezguerrero/dev/projects/personal/AI4Devs-lab-ides-2603-Sr_II/backend/src/infrastructure/fileStorage.ts","statementMap":{"0":{"start":{"line":1,"column":0},"end":{"line":1,"column":20}},"1":{"start":{"line":2,"column":0},"end":{"line":2,"column":24}},"2":{"start":{"line":4,"column":0},"end":{"line":4,"column":79}},"3":{"start":{"line":5,"column":0},"end":{"line":5,"column":42}},"4":{"start":{"line":13,"column":0},"end":{"line":13,"column":13}},"5":{"start":{"line":19,"column":4},"end":{"line":19,"column":59}},"6":{"start":{"line":20,"column":4},"end":{"line":20,"column":76}},"7":{"start":{"line":21,"column":4},"end":{"line":24,"column":17}},"8":{"start":{"line":27,"column":4},"end":{"line":27,"column":39}},"9":{"start":{"line":30,"column":10},"end":{"line":34,"column":null}},"10":{"start":{"line":31,"column":4},"end":{"line":33,"column":null}},"11":{"start":{"line":32,"column":6},"end":{"line":32,"column":56}},"12":{"start":{"line":39,"column":2},"end":{"line":42,"column":null}},"13":{"start":{"line":40,"column":21},"end":{"line":40,"column":64}},"14":{"start":{"line":41,"column":4},"end":{"line":41,"column":33}},"15":{"start":{"line":47,"column":2},"end":{"line":53,"column":null}},"16":{"start":{"line":51,"column":25},"end":{"line":51,"column":62}},"17":{"start":{"line":52,"column":4},"end":{"line":52,"column":48}},"18":{"start":{"line":58,"column":2},"end":{"line":88,"column":null}},"19":{"start":{"line":59,"column":4},"end":{"line":61,"column":null}},"20":{"start":{"line":60,"column":6},"end":{"line":60,"column":56}},"21":{"start":{"line":63,"column":4},"end":{"line":65,"column":null}},"22":{"start":{"line":64,"column":6},"end":{"line":64,"column":54}},"23":{"start":{"line":68,"column":22},"end":{"line":68,"column":32}},"24":{"start":{"line":69,"column":29},"end":{"line":69,"column":60}},"25":{"start":{"line":70,"column":21},"end":{"line":70,"column":55}},"26":{"start":{"line":71,"column":21},"end":{"line":71,"column":56}},"27":{"start":{"line":74,"column":30},"end":{"line":74,"column":58}},"28":{"start":{"line":75,"column":29},"end":{"line":75,"column":51}},"29":{"start":{"line":76,"column":4},"end":{"line":79,"column":null}},"30":{"start":{"line":78,"column":6},"end":{"line":78,"column":43}},"31":{"start":{"line":81,"column":4},"end":{"line":81,"column":52}},"32":{"start":{"line":83,"column":4},"end":{"line":87,"column":6}},"33":{"start":{"line":93,"column":2},"end":{"line":107,"column":null}},"34":{"start":{"line":94,"column":21},"end":{"line":94,"column":56}},"35":{"start":{"line":97,"column":30},"end":{"line":97,"column":58}},"36":{"start":{"line":98,"column":29},"end":{"line":98,"column":51}},"37":{"start":{"line":100,"column":4},"end":{"line":102,"column":null}},"38":{"start":{"line":101,"column":6},"end":{"line":101,"column":43}},"39":{"start":{"line":104,"column":4},"end":{"line":106,"column":null}},"40":{"start":{"line":105,"column":6},"end":{"line":105,"column":38}},"41":{"start":{"line":112,"column":2},"end":{"line":114,"column":null}},"42":{"start":{"line":113,"column":4},"end":{"line":113,"column":26}},"43":{"start":{"line":119,"column":2},"end":{"line":121,"column":null}},"44":{"start":{"line":120,"column":4},"end":{"line":120,"column":33}},"45":{"start":{"line":126,"column":2},"end":{"line":128,"column":null}},"46":{"start":{"line":127,"column":4},"end":{"line":127,"column":30}},"47":{"start":{"line":129,"column":0},"end":{"line":129,"column":null}},"48":{"start":{"line":13,"column":13},"end":{"line":13,"column":31}}},"fnMap":{"0":{"name":"(anonymous_1)","decl":{"start":{"line":13,"column":0},"end":{"line":13,"column":13}},"loc":{"start":{"line":13,"column":0},"end":{"line":129,"column":null}}},"1":{"name":"FileStorageService","decl":{"start":{"line":18,"column":2},"end":{"line":18,"column":null}},"loc":{"start":{"line":18,"column":2},"end":{"line":28,"column":3}}},"2":{"name":"(anonymous_3)","decl":{"start":{"line":30,"column":2},"end":{"line":30,"column":10}},"loc":{"start":{"line":30,"column":2},"end":{"line":34,"column":3}}},"3":{"name":"(anonymous_4)","decl":{"start":{"line":39,"column":2},"end":{"line":39,"column":18}},"loc":{"start":{"line":39,"column":60},"end":{"line":42,"column":3}}},"4":{"name":"(anonymous_5)","decl":{"start":{"line":47,"column":2},"end":{"line":47,"column":18}},"loc":{"start":{"line":49,"column":27},"end":{"line":53,"column":3}}},"5":{"name":"(anonymous_6)","decl":{"start":{"line":58,"column":2},"end":{"line":58,"column":12}},"loc":{"start":{"line":58,"column":38},"end":{"line":88,"column":3}}},"6":{"name":"(anonymous_7)","decl":{"start":{"line":93,"column":2},"end":{"line":93,"column":12}},"loc":{"start":{"line":93,"column":29},"end":{"line":107,"column":3}}},"7":{"name":"(anonymous_8)","decl":{"start":{"line":112,"column":2},"end":{"line":112,"column":14}},"loc":{"start":{"line":112,"column":2},"end":{"line":114,"column":3}}},"8":{"name":"(anonymous_9)","decl":{"start":{"line":119,"column":2},"end":{"line":119,"column":21}},"loc":{"start":{"line":119,"column":2},"end":{"line":121,"column":3}}},"9":{"name":"(anonymous_10)","decl":{"start":{"line":126,"column":2},"end":{"line":126,"column":18}},"loc":{"start":{"line":126,"column":2},"end":{"line":128,"column":3}}}},"branchMap":{"0":{"loc":{"start":{"line":19,"column":21},"end":{"line":19,"column":58}},"type":"binary-expr","locations":[{"start":{"line":19,"column":21},"end":{"line":19,"column":43}},{"start":{"line":19,"column":47},"end":{"line":19,"column":58}}]},"1":{"loc":{"start":{"line":20,"column":34},"end":{"line":20,"column":70}},"type":"binary-expr","locations":[{"start":{"line":20,"column":34},"end":{"line":20,"column":62}},{"start":{"line":20,"column":66},"end":{"line":20,"column":70}}]},"2":{"loc":{"start":{"line":22,"column":6},"end":{"line":23,"column":95}},"type":"binary-expr","locations":[{"start":{"line":22,"column":6},"end":{"line":22,"column":36}},{"start":{"line":23,"column":6},"end":{"line":23,"column":95}}]},"3":{"loc":{"start":{"line":31,"column":4},"end":{"line":33,"column":null}},"type":"if","locations":[{"start":{"line":31,"column":4},"end":{"line":33,"column":null}}]},"4":{"loc":{"start":{"line":40,"column":22},"end":{"line":40,"column":49}},"type":"binary-expr","locations":[{"start":{"line":40,"column":22},"end":{"line":40,"column":27}},{"start":{"line":40,"column":31},"end":{"line":40,"column":49}}]},"5":{"loc":{"start":{"line":51,"column":25},"end":{"line":51,"column":62}},"type":"binary-expr","locations":[{"start":{"line":51,"column":25},"end":{"line":51,"column":37}},{"start":{"line":51,"column":41},"end":{"line":51,"column":62}}]},"6":{"loc":{"start":{"line":59,"column":4},"end":{"line":61,"column":null}},"type":"if","locations":[{"start":{"line":59,"column":4},"end":{"line":61,"column":null}}]},"7":{"loc":{"start":{"line":63,"column":4},"end":{"line":65,"column":null}},"type":"if","locations":[{"start":{"line":63,"column":4},"end":{"line":65,"column":null}}]},"8":{"loc":{"start":{"line":76,"column":4},"end":{"line":79,"column":null}},"type":"if","locations":[{"start":{"line":76,"column":4},"end":{"line":79,"column":null}}]},"9":{"loc":{"start":{"line":76,"column":8},"end":{"line":77,"column":46}},"type":"binary-expr","locations":[{"start":{"line":76,"column":8},"end":{"line":76,"column":66}},{"start":{"line":77,"column":8},"end":{"line":77,"column":46}}]},"10":{"loc":{"start":{"line":100,"column":4},"end":{"line":102,"column":null}},"type":"if","locations":[{"start":{"line":100,"column":4},"end":{"line":102,"column":null}}]},"11":{"loc":{"start":{"line":104,"column":4},"end":{"line":106,"column":null}},"type":"if","locations":[{"start":{"line":104,"column":4},"end":{"line":106,"column":null}}]}},"s":{"0":2,"1":2,"2":2,"3":2,"4":2,"5":2,"6":2,"7":2,"8":2,"9":2,"10":2,"11":0,"12":2,"13":0,"14":0,"15":2,"16":1,"17":1,"18":2,"19":0,"20":0,"21":0,"22":0,"23":0,"24":0,"25":0,"26":0,"27":0,"28":0,"29":0,"30":0,"31":0,"32":0,"33":2,"34":0,"35":0,"36":0,"37":0,"38":0,"39":0,"40":0,"41":2,"42":0,"43":2,"44":0,"45":2,"46":0,"47":2,"48":2},"f":{"0":2,"1":2,"2":2,"3":0,"4":1,"5":0,"6":0,"7":0,"8":0,"9":0},"b":{"0":[2,2],"1":[2,2],"2":[2,2],"3":[0],"4":[0,0],"5":[1,1],"6":[0],"7":[0],"8":[0],"9":[0,0],"10":[0],"11":[0]}}
,"/Users/jesusramirezguerrero/dev/projects/personal/AI4Devs-lab-ides-2603-Sr_II/backend/src/infrastructure/security.ts": {"path":"/Users/jesusramirezguerrero/dev/projects/personal/AI4Devs-lab-ides-2603-Sr_II/backend/src/infrastructure/security.ts","statementMap":{"0":{"start":{"line":1,"column":0},"end":{"line":1,"column":24}},"1":{"start":{"line":8,"column":2},"end":{"line":11,"column":12}},"2":{"start":{"line":7,"column":0},"end":{"line":7,"column":16}},"3":{"start":{"line":20,"column":19},"end":{"line":20,"column":42}},"4":{"start":{"line":22,"column":2},"end":{"line":22,"column":59}},"5":{"start":{"line":18,"column":0},"end":{"line":18,"column":16}},"6":{"start":{"line":31,"column":2},"end":{"line":44,"column":null}},"7":{"start":{"line":31,"column":20},"end":{"line":31,"column":26}},"8":{"start":{"line":31,"column":20},"end":{"line":31,"column":55}},"9":{"start":{"line":31,"column":16},"end":{"line":31,"column":20}},"10":{"start":{"line":32,"column":18},"end":{"line":32,"column":30}},"11":{"start":{"line":33,"column":4},"end":{"line":43,"column":null}},"12":{"start":{"line":34,"column":7},"end":{"line":34,"column":82}},"13":{"start":{"line":35,"column":11},"end":{"line":43,"column":null}},"14":{"start":{"line":36,"column":7},"end":{"line":40,"column":8}},"15":{"start":{"line":37,"column":8},"end":{"line":39,"column":null}},"16":{"start":{"line":41,"column":11},"end":{"line":43,"column":null}},"17":{"start":{"line":42,"column":6},"end":{"line":42,"column":56}},"18":{"start":{"line":45,"column":2},"end":{"line":45,"column":17}},"19":{"start":{"line":28,"column":0},"end":{"line":28,"column":16}}},"fnMap":{"0":{"name":"sanitizeString","decl":{"start":{"line":7,"column":16},"end":{"line":7,"column":30}},"loc":{"start":{"line":7,"column":44},"end":{"line":12,"column":1}}},"1":{"name":"sanitizePath","decl":{"start":{"line":18,"column":16},"end":{"line":18,"column":28}},"loc":{"start":{"line":18,"column":45},"end":{"line":23,"column":1}}},"2":{"name":"sanitizePayload","decl":{"start":{"line":28,"column":16},"end":{"line":28,"column":31}},"loc":{"start":{"line":29,"column":12},"end":{"line":46,"column":1}}},"3":{"name":"(anonymous_4)","decl":{"start":{"line":36,"column":70},"end":{"line":36,"column":71}},"loc":{"start":{"line":36,"column":75},"end":{"line":37,"column":15}}}},"branchMap":{"0":{"loc":{"start":{"line":33,"column":4},"end":{"line":43,"column":null}},"type":"if","locations":[{"start":{"line":33,"column":4},"end":{"line":43,"column":null}},{"start":{"line":35,"column":11},"end":{"line":43,"column":null}}]},"1":{"loc":{"start":{"line":35,"column":11},"end":{"line":43,"column":null}},"type":"if","locations":[{"start":{"line":35,"column":11},"end":{"line":43,"column":null}},{"start":{"line":41,"column":11},"end":{"line":43,"column":null}}]},"2":{"loc":{"start":{"line":37,"column":8},"end":{"line":39,"column":16}},"type":"cond-expr","locations":[{"start":{"line":38,"column":12},"end":{"line":38,"column":60}},{"start":{"line":39,"column":12},"end":{"line":39,"column":16}}]},"3":{"loc":{"start":{"line":37,"column":8},"end":{"line":37,"column":49}},"type":"binary-expr","locations":[{"start":{"line":37,"column":8},"end":{"line":37,"column":32}},{"start":{"line":37,"column":36},"end":{"line":37,"column":49}}]},"4":{"loc":{"start":{"line":41,"column":11},"end":{"line":43,"column":null}},"type":"if","locations":[{"start":{"line":41,"column":11},"end":{"line":43,"column":null}}]},"5":{"loc":{"start":{"line":41,"column":15},"end":{"line":41,"column":58}},"type":"binary-expr","locations":[{"start":{"line":41,"column":15},"end":{"line":41,"column":40}},{"start":{"line":41,"column":44},"end":{"line":41,"column":58}}]}},"s":{"0":3,"1":66,"2":3,"3":3,"4":3,"5":3,"6":0,"7":0,"8":0,"9":0,"10":0,"11":0,"12":0,"13":0,"14":0,"15":0,"16":0,"17":0,"18":0,"19":3},"f":{"0":66,"1":3,"2":0,"3":0},"b":{"0":[0,0],"1":[0,0],"2":[0,0],"3":[0,0],"4":[0],"5":[0,0]}}
,"/Users/jesusramirezguerrero/dev/projects/personal/AI4Devs-lab-ides-2603-Sr_II/backend/src/middleware/errorHandler.ts": {"path":"/Users/jesusramirezguerrero/dev/projects/personal/AI4Devs-lab-ides-2603-Sr_II/backend/src/middleware/errorHandler.ts","statementMap":{"0":{"start":{"line":2,"column":0},"end":{"line":2,"column":28}},"1":{"start":{"line":3,"column":0},"end":{"line":3,"column":47}},"2":{"start":{"line":24,"column":2},"end":{"line":35,"column":null}},"3":{"start":{"line":25,"column":40},"end":{"line":32,"column":6}},"4":{"start":{"line":33,"column":4},"end":{"line":33,"column":42}},"5":{"start":{"line":34,"column":4},"end":{"line":34,"column":11}},"6":{"start":{"line":38,"column":2},"end":{"line":50,"column":null}},"7":{"start":{"line":39,"column":4},"end":{"line":49,"column":null}},"8":{"start":{"line":40,"column":42},"end":{"line":46,"column":8}},"9":{"start":{"line":47,"column":6},"end":{"line":47,"column":33}},"10":{"start":{"line":48,"column":6},"end":{"line":48,"column":13}},"11":{"start":{"line":53,"column":2},"end":{"line":53,"column":41}},"12":{"start":{"line":54,"column":38},"end":{"line":60,"column":4}},"13":{"start":{"line":61,"column":2},"end":{"line":61,"column":29}},"14":{"start":{"line":18,"column":0},"end":{"line":18,"column":16}}},"fnMap":{},"branchMap":{"0":{"loc":{"start":{"line":24,"column":2},"end":{"line":35,"column":null}},"type":"if","locations":[{"start":{"line":24,"column":2},"end":{"line":35,"column":null}}]},"1":{"loc":{"start":{"line":30,"column":12},"end":{"line":30,"column":69}},"type":"cond-expr","locations":[{"start":{"line":30,"column":40},"end":{"line":30,"column":64}},{"start":{"line":30,"column":67},"end":{"line":30,"column":69}}]},"2":{"loc":{"start":{"line":38,"column":2},"end":{"line":50,"column":null}},"type":"if","locations":[{"start":{"line":38,"column":2},"end":{"line":50,"column":null}}]},"3":{"loc":{"start":{"line":39,"column":4},"end":{"line":49,"column":null}},"type":"if","locations":[{"start":{"line":39,"column":4},"end":{"line":49,"column":null}}]}},"s":{"0":2,"1":2,"2":5,"3":4,"4":4,"5":4,"6":1,"7":1,"8":1,"9":1,"10":1,"11":0,"12":0,"13":0,"14":2},"f":{},"b":{"0":[4],"1":[2,2],"2":[1],"3":[1]}}
,"/Users/jesusramirezguerrero/dev/projects/personal/AI4Devs-lab-ides-2603-Sr_II/backend/src/middleware/securityHeaders.ts": {"path":"/Users/jesusramirezguerrero/dev/projects/personal/AI4Devs-lab-ides-2603-Sr_II/backend/src/middleware/securityHeaders.ts","statementMap":{"0":{"start":{"line":13,"column":2},"end":{"line":13,"column":53}},"1":{"start":{"line":16,"column":2},"end":{"line":16,"column":43}},"2":{"start":{"line":19,"column":2},"end":{"line":24,"column":null}},"3":{"start":{"line":20,"column":4},"end":{"line":23,"column":6}},"4":{"start":{"line":27,"column":2},"end":{"line":27,"column":35}},"5":{"start":{"line":30,"column":2},"end":{"line":30,"column":53}},"6":{"start":{"line":33,"column":2},"end":{"line":33,"column":70}},"7":{"start":{"line":35,"column":2},"end":{"line":35,"column":9}},"8":{"start":{"line":7,"column":0},"end":{"line":7,"column":16}}},"fnMap":{"0":{"name":"securityHeaders","decl":{"start":{"line":7,"column":16},"end":{"line":7,"column":31}},"loc":{"start":{"line":10,"column":20},"end":{"line":36,"column":1}}}},"branchMap":{"0":{"loc":{"start":{"line":19,"column":2},"end":{"line":24,"column":null}},"type":"if","locations":[{"start":{"line":19,"column":2},"end":{"line":24,"column":null}}]}},"s":{"0":8,"1":8,"2":8,"3":0,"4":8,"5":8,"6":8,"7":8,"8":2},"f":{"0":8},"b":{"0":[0]}}
,"/Users/jesusramirezguerrero/dev/projects/personal/AI4Devs-lab-ides-2603-Sr_II/backend/src/presentation/controllers/candidateController.ts": {"path":"/Users/jesusramirezguerrero/dev/projects/personal/AI4Devs-lab-ides-2603-Sr_II/backend/src/presentation/controllers/candidateController.ts","statementMap":{"0":{"start":{"line":3,"column":0},"end":{"line":3,"column":79}},"1":{"start":{"line":6,"column":0},"end":{"line":6,"column":13}},"2":{"start":{"line":9,"column":2},"end":{"line":9,"column":14}},"3":{"start":{"line":18,"column":2},"end":{"line":30,"column":4}},"4":{"start":{"line":21,"column":22},"end":{"line":30,"column":4}},"5":{"start":{"line":24,"column":12},"end":{"line":24,"column":55}},"6":{"start":{"line":25,"column":19},"end":{"line":25,"column":null}},"7":{"start":{"line":25,"column":12},"end":{"line":25,"column":null}},"8":{"start":{"line":26,"column":6},"end":{"line":26,"column":52}},"9":{"start":{"line":28,"column":6},"end":{"line":28,"column":18}},"10":{"start":{"line":10,"column":4},"end":{"line":10,"column":57}},"11":{"start":{"line":31,"column":0},"end":{"line":31,"column":null}},"12":{"start":{"line":6,"column":13},"end":{"line":6,"column":32}}},"fnMap":{"0":{"name":"(anonymous_13)","decl":{"start":{"line":6,"column":0},"end":{"line":6,"column":13}},"loc":{"start":{"line":6,"column":0},"end":{"line":31,"column":null}}},"1":{"name":"CandidateController","decl":{"start":{"line":9,"column":2},"end":{"line":9,"column":14}},"loc":{"start":{"line":9,"column":34},"end":{"line":11,"column":3}}},"2":{"name":"(anonymous_15)","decl":{"start":{"line":18,"column":20},"end":{"line":18,"column":null}},"loc":{"start":{"line":21,"column":22},"end":{"line":30,"column":4}}},"3":{"name":"(anonymous_16)","decl":{"start":{"line":21,"column":22},"end":{"line":21,"column":null}},"loc":{"start":{"line":21,"column":22},"end":{"line":30,"column":4}}}},"branchMap":{},"s":{"0":2,"1":2,"2":2,"3":2,"4":4,"5":4,"6":4,"7":4,"8":2,"9":2,"10":2,"11":2,"12":2},"f":{"0":2,"1":2,"2":4,"3":4},"b":{}}
,"/Users/jesusramirezguerrero/dev/projects/personal/AI4Devs-lab-ides-2603-Sr_II/backend/src/presentation/controllers/uploadController.ts": {"path":"/Users/jesusramirezguerrero/dev/projects/personal/AI4Devs-lab-ides-2603-Sr_II/backend/src/presentation/controllers/uploadController.ts","statementMap":{"0":{"start":{"line":2,"column":0},"end":{"line":2,"column":70}},"1":{"start":{"line":3,"column":0},"end":{"line":3,"column":null}},"2":{"start":{"line":9,"column":0},"end":{"line":9,"column":13}},"3":{"start":{"line":12,"column":2},"end":{"line":12,"column":null}},"4":{"start":{"line":21,"column":2},"end":{"line":46,"column":4}},"5":{"start":{"line":24,"column":22},"end":{"line":46,"column":4}},"6":{"start":{"line":26,"column":4},"end":{"line":45,"column":null}},"7":{"start":{"line":27,"column":6},"end":{"line":31,"column":null}},"8":{"start":{"line":28,"column":8},"end":{"line":30,"column":11}},"9":{"start":{"line":33,"column":6},"end":{"line":35,"column":null}},"10":{"start":{"line":34,"column":8},"end":{"line":34,"column":62}},"11":{"start":{"line":37,"column":6},"end":{"line":39,"column":null}},"12":{"start":{"line":38,"column":8},"end":{"line":38,"column":80}},"13":{"start":{"line":41,"column":12},"end":{"line":41,"column":72}},"14":{"start":{"line":42,"column":6},"end":{"line":42,"column":66}},"15":{"start":{"line":44,"column":6},"end":{"line":44,"column":18}},"16":{"start":{"line":13,"column":4},"end":{"line":13,"column":55}},"17":{"start":{"line":47,"column":0},"end":{"line":47,"column":null}},"18":{"start":{"line":9,"column":13},"end":{"line":9,"column":29}}},"fnMap":{"0":{"name":"(anonymous_13)","decl":{"start":{"line":9,"column":0},"end":{"line":9,"column":13}},"loc":{"start":{"line":9,"column":0},"end":{"line":47,"column":null}}},"1":{"name":"UploadController","decl":{"start":{"line":12,"column":2},"end":{"line":12,"column":null}},"loc":{"start":{"line":12,"column":2},"end":{"line":14,"column":3}}},"2":{"name":"(anonymous_15)","decl":{"start":{"line":21,"column":15},"end":{"line":21,"column":null}},"loc":{"start":{"line":24,"column":22},"end":{"line":46,"column":4}}},"3":{"name":"(anonymous_16)","decl":{"start":{"line":24,"column":22},"end":{"line":24,"column":null}},"loc":{"start":{"line":24,"column":22},"end":{"line":46,"column":4}}}},"branchMap":{"0":{"loc":{"start":{"line":27,"column":6},"end":{"line":31,"column":null}},"type":"if","locations":[{"start":{"line":27,"column":6},"end":{"line":31,"column":null}}]},"1":{"loc":{"start":{"line":33,"column":6},"end":{"line":35,"column":null}},"type":"if","locations":[{"start":{"line":33,"column":6},"end":{"line":35,"column":null}}]},"2":{"loc":{"start":{"line":37,"column":6},"end":{"line":39,"column":null}},"type":"if","locations":[{"start":{"line":37,"column":6},"end":{"line":39,"column":null}}]}},"s":{"0":2,"1":2,"2":2,"3":2,"4":2,"5":2,"6":2,"7":2,"8":1,"9":1,"10":1,"11":0,"12":0,"13":0,"14":0,"15":2,"16":2,"17":2,"18":2},"f":{"0":2,"1":2,"2":2,"3":2},"b":{"0":[1],"1":[1],"2":[0]}}
,"/Users/jesusramirezguerrero/dev/projects/personal/AI4Devs-lab-ides-2603-Sr_II/backend/src/routes/candidateRoutes.ts": {"path":"/Users/jesusramirezguerrero/dev/projects/personal/AI4Devs-lab-ides-2603-Sr_II/backend/src/routes/candidateRoutes.ts","statementMap":{"0":{"start":{"line":1,"column":0},"end":{"line":1,"column":33}},"1":{"start":{"line":3,"column":0},"end":{"line":3,"column":86}},"2":{"start":{"line":6,"column":17},"end":{"line":6,"column":25}},"3":{"start":{"line":7,"column":30},"end":{"line":7,"column":61}},"4":{"start":{"line":13,"column":2},"end":{"line":13,"column":66}},"5":{"start":{"line":15,"column":2},"end":{"line":15,"column":16}},"6":{"start":{"line":5,"column":0},"end":{"line":5,"column":16}}},"fnMap":{"0":{"name":"createCandidateRoutes","decl":{"start":{"line":5,"column":16},"end":{"line":5,"column":37}},"loc":{"start":{"line":5,"column":58},"end":{"line":16,"column":1}}}},"branchMap":{},"s":{"0":2,"1":2,"2":2,"3":2,"4":2,"5":2,"6":2},"f":{"0":2},"b":{}}
,"/Users/jesusramirezguerrero/dev/projects/personal/AI4Devs-lab-ides-2603-Sr_II/backend/src/routes/uploadRoutes.ts": {"path":"/Users/jesusramirezguerrero/dev/projects/personal/AI4Devs-lab-ides-2603-Sr_II/backend/src/routes/uploadRoutes.ts","statementMap":{"0":{"start":{"line":1,"column":0},"end":{"line":1,"column":66}},"1":{"start":{"line":2,"column":0},"end":{"line":2,"column":28}},"2":{"start":{"line":3,"column":0},"end":{"line":3,"column":80}},"3":{"start":{"line":5,"column":15},"end":{"line":5,"column":23}},"4":{"start":{"line":6,"column":25},"end":{"line":6,"column":47}},"5":{"start":{"line":9,"column":15},"end":{"line":18,"column":2}},"6":{"start":{"line":16,"column":4},"end":{"line":16,"column":19}},"7":{"start":{"line":25,"column":0},"end":{"line":29,"column":2}},"8":{"start":{"line":31,"column":0},"end":{"line":31,"column":22}}},"fnMap":{"0":{"name":"(anonymous_1)","decl":{"start":{"line":14,"column":14},"end":{"line":14,"column":15}},"loc":{"start":{"line":14,"column":58},"end":{"line":17,"column":3}}}},"branchMap":{},"s":{"0":2,"1":2,"2":2,"3":2,"4":2,"5":2,"6":2,"7":2,"8":2},"f":{"0":2},"b":{}}
}
