TN:
SF:src/index.ts
FN:24,(anonymous_1)
FN:38,(anonymous_2)
FNF:2
FNH:1
FNDA:1,(anonymous_1)
FNDA:0,(anonymous_2)
DA:1,2
DA:2,2
DA:3,2
DA:5,2
DA:6,2
DA:7,2
DA:8,2
DA:10,2
DA:11,2
DA:13,2
DA:14,2
DA:16,2
DA:19,2
DA:22,2
DA:24,2
DA:25,1
DA:29,2
DA:30,2
DA:33,2
DA:37,2
DA:38,0
DA:39,0
DA:43,2
LF:23
LH:21
BRDA:37,0,0,0
BRF:1
BRH:0
end_of_record
TN:
SF:src/application/services/candidateService.ts
FN:13,(anonymous_16)
FN:17,CandidateService
FN:27,(anonymous_18)
FN:41,(anonymous_21)
FN:46,(anonymous_22)
FN:66,(anonymous_23)
FN:68,(anonymous_24)
FN:80,(anonymous_25)
FN:82,(anonymous_26)
FN:101,(anonymous_27)
FN:101,(anonymous_28)
FN:125,(anonymous_30)
FN:138,(anonymous_31)
FN:180,(anonymous_32)
FNF:14
FNH:11
FNDA:3,(anonymous_16)
FNDA:6,CandidateService
FNDA:8,(anonymous_18)
FNDA:6,(anonymous_21)
FNDA:6,(anonymous_22)
FNDA:6,(anonymous_23)
FNDA:0,(anonymous_24)
FNDA:6,(anonymous_25)
FNDA:0,(anonymous_26)
FNDA:6,(anonymous_27)
FNDA:6,(anonymous_28)
FNDA:4,(anonymous_30)
FNDA:4,(anonymous_31)
FNDA:0,(anonymous_32)
DA:2,3
DA:7,3
DA:11,3
DA:13,3
DA:18,6
DA:19,6
DA:27,3
DA:31,8
DA:41,6
DA:46,6
DA:55,8
DA:64,8
DA:65,8
DA:66,6
DA:67,6
DA:68,6
DA:69,0
DA:78,8
DA:79,8
DA:80,6
DA:81,6
DA:82,6
DA:83,0
DA:91,8
DA:96,8
DA:97,2
DA:101,6
DA:103,6
DA:107,6
DA:108,2
DA:112,4
DA:123,4
DA:124,8
DA:125,4
DA:136,4
DA:137,8
DA:138,4
DA:150,5
DA:151,2
DA:161,3
DA:165,3
DA:180,3
DA:181,0
DA:185,0
DA:187,0
DA:198,3
LF:46
LH:41
BRDA:36,0,0,6
BRDA:36,0,1,2
BRDA:37,1,0,6
BRDA:37,1,1,2
BRDA:38,2,0,3
BRDA:38,2,1,5
BRDA:41,3,0,2
BRDA:41,3,1,6
BRDA:41,4,0,8
BRDA:41,4,1,8
BRDA:46,5,0,2
BRDA:46,5,1,6
BRDA:46,6,0,8
BRDA:46,6,1,8
BRDA:65,7,0,6
BRDA:65,8,0,8
BRDA:65,8,1,6
BRDA:79,9,0,6
BRDA:79,10,0,8
BRDA:79,10,1,6
BRDA:96,11,0,2
BRDA:103,12,0,6
BRDA:103,12,1,3
BRDA:107,13,0,2
BRDA:117,14,0,4
BRDA:117,14,1,0
BRDA:118,15,0,4
BRDA:118,15,1,0
BRDA:123,16,0,0
BRDA:123,17,0,4
BRDA:123,17,1,4
BRDA:129,18,0,4
BRDA:129,18,1,0
BRDA:136,19,0,0
BRDA:136,20,0,4
BRDA:136,20,1,4
BRDA:143,21,0,4
BRDA:143,21,1,0
BRDA:150,22,0,2
BRDA:154,23,0,1
BRDA:154,23,1,0
BRDA:155,24,0,1
BRDA:155,24,1,0
BRDA:170,25,0,3
BRDA:170,25,1,0
BRDA:171,26,0,3
BRDA:171,26,1,0
BRDA:181,27,0,0
BRDA:185,28,0,0
BRDA:192,29,0,0
BRDA:192,29,1,0
BRDA:193,30,0,0
BRDA:193,30,1,0
BRF:53
BRH:37
end_of_record
TN:
SF:src/application/validators/candidateValidator.ts
FN:6,(anonymous_0)
FN:10,(anonymous_2)
FN:18,(anonymous_3)
FN:27,(anonymous_4)
FN:38,(anonymous_5)
FN:50,(anonymous_6)
FN:57,(anonymous_7)
FN:133,(anonymous_8)
FN:199,(anonymous_9)
FNF:9
FNH:9
FNDA:11,(anonymous_0)
FNDA:10,(anonymous_2)
FNDA:8,(anonymous_3)
FNDA:15,(anonymous_4)
FNDA:60,(anonymous_5)
FNDA:73,(anonymous_6)
FNDA:11,(anonymous_7)
FNDA:8,(anonymous_8)
FNDA:8,(anonymous_9)
DA:6,4
DA:10,4
DA:11,10
DA:12,10
DA:18,4
DA:20,8
DA:21,8
DA:27,4
DA:31,15
DA:32,15
DA:38,4
DA:43,60
DA:44,60
DA:50,4
DA:51,73
DA:57,4
DA:64,11
DA:67,11
DA:68,3
DA:72,8
DA:73,0
DA:80,11
DA:81,3
DA:85,8
DA:86,0
DA:93,11
DA:94,1
DA:98,10
DA:99,3
DA:106,11
DA:110,1
DA:117,11
DA:121,0
DA:127,11
DA:133,4
DA:139,8
DA:142,8
DA:143,0
DA:147,8
DA:148,0
DA:155,8
DA:156,0
DA:160,8
DA:161,0
DA:168,8
DA:169,8
DA:170,8
DA:172,8
DA:173,0
DA:177,8
DA:181,1
DA:187,0
DA:193,8
DA:199,4
DA:206,8
DA:209,8
DA:210,1
DA:214,7
DA:215,0
DA:222,8
DA:223,1
DA:227,7
DA:228,0
DA:235,8
DA:236,1
DA:240,7
DA:241,0
DA:248,8
DA:249,8
DA:250,8
DA:252,8
DA:253,1
DA:257,7
DA:261,0
DA:267,0
DA:273,8
DA:275,4
LF:77
LH:63
BRDA:31,0,0,0
BRDA:44,1,0,60
BRDA:44,1,1,60
BRDA:51,2,0,73
BRDA:51,2,1,73
BRDA:51,2,2,73
BRDA:67,3,0,3
BRDA:67,3,1,8
BRDA:72,4,0,0
BRDA:72,5,0,8
BRDA:72,5,1,8
BRDA:80,6,0,3
BRDA:80,6,1,8
BRDA:85,7,0,0
BRDA:85,8,0,8
BRDA:85,8,1,8
BRDA:93,9,0,1
BRDA:93,9,1,10
BRDA:98,10,0,3
BRDA:98,11,0,10
BRDA:98,11,1,10
BRDA:106,12,0,1
BRDA:107,13,0,11
BRDA:107,13,1,8
BRDA:117,14,0,0
BRDA:118,15,0,11
BRDA:118,15,1,7
BRDA:142,16,0,0
BRDA:142,16,1,8
BRDA:147,17,0,0
BRDA:147,18,0,8
BRDA:147,18,1,8
BRDA:155,19,0,0
BRDA:155,19,1,8
BRDA:160,20,0,0
BRDA:160,21,0,8
BRDA:160,21,1,8
BRDA:169,22,0,8
BRDA:169,22,1,0
BRDA:170,23,0,8
BRDA:170,23,1,0
BRDA:172,24,0,0
BRDA:172,24,1,8
BRDA:177,25,0,1
BRDA:178,26,0,8
BRDA:178,26,1,8
BRDA:209,27,0,1
BRDA:209,27,1,7
BRDA:214,28,0,0
BRDA:214,29,0,7
BRDA:214,29,1,7
BRDA:222,30,0,1
BRDA:222,30,1,7
BRDA:227,31,0,0
BRDA:227,32,0,7
BRDA:227,32,1,7
BRDA:235,33,0,1
BRDA:235,33,1,7
BRDA:240,34,0,0
BRDA:240,35,0,7
BRDA:240,35,1,7
BRDA:249,36,0,8
BRDA:249,36,1,0
BRDA:250,37,0,7
BRDA:250,37,1,1
BRDA:252,38,0,1
BRDA:252,38,1,7
BRDA:257,39,0,0
BRDA:258,40,0,7
BRDA:258,40,1,7
BRF:70
BRH:54
end_of_record
TN:
SF:src/domain/errors/index.ts
FN:4,(anonymous_6)
FN:9,DomainError
FN:28,(anonymous_8)
FN:29,ValidationError
FN:40,(anonymous_10)
FN:41,DuplicateEmailError
FN:55,(anonymous_12)
FN:56,FileTooLargeError
FN:68,(anonymous_14)
FN:69,UnsupportedFileTypeError
FN:83,(anonymous_16)
FN:84,NotFoundError
FNF:12
FNH:10
FNDA:3,(anonymous_6)
FNDA:6,DomainError
FNDA:3,(anonymous_8)
FNDA:3,ValidationError
FNDA:3,(anonymous_10)
FNDA:2,DuplicateEmailError
FNDA:3,(anonymous_12)
FNDA:0,FileTooLargeError
FNDA:3,(anonymous_14)
FNDA:1,UnsupportedFileTypeError
FNDA:3,(anonymous_16)
FNDA:0,NotFoundError
DA:4,3
DA:15,6
DA:16,6
DA:17,6
DA:18,6
DA:19,6
DA:21,6
DA:23,3
DA:28,3
DA:33,3
DA:35,3
DA:40,3
DA:42,2
DA:50,3
DA:55,3
DA:57,0
DA:63,3
DA:68,3
DA:70,1
DA:78,3
DA:83,3
DA:85,0
DA:91,3
LF:23
LH:21
BRDA:15,0,0,6
BRDA:15,0,1,0
BRDA:33,1,0,3
BRDA:33,1,1,0
BRDA:42,2,0,2
BRDA:42,2,1,0
BRDA:43,3,0,2
BRDA:43,3,1,0
BRDA:57,4,0,0
BRDA:57,4,1,0
BRDA:70,5,0,1
BRDA:70,5,1,0
BRDA:71,6,0,1
BRDA:71,6,1,0
BRDA:85,7,0,0
BRDA:85,7,1,0
BRDA:86,8,0,0
BRDA:86,8,1,0
BRF:18
BRH:6
end_of_record
TN:
SF:src/infrastructure/fileStorage.ts
FN:13,(anonymous_1)
FN:18,FileStorageService
FN:30,(anonymous_3)
FN:39,(anonymous_4)
FN:47,(anonymous_5)
FN:58,(anonymous_6)
FN:93,(anonymous_7)
FN:112,(anonymous_8)
FN:119,(anonymous_9)
FN:126,(anonymous_10)
FNF:10
FNH:4
FNDA:2,(anonymous_1)
FNDA:2,FileStorageService
FNDA:2,(anonymous_3)
FNDA:0,(anonymous_4)
FNDA:1,(anonymous_5)
FNDA:0,(anonymous_6)
FNDA:0,(anonymous_7)
FNDA:0,(anonymous_8)
FNDA:0,(anonymous_9)
FNDA:0,(anonymous_10)
DA:1,2
DA:2,2
DA:4,2
DA:5,2
DA:13,2
DA:19,2
DA:20,2
DA:21,2
DA:27,2
DA:30,2
DA:31,2
DA:32,0
DA:39,2
DA:40,0
DA:41,0
DA:47,2
DA:51,1
DA:52,1
DA:58,2
DA:59,0
DA:60,0
DA:63,0
DA:64,0
DA:68,0
DA:69,0
DA:70,0
DA:71,0
DA:74,0
DA:75,0
DA:76,0
DA:78,0
DA:81,0
DA:83,0
DA:93,2
DA:94,0
DA:97,0
DA:98,0
DA:100,0
DA:101,0
DA:104,0
DA:105,0
DA:112,2
DA:113,0
DA:119,2
DA:120,0
DA:126,2
DA:127,0
DA:129,2
LF:48
LH:21
BRDA:19,0,0,2
BRDA:19,0,1,2
BRDA:20,1,0,2
BRDA:20,1,1,2
BRDA:22,2,0,2
BRDA:22,2,1,2
BRDA:31,3,0,0
BRDA:40,4,0,0
BRDA:40,4,1,0
BRDA:51,5,0,1
BRDA:51,5,1,1
BRDA:59,6,0,0
BRDA:63,7,0,0
BRDA:76,8,0,0
BRDA:76,9,0,0
BRDA:76,9,1,0
BRDA:100,10,0,0
BRDA:104,11,0,0
BRF:18
BRH:8
end_of_record
TN:
SF:src/infrastructure/security.ts
FN:7,sanitizeString
FN:18,sanitizePath
FN:28,sanitizePayload
FN:36,(anonymous_4)
FNF:4
FNH:2
FNDA:66,sanitizeString
FNDA:3,sanitizePath
FNDA:0,sanitizePayload
FNDA:0,(anonymous_4)
DA:1,3
DA:7,3
DA:8,66
DA:18,3
DA:20,3
DA:22,3
DA:28,3
DA:31,0
DA:32,0
DA:33,0
DA:34,0
DA:35,0
DA:36,0
DA:37,0
DA:41,0
DA:42,0
DA:45,0
LF:17
LH:7
BRDA:33,0,0,0
BRDA:33,0,1,0
BRDA:35,1,0,0
BRDA:35,1,1,0
BRDA:37,2,0,0
BRDA:37,2,1,0
BRDA:37,3,0,0
BRDA:37,3,1,0
BRDA:41,4,0,0
BRDA:41,5,0,0
BRDA:41,5,1,0
BRF:11
BRH:0
end_of_record
TN:
SF:src/middleware/errorHandler.ts
FNF:0
FNH:0
DA:2,2
DA:3,2
DA:18,2
DA:24,5
DA:25,4
DA:33,4
DA:34,4
DA:38,1
DA:39,1
DA:40,1
DA:47,1
DA:48,1
DA:53,0
DA:54,0
DA:61,0
LF:15
LH:12
BRDA:24,0,0,4
BRDA:30,1,0,2
BRDA:30,1,1,2
BRDA:38,2,0,1
BRDA:39,3,0,1
BRF:5
BRH:5
end_of_record
TN:
SF:src/middleware/securityHeaders.ts
FN:7,securityHeaders
FNF:1
FNH:1
FNDA:8,securityHeaders
DA:7,2
DA:13,8
DA:16,8
DA:19,8
DA:20,0
DA:27,8
DA:30,8
DA:33,8
DA:35,8
LF:9
LH:8
BRDA:19,0,0,0
BRF:1
BRH:0
end_of_record
TN:
SF:src/presentation/controllers/candidateController.ts
FN:6,(anonymous_13)
FN:9,CandidateController
FN:18,(anonymous_15)
FN:21,(anonymous_16)
FNF:4
FNH:4
FNDA:2,(anonymous_13)
FNDA:2,CandidateController
FNDA:4,(anonymous_15)
FNDA:4,(anonymous_16)
DA:3,2
DA:6,2
DA:9,2
DA:10,2
DA:18,2
DA:21,4
DA:24,4
DA:25,4
DA:26,2
DA:28,2
DA:31,2
LF:11
LH:11
BRF:0
BRH:0
end_of_record
TN:
SF:src/presentation/controllers/uploadController.ts
FN:9,(anonymous_13)
FN:12,UploadController
FN:21,(anonymous_15)
FN:24,(anonymous_16)
FNF:4
FNH:4
FNDA:2,(anonymous_13)
FNDA:2,UploadController
FNDA:2,(anonymous_15)
FNDA:2,(anonymous_16)
DA:2,2
DA:3,2
DA:9,2
DA:12,2
DA:13,2
DA:21,2
DA:24,2
DA:26,2
DA:27,2
DA:28,1
DA:33,1
DA:34,1
DA:37,0
DA:38,0
DA:41,0
DA:42,0
DA:44,2
DA:47,2
LF:18
LH:14
BRDA:27,0,0,1
BRDA:33,1,0,1
BRDA:37,2,0,0
BRF:3
BRH:2
end_of_record
TN:
SF:src/routes/candidateRoutes.ts
FN:5,createCandidateRoutes
FNF:1
FNH:1
FNDA:2,createCandidateRoutes
DA:1,2
DA:3,2
DA:5,2
DA:6,2
DA:7,2
DA:13,2
DA:15,2
LF:7
LH:7
BRF:0
BRH:0
end_of_record
TN:
SF:src/routes/uploadRoutes.ts
FN:14,(anonymous_1)
FNF:1
FNH:1
FNDA:2,(anonymous_1)
DA:1,2
DA:2,2
DA:3,2
DA:5,2
DA:6,2
DA:9,2
DA:16,2
DA:25,2
DA:31,2
LF:9
LH:9
BRF:0
BRH:0
end_of_record
